[2026-03-24T02:52:21.578Z] INFO: 🚀 Server running on http://localhost:5001
[2026-03-24T02:52:21.579Z] INFO: 📦 Environment: development
[2026-03-24T02:52:21.579Z] INFO: 📝 API Docs:    http://localhost:5001/api
[2026-03-24T02:52:21.580Z] INFO: 💾 Database:    bgv_platform
[2026-03-24T02:52:21.580Z] INFO: 👤 DB User:     postgres
[2026-03-24T02:53:28.027Z] DEBUG: 📥 GET /api/tenants [object Object]
[2026-03-24T02:53:28.030Z] WARN: GET /api/tenants 401 - 3ms
[2026-03-24T02:54:28.673Z] DEBUG: 📥 POST /api/auth/login [object Object]
[2026-03-24T02:54:28.675Z] DEBUG: 📝 SQL: SELECT * FROM users WHERE email = $1...
[2026-03-24T02:54:28.727Z] INFO: ✅ Database connected
[2026-03-24T02:54:28.807Z] DEBUG: 📝 SQL: INSERT INTO refresh_tokens (user_id, token, expires_at)
       VALUES ($1, $2, NOW() + INTERVAL '7 days')...
[2026-03-24T02:54:28.816Z] INFO: POST /api/auth/login 200 - 143ms
[2026-03-24T02:55:06.894Z] DEBUG: 📥 GET /api/tenants [object Object]
[2026-03-24T02:55:06.896Z] WARN: ⚠️ No tenant found in user object
[2026-03-24T02:55:06.897Z] WARN: GET /api/tenants 403 - 1ms
[2026-03-24T02:55:20.847Z] WARN: GET /api/health 401 - 1ms
[2026-03-24T02:55:44.733Z] DEBUG: 📥 POST /api/verifications/pan [object Object]
[2026-03-24T02:55:44.733Z] WARN: ⚠️ No tenant found in user object
[2026-03-24T02:55:44.734Z] WARN: POST /api/verifications/pan 403 - 1ms
[2026-03-24T02:55:52.475Z] DEBUG: 📥 GET /api/verifications [object Object]
[2026-03-24T02:55:52.475Z] WARN: ⚠️ No tenant found in user object
[2026-03-24T02:55:52.476Z] WARN: GET /api/verifications 403 - 1ms
[2026-03-24T03:11:58.355Z] INFO: 🚀 Server running on http://localhost:5001
[2026-03-24T03:11:58.356Z] INFO: 📦 Environment: development
[2026-03-24T03:11:58.358Z] INFO: 📝 API Docs:    http://localhost:5001/api
[2026-03-24T03:11:58.358Z] INFO: 💾 Database:    bgv_platform
[2026-03-24T03:11:58.359Z] INFO: 👤 DB User:     postgres
[2026-03-24T03:14:01.586Z] DEBUG: 📥 POST /api/auth/login [object Object]
[2026-03-24T03:14:01.588Z] DEBUG: 📝 SQL: SELECT * FROM users WHERE email = $1...
[2026-03-24T03:14:01.652Z] INFO: ✅ Database connected
[2026-03-24T03:14:01.712Z] DEBUG: 📝 SQL: INSERT INTO refresh_tokens (user_id, token, expires_at)
       VALUES ($1, $2, NOW() + INTERVAL '7 days')...
[2026-03-24T03:14:01.719Z] INFO: POST /api/auth/login 200 - 131ms
[2026-03-24T03:14:45.677Z] DEBUG: 📥 GET /api/tenants [object Object]
[2026-03-24T03:14:45.678Z] WARN: ⚠️ No tenant found in user object
[2026-03-24T03:14:45.679Z] WARN: GET /api/tenants 403 - 2ms
[2026-03-24T03:43:58.358Z] INFO: 🚀 Server running on http://localhost:5001
[2026-03-24T03:43:58.359Z] INFO: 📦 Environment: development
[2026-03-24T03:43:58.360Z] INFO: 📝 API Docs:    http://localhost:5001/api
[2026-03-24T03:43:58.360Z] INFO: 💾 Database:    bgv_platform
[2026-03-24T03:43:58.360Z] INFO: 👤 DB User:     postgres
[2026-03-24T03:44:53.732Z] DEBUG: 📥 POST /api/auth/login [object Object]
[2026-03-24T03:44:53.734Z] DEBUG: 📝 SQL: SELECT * FROM users WHERE email = $1...
[2026-03-24T03:44:53.770Z] INFO: ✅ Database connected
[2026-03-24T03:44:53.831Z] DEBUG: 📝 SQL: INSERT INTO refresh_tokens (user_id, token, expires_at)
       VALUES ($1, $2, NOW() + INTERVAL '7 days')...
[2026-03-24T03:44:53.843Z] INFO: POST /api/auth/login 200 - 111ms
[2026-03-24T03:45:13.974Z] DEBUG: 📥 GET /api/tenants [object Object]
[2026-03-24T03:45:13.976Z] WARN: ⚠️ No tenant found in user object
[2026-03-24T03:45:13.976Z] WARN: GET /api/tenants 403 - 2ms
[2026-03-24T04:44:41.851Z] INFO: 🚀 Server running on http://localhost:5001
[2026-03-24T04:44:41.852Z] INFO: 📦 Environment: development
[2026-03-24T04:44:41.853Z] INFO: 📝 API Docs:    http://localhost:5001/api
[2026-03-24T04:44:41.853Z] INFO: 💾 Database:    bgv_platform
[2026-03-24T04:44:41.853Z] INFO: 👤 DB User:     postgres
[2026-03-24T04:44:55.677Z] DEBUG: 📥 POST /api/auth/login [object Object]
[2026-03-24T04:44:55.679Z] DEBUG: 📝 SQL: SELECT * FROM users WHERE email = $1...
[2026-03-24T04:44:55.711Z] INFO: ✅ Database connected
[2026-03-24T04:44:55.766Z] DEBUG: 📝 SQL: INSERT INTO refresh_tokens (user_id, token, expires_at)
       VALUES ($1, $2, NOW() + INTERVAL '7 days')...
[2026-03-24T04:44:55.772Z] INFO: POST /api/auth/login 200 - 95ms
[2026-03-24T04:45:15.495Z] DEBUG: 📥 GET /api/tenants [object Object]
[2026-03-24T04:45:15.496Z] DEBUG: 🔒 Tenant isolation: 57cab5a9-3c1f-428e-9b80-34d3ca27ad3b
[2026-03-24T04:45:15.497Z] DEBUG: 📝 SQL: SELECT * FROM tenants WHERE is_active = true...
[2026-03-24T04:45:15.520Z] INFO: ✅ Database connected
[2026-03-24T04:45:15.522Z] INFO: GET /api/tenants 200 - 27ms
[2026-03-24T04:45:34.410Z] DEBUG: 📥 POST /api/verifications/pan [object Object]
[2026-03-24T04:45:34.411Z] DEBUG: 🔒 Tenant isolation: 57cab5a9-3c1f-428e-9b80-34d3ca27ad3b
[2026-03-24T04:45:34.411Z] DEBUG: 📝 SQL: 
      INSERT INTO verification_requests
      (document_type, document_number, full_name, dob, client_id, api_status)
      VALUES ($1,$2,$3,$4,$5::uuid,'pending')
      RETURNING *
    ...
[2026-03-24T04:45:34.433Z] INFO: ✅ Database connected
[2026-03-24T04:45:34.441Z] INFO: POST /api/verifications/pan 201 - 31ms
[2026-03-24T04:45:46.554Z] WARN: GET /api/health 401 - 1ms
[2026-03-24T04:57:51.429Z] INFO: 🚀 Server running on http://localhost:5001
[2026-03-24T04:57:51.430Z] INFO: 📦 Environment: development
[2026-03-24T04:57:51.430Z] INFO: 📝 API Docs:    http://localhost:5001/api
[2026-03-24T04:57:51.430Z] INFO: 💾 Database:    bgv_platform
[2026-03-24T04:57:51.431Z] INFO: 👤 DB User:     postgres
[2026-03-24T04:58:16.100Z] DEBUG: 📥 POST /api/auth/login [object Object]
[2026-03-24T04:58:16.102Z] DEBUG: 📝 SQL: SELECT * FROM users WHERE email = $1...
[2026-03-24T04:58:16.136Z] INFO: ✅ Database connected
[2026-03-24T04:58:16.193Z] DEBUG: 📝 SQL: INSERT INTO refresh_tokens (user_id, token, expires_at)
       VALUES ($1, $2, NOW() + INTERVAL '7 days')...
[2026-03-24T04:58:16.199Z] INFO: POST /api/auth/login 200 - 99ms
[2026-03-24T04:58:35.204Z] DEBUG: 📥 GET /api/tenants [object Object]
[2026-03-24T04:58:35.206Z] DEBUG: 🔒 Tenant isolation: 57cab5a9-3c1f-428e-9b80-34d3ca27ad3b
[2026-03-24T04:58:35.207Z] DEBUG: 📝 SQL: SELECT * FROM tenants WHERE is_active = true...
[2026-03-24T04:58:35.238Z] INFO: ✅ Database connected
[2026-03-24T04:58:35.242Z] INFO: GET /api/tenants 200 - 37ms
[2026-03-24T04:58:41.856Z] INFO: GET /api/health 200 - 1ms
[2026-03-24T04:58:53.611Z] DEBUG: 📥 POST /api/verifications/pan [object Object]
[2026-03-24T04:58:53.612Z] DEBUG: 🔒 Tenant isolation: 57cab5a9-3c1f-428e-9b80-34d3ca27ad3b
[2026-03-24T04:58:53.613Z] ERROR: 404 - Not Found - /api/verifications/pan
[2026-03-24T04:58:53.614Z] WARN: POST /api/verifications/pan 404 - 2ms
[2026-03-24T04:59:49.591Z] DEBUG: 📥 GET /api/verifications [object Object]
[2026-03-24T04:59:49.591Z] DEBUG: 🔒 Tenant isolation: 57cab5a9-3c1f-428e-9b80-34d3ca27ad3b
[2026-03-24T04:59:49.592Z] ERROR: 404 - Not Found - /api/verifications
[2026-03-24T04:59:49.593Z] WARN: GET /api/verifications 404 - 2ms
[2026-03-24T05:02:41.157Z] DEBUG: 📥 POST /api/verification/pan [object Object]
[2026-03-24T05:02:41.157Z] DEBUG: 🔒 Tenant isolation: 57cab5a9-3c1f-428e-9b80-34d3ca27ad3b
[2026-03-24T05:02:41.158Z] DEBUG: 📝 SQL: 
      INSERT INTO verification_requests
      (document_type, document_number, full_name, dob, client_id, api_status)
      VALUES ($1,$2,$3,$4,$5::uuid,'pending')
      RETURNING *
    ...
[2026-03-24T05:02:41.185Z] INFO: ✅ Database connected
[2026-03-24T05:02:41.195Z] INFO: POST /api/verification/pan 201 - 38ms
[2026-03-24T05:04:08.276Z] INFO: 🚀 Server running on http://localhost:5001
[2026-03-24T05:04:08.276Z] INFO: 📦 Environment: development
[2026-03-24T05:04:08.277Z] INFO: 📝 API Docs:    http://localhost:5001/api
[2026-03-24T05:04:08.277Z] INFO: 💾 Database:    bgv_platform
[2026-03-24T05:04:08.278Z] INFO: 👤 DB User:     postgres
[2026-03-24T05:04:25.789Z] DEBUG: 📥 POST /api/auth/login [object Object]
[2026-03-24T05:04:25.791Z] DEBUG: 📝 SQL: SELECT * FROM users WHERE email = $1...
[2026-03-24T05:04:25.826Z] INFO: ✅ Database connected
[2026-03-24T05:04:25.883Z] DEBUG: 📝 SQL: INSERT INTO refresh_tokens (user_id, token, expires_at)
       VALUES ($1, $2, NOW() + INTERVAL '7 days')...
[2026-03-24T05:04:25.900Z] INFO: POST /api/auth/login 200 - 111ms
[2026-03-24T05:04:39.973Z] DEBUG: 📥 GET /api/tenants [object Object]
[2026-03-24T05:04:39.975Z] DEBUG: 🔒 Tenant isolation: 57cab5a9-3c1f-428e-9b80-34d3ca27ad3b
[2026-03-24T05:04:39.975Z] DEBUG: 📝 SQL: SELECT * FROM tenants WHERE is_active = true...
[2026-03-24T05:04:40.011Z] INFO: ✅ Database connected
[2026-03-24T05:04:40.015Z] INFO: GET /api/tenants 200 - 40ms
[2026-03-24T05:04:47.786Z] INFO: GET /api/health 200 - 1ms
[2026-03-24T05:05:04.899Z] DEBUG: 📥 POST /api/verifications/pan [object Object]
[2026-03-24T05:05:04.899Z] DEBUG: 🔒 Tenant isolation: 57cab5a9-3c1f-428e-9b80-34d3ca27ad3b
[2026-03-24T05:05:04.900Z] ERROR: 404 - Not Found - /api/verifications/pan
[2026-03-24T05:05:04.901Z] WARN: POST /api/verifications/pan 404 - 2ms
[2026-03-24T05:05:45.549Z] DEBUG: 📥 POST /api/verification/pan [object Object]
[2026-03-24T05:05:45.549Z] DEBUG: 🔒 Tenant isolation: 57cab5a9-3c1f-428e-9b80-34d3ca27ad3b
[2026-03-24T05:05:45.550Z] DEBUG: 📝 SQL: 
      INSERT INTO verification_requests
      (document_type, document_number, full_name, dob, client_id, api_status)
      VALUES ($1,$2,$3,$4,$5::uuid,'pending')
      RETURNING *
    ...
[2026-03-24T05:05:45.573Z] INFO: ✅ Database connected
[2026-03-24T05:05:45.578Z] INFO: POST /api/verification/pan 201 - 29ms
[2026-03-24T05:06:09.386Z] DEBUG: 📥 GET /api/verifications [object Object]
[2026-03-24T05:06:09.387Z] DEBUG: 🔒 Tenant isolation: 57cab5a9-3c1f-428e-9b80-34d3ca27ad3b
[2026-03-24T05:06:09.387Z] ERROR: 404 - Not Found - /api/verifications
[2026-03-24T05:06:09.388Z] WARN: GET /api/verifications 404 - 1ms
[2026-03-24T05:08:18.934Z] INFO: 🚀 Server running on http://localhost:5001
[2026-03-24T05:08:18.935Z] INFO: 📦 Environment: development
[2026-03-24T05:08:18.935Z] INFO: 📝 API Docs:    http://localhost:5001/api
[2026-03-24T05:08:18.935Z] INFO: 💾 Database:    bgv_platform
[2026-03-24T05:08:18.935Z] INFO: 👤 DB User:     postgres
[2026-03-24T05:08:37.141Z] DEBUG: 📥 POST /api/auth/login [object Object]
[2026-03-24T05:08:37.143Z] DEBUG: 📝 SQL: SELECT * FROM users WHERE email = $1...
[2026-03-24T05:08:37.177Z] INFO: ✅ Database connected
[2026-03-24T05:08:37.231Z] DEBUG: 📝 SQL: INSERT INTO refresh_tokens (user_id, token, expires_at)
       VALUES ($1, $2, NOW() + INTERVAL '7 days')...
[2026-03-24T05:08:37.243Z] INFO: POST /api/auth/login 200 - 101ms
[2026-03-24T05:08:52.874Z] DEBUG: 📥 GET /api/tenants [object Object]
[2026-03-24T05:08:52.876Z] DEBUG: 🔒 Tenant isolation: 57cab5a9-3c1f-428e-9b80-34d3ca27ad3b
[2026-03-24T05:08:52.877Z] DEBUG: 📝 SQL: SELECT * FROM tenants WHERE is_active = true...
[2026-03-24T05:08:52.899Z] INFO: ✅ Database connected
[2026-03-24T05:08:52.902Z] INFO: GET /api/tenants 200 - 27ms
[2026-03-24T05:09:04.791Z] DEBUG: 📥 POST /api/verifications/pan [object Object]
[2026-03-24T05:09:04.791Z] DEBUG: 🔒 Tenant isolation: 57cab5a9-3c1f-428e-9b80-34d3ca27ad3b
[2026-03-24T05:09:04.792Z] ERROR: 404 - Not Found - /api/verifications/pan
[2026-03-24T05:09:04.793Z] WARN: POST /api/verifications/pan 404 - 2ms
[2026-03-24T05:09:21.969Z] DEBUG: 📥 GET /api/verification [object Object]
[2026-03-24T05:09:21.970Z] DEBUG: 🔒 Tenant isolation: 57cab5a9-3c1f-428e-9b80-34d3ca27ad3b
[2026-03-24T05:09:21.971Z] INFO: GET /api/verification 200 - 2ms
[2026-03-24T05:09:32.846Z] DEBUG: 📥 GET /api/verification [object Object]
[2026-03-24T05:09:32.847Z] DEBUG: 🔒 Tenant isolation: 57cab5a9-3c1f-428e-9b80-34d3ca27ad3b
[2026-03-24T05:09:32.848Z] INFO: GET /api/verification 200 - 2ms
[2026-03-24T05:09:52.606Z] DEBUG: 📥 GET /api/verifications [object Object]
[2026-03-24T05:09:52.607Z] DEBUG: 🔒 Tenant isolation: 57cab5a9-3c1f-428e-9b80-34d3ca27ad3b
[2026-03-24T05:09:52.607Z] ERROR: 404 - Not Found - /api/verifications
[2026-03-24T05:09:52.608Z] WARN: GET /api/verifications 404 - 2ms
[2026-03-24T12:24:05.854Z] INFO: 🚀 Server running on http://localhost:5001
[2026-03-24T12:24:05.855Z] INFO: 📦 Environment: development
[2026-03-24T12:24:05.855Z] INFO: 📝 API Docs:    http://localhost:5001/api
[2026-03-24T12:24:05.855Z] INFO: 💾 Database:    bgv_platform
[2026-03-24T12:24:05.856Z] INFO: 👤 DB User:     postgres
[2026-03-24T12:24:29.056Z] INFO: GET /health 200 - 3ms
[2026-03-24T12:24:37.746Z] INFO: GET /api/health 200 - 1ms
[2026-03-24T12:24:45.549Z] INFO: GET /api/health 200 - 1ms
[2026-03-24T12:24:54.802Z] DEBUG: 📥 POST /api/auth/login [object Object]
[2026-03-24T12:24:54.804Z] DEBUG: 📝 SQL: SELECT * FROM users WHERE email = $1...
[2026-03-24T12:24:54.867Z] INFO: ✅ Database connected
[2026-03-24T12:24:54.927Z] DEBUG: 📝 SQL: INSERT INTO refresh_tokens (user_id, token, expires_at)
       VALUES ($1, $2, NOW() + INTERVAL '7 days')...
[2026-03-24T12:24:54.940Z] INFO: POST /api/auth/login 200 - 138ms
[2026-03-24T12:25:36.910Z] DEBUG: 📥 POST /api/auth/refresh [object Object]
[2026-03-24T12:25:36.913Z] DEBUG: 📝 SQL: SELECT * FROM refresh_tokens WHERE token = $1...
[2026-03-24T12:25:36.936Z] INFO: ✅ Database connected
[2026-03-24T12:25:36.945Z] DEBUG: 📝 SQL: SELECT * FROM users 
       WHERE id = $1 AND tenant_id = $2...
[2026-03-24T12:25:36.948Z] WARN: POST /api/auth/refresh 403 - 36ms
[2026-03-24T12:31:56.903Z] INFO: 🚀 Server running on http://localhost:5001
[2026-03-24T12:31:56.904Z] INFO: 📦 Environment: development
[2026-03-24T12:31:56.904Z] INFO: 📝 API Docs:    http://localhost:5001/api
[2026-03-24T12:31:56.905Z] INFO: 💾 Database:    bgv_platform
[2026-03-24T12:31:56.905Z] INFO: 👤 DB User:     postgres
[2026-03-24T12:34:50.791Z] DEBUG: 📥 POST /api/auth/login [object Object]
[2026-03-24T12:34:50.794Z] DEBUG: 📝 SQL: SELECT * FROM users WHERE email = $1...
[2026-03-24T12:34:50.828Z] INFO: ✅ Database connected
[2026-03-24T12:34:50.885Z] DEBUG: 📝 SQL: INSERT INTO refresh_tokens (user_id, token, expires_at)
       VALUES ($1, $2, NOW() + INTERVAL '7 days')...
[2026-03-24T12:34:50.891Z] INFO: POST /api/auth/login 200 - 100ms
[2026-03-24T12:37:03.052Z] DEBUG: 📥 POST /api/auth/login [object Object]
[2026-03-24T12:37:03.053Z] DEBUG: 📝 SQL: SELECT * FROM users WHERE email = $1...
[2026-03-24T12:37:03.077Z] INFO: ✅ Database connected
[2026-03-24T12:37:03.130Z] DEBUG: 📝 SQL: INSERT INTO refresh_tokens (user_id, token, expires_at)
       VALUES ($1, $2, NOW() + INTERVAL '7 days')...
[2026-03-24T12:37:03.134Z] INFO: POST /api/auth/login 200 - 81ms
[2026-03-24T12:37:08.279Z] DEBUG: 📥 POST /api/auth/refresh [object Object]
[2026-03-24T12:37:08.280Z] DEBUG: 📝 SQL: SELECT * FROM refresh_tokens WHERE token = $1...
[2026-03-24T12:37:08.282Z] DEBUG: 📝 SQL: SELECT * FROM users 
       WHERE id = $1 AND tenant_id = $2...
[2026-03-24T12:37:08.283Z] WARN: POST /api/auth/refresh 403 - 4ms
[2026-03-24T12:38:13.696Z] INFO: 🚀 Server running on http://localhost:5001
[2026-03-24T12:38:13.696Z] INFO: 📦 Environment: development
[2026-03-24T12:38:13.697Z] INFO: 📝 API Docs:    http://localhost:5001/api
[2026-03-24T12:38:13.697Z] INFO: 💾 Database:    bgv_platform
[2026-03-24T12:38:13.697Z] INFO: 👤 DB User:     postgres
[2026-03-24T12:38:26.206Z] DEBUG: 📥 POST /api/auth/login [object Object]
[2026-03-24T12:38:26.208Z] DEBUG: 📝 SQL: SELECT * FROM users WHERE email = $1...
[2026-03-24T12:38:26.356Z] INFO: ✅ Database connected
[2026-03-24T12:38:26.412Z] DEBUG: 📝 SQL: INSERT INTO refresh_tokens (user_id, token, expires_at)
       VALUES ($1, $2, NOW() + INTERVAL '7 days')...
[2026-03-24T12:38:26.423Z] INFO: POST /api/auth/login 200 - 217ms
[2026-03-24T12:38:31.117Z] DEBUG: 📥 POST /api/auth/refresh [object Object]
[2026-03-24T12:38:31.119Z] DEBUG: 📝 SQL: SELECT * FROM refresh_tokens WHERE token = $1...
[2026-03-24T12:38:31.120Z] DEBUG: 📝 SQL: SELECT * FROM users WHERE id = $1...
[2026-03-24T12:38:31.122Z] INFO: POST /api/auth/refresh 200 - 4ms
[2026-03-24T12:39:52.332Z] DEBUG: 📥 GET /api/tenants [object Object]
[2026-03-24T12:39:52.333Z] DEBUG: 🔒 Tenant isolation: 57cab5a9-3c1f-428e-9b80-34d3ca27ad3b
[2026-03-24T12:39:52.334Z] DEBUG: 📝 SQL: SELECT * FROM tenants WHERE is_active = true...
[2026-03-24T12:39:52.356Z] INFO: ✅ Database connected
[2026-03-24T12:39:52.360Z] INFO: GET /api/tenants 200 - 27ms
[2026-03-24T12:39:52.366Z] DEBUG: 📥 POST /api/verifications/pan [object Object]
[2026-03-24T12:39:52.367Z] DEBUG: 🔒 Tenant isolation: 57cab5a9-3c1f-428e-9b80-34d3ca27ad3b
[2026-03-24T12:39:52.367Z] ERROR: 404 - Route Not Found - /api/verifications/pan
[2026-03-24T12:39:52.368Z] WARN: POST /api/verifications/pan 404 - 2ms
[2026-03-24T12:39:52.408Z] DEBUG: 📥 POST /api/verifications/aadhaar [object Object]
[2026-03-24T12:39:52.409Z] DEBUG: 🔒 Tenant isolation: 57cab5a9-3c1f-428e-9b80-34d3ca27ad3b
[2026-03-24T12:39:52.409Z] ERROR: 404 - Route Not Found - /api/verifications/aadhaar
[2026-03-24T12:39:52.410Z] WARN: POST /api/verifications/aadhaar 404 - 2ms
[2026-03-24T12:39:52.412Z] DEBUG: 📥 POST /api/verifications/gstin [object Object]
[2026-03-24T12:39:52.412Z] DEBUG: 🔒 Tenant isolation: 57cab5a9-3c1f-428e-9b80-34d3ca27ad3b
[2026-03-24T12:39:52.413Z] ERROR: 404 - Route Not Found - /api/verifications/gstin
[2026-03-24T12:39:52.414Z] WARN: POST /api/verifications/gstin 404 - 2ms
[2026-03-24T12:39:52.417Z] DEBUG: 📥 POST /api/verifications/retry/ [object Object]
[2026-03-24T12:39:52.417Z] DEBUG: 🔒 Tenant isolation: 57cab5a9-3c1f-428e-9b80-34d3ca27ad3b
[2026-03-24T12:39:52.417Z] ERROR: 404 - Route Not Found - /api/verifications/retry/
[2026-03-24T12:39:52.418Z] WARN: POST /api/verifications/retry/ 404 - 1ms
[2026-03-24T12:39:52.421Z] DEBUG: 📥 POST /api/auth/logout [object Object]
[2026-03-24T12:39:52.422Z] DEBUG: 📝 SQL: DELETE FROM refresh_tokens WHERE token = $1...
[2026-03-24T12:39:52.425Z] INFO: POST /api/auth/logout 200 - 4ms
[2026-03-24T12:39:52.427Z] DEBUG: 📥 POST /api/auth/refresh [object Object]
[2026-03-24T12:39:52.428Z] DEBUG: 📝 SQL: SELECT * FROM refresh_tokens WHERE token = $1...
[2026-03-24T12:39:52.429Z] WARN: POST /api/auth/refresh 403 - 2ms
[2026-03-24T12:52:59.946Z] DEBUG: 📥 GET /api/verifications/ [object Object]
[2026-03-24T12:52:59.947Z] WARN: GET /api/verifications/ 401 - 1ms
[2026-03-24T12:53:11.333Z] DEBUG: 📥 GET /api/verifications/ [object Object]
[2026-03-24T12:53:11.334Z] DEBUG: 🔒 Tenant isolation: 57cab5a9-3c1f-428e-9b80-34d3ca27ad3b
[2026-03-24T12:53:11.334Z] ERROR: 404 - Route Not Found - /api/verifications/
[2026-03-24T12:53:11.335Z] WARN: GET /api/verifications/ 404 - 2ms
[2026-03-24T13:00:50.259Z] INFO: 🚀 Server running on http://localhost:5001
[2026-03-24T13:00:50.259Z] INFO: 📦 Environment: development
[2026-03-24T13:00:50.259Z] INFO: 📝 API Docs:    http://localhost:5001/api
[2026-03-24T13:00:50.260Z] INFO: 💾 Database:    bgv_platform
[2026-03-24T13:00:50.260Z] INFO: 👤 DB User:     postgres
[2026-03-24T13:01:42.571Z] DEBUG: 📥 POST /api/auth/login [object Object]
[2026-03-24T13:01:42.573Z] DEBUG: 📝 SQL: SELECT * FROM users WHERE email = $1...
[2026-03-24T13:01:42.605Z] INFO: ✅ Database connected
[2026-03-24T13:01:42.663Z] DEBUG: 📝 SQL: INSERT INTO refresh_tokens (user_id, token, expires_at)
       VALUES ($1, $2, NOW() + INTERVAL '7 days')...
[2026-03-24T13:01:42.668Z] INFO: POST /api/auth/login 200 - 96ms
[2026-03-24T13:01:42.702Z] DEBUG: 📥 GET /api/tenants [object Object]
[2026-03-24T13:01:42.704Z] DEBUG: 🔒 Tenant isolation: 57cab5a9-3c1f-428e-9b80-34d3ca27ad3b
[2026-03-24T13:01:42.705Z] DEBUG: 📝 SQL: SELECT * FROM tenants WHERE is_active = true...
[2026-03-24T13:01:42.707Z] INFO: GET /api/tenants 200 - 5ms
[2026-03-24T13:01:42.714Z] DEBUG: 📥 POST /api/verifications/pan [object Object]
[2026-03-24T13:01:42.715Z] DEBUG: 🔒 Tenant isolation: 57cab5a9-3c1f-428e-9b80-34d3ca27ad3b
[2026-03-24T13:01:42.715Z] DEBUG: 📝 SQL: 
      INSERT INTO verification_requests
      (document_type, document_number, full_name, dob, client_id, api_status)
      VALUES ($1,$2,$3,$4,$5::uuid,'pending')
      RETURNING *
    ...
[2026-03-24T13:01:42.718Z] ERROR: ❌ Query error: invalid input syntax for type uuid: "tenant_uuid"
[2026-03-24T13:01:42.719Z] ERROR: 500 - invalid input syntax for type uuid: "tenant_uuid"
[2026-03-24T13:01:42.720Z] ERROR: POST /api/verifications/pan 500 - 6ms
[2026-03-24T13:01:42.759Z] DEBUG: 📥 POST /api/verifications/aadhaar [object Object]
[2026-03-24T13:01:42.760Z] DEBUG: 🔒 Tenant isolation: 57cab5a9-3c1f-428e-9b80-34d3ca27ad3b
[2026-03-24T13:01:42.760Z] DEBUG: 📝 SQL: 
      INSERT INTO verification_requests
      (document_type, document_number, full_name, client_id, api_status)
      VALUES ($1,$2,$3,$4::uuid,'pending')
      RETURNING *
    ...
[2026-03-24T13:01:42.797Z] INFO: ✅ Database connected
[2026-03-24T13:01:42.798Z] ERROR: ❌ Query error: invalid input syntax for type uuid: "tenant_uuid"
[2026-03-24T13:01:42.799Z] ERROR: 500 - invalid input syntax for type uuid: "tenant_uuid"
[2026-03-24T13:01:42.799Z] ERROR: POST /api/verifications/aadhaar 500 - 40ms
[2026-03-24T13:01:42.802Z] DEBUG: 📥 POST /api/verifications/gstin [object Object]
[2026-03-24T13:01:42.803Z] DEBUG: 🔒 Tenant isolation: 57cab5a9-3c1f-428e-9b80-34d3ca27ad3b
[2026-03-24T13:01:42.803Z] DEBUG: 📝 SQL: 
      INSERT INTO verification_requests
      (document_type, document_number, business_name, client_id, api_status)
      VALUES ($1,$2,$3,$4::uuid,'pending')
      RETURNING *
    ...
[2026-03-24T13:01:42.935Z] INFO: ✅ Database connected
[2026-03-24T13:01:42.936Z] ERROR: ❌ Query error: invalid input syntax for type uuid: "tenant_uuid"
[2026-03-24T13:01:42.937Z] ERROR: 500 - invalid input syntax for type uuid: "tenant_uuid"
[2026-03-24T13:01:42.937Z] ERROR: POST /api/verifications/gstin 500 - 134ms
[2026-03-24T13:01:42.941Z] DEBUG: 📥 POST /api/verifications/retry/ [object Object]
[2026-03-24T13:01:42.941Z] DEBUG: 🔒 Tenant isolation: 57cab5a9-3c1f-428e-9b80-34d3ca27ad3b
[2026-03-24T13:01:42.942Z] ERROR: 404 - Route Not Found - /api/verifications/retry/
[2026-03-24T13:01:42.943Z] WARN: POST /api/verifications/retry/ 404 - 2ms
[2026-03-24T13:01:42.946Z] DEBUG: 📥 POST /api/auth/logout [object Object]
[2026-03-24T13:01:42.946Z] DEBUG: 📝 SQL: DELETE FROM refresh_tokens WHERE token = $1...
[2026-03-24T13:01:42.971Z] INFO: ✅ Database connected
[2026-03-24T13:01:42.981Z] INFO: POST /api/auth/logout 200 - 34ms
[2026-03-24T13:01:42.983Z] DEBUG: 📥 POST /api/auth/refresh [object Object]
[2026-03-24T13:01:42.984Z] DEBUG: 📝 SQL: SELECT * FROM refresh_tokens WHERE token = $1...
[2026-03-24T13:01:42.985Z] WARN: POST /api/auth/refresh 403 - 2ms
[2026-03-24T13:02:48.299Z] DEBUG: 📥 POST /api/auth/login [object Object]
[2026-03-24T13:02:48.300Z] DEBUG: 📝 SQL: SELECT * FROM users WHERE email = $1...
[2026-03-24T13:02:48.322Z] INFO: ✅ Database connected
[2026-03-24T13:02:48.374Z] DEBUG: 📝 SQL: INSERT INTO refresh_tokens (user_id, token, expires_at)
       VALUES ($1, $2, NOW() + INTERVAL '7 days')...
[2026-03-24T13:02:48.378Z] INFO: POST /api/auth/login 200 - 79ms
[2026-03-24T13:02:48.538Z] DEBUG: 📥 GET /api/tenants [object Object]
[2026-03-24T13:02:48.539Z] DEBUG: 🔒 Tenant isolation: 57cab5a9-3c1f-428e-9b80-34d3ca27ad3b
[2026-03-24T13:02:48.539Z] DEBUG: 📝 SQL: SELECT * FROM tenants WHERE is_active = true...
[2026-03-24T13:02:48.541Z] INFO: GET /api/tenants 200 - 3ms
[2026-03-24T13:02:48.689Z] DEBUG: 📥 POST /api/verifications/pan [object Object]
[2026-03-24T13:02:48.690Z] DEBUG: 🔒 Tenant isolation: 57cab5a9-3c1f-428e-9b80-34d3ca27ad3b
[2026-03-24T13:02:48.690Z] DEBUG: 📝 SQL: 
      INSERT INTO verification_requests
      (document_type, document_number, full_name, dob, client_id, api_status)
      VALUES ($1,$2,$3,$4,$5::uuid,'pending')
      RETURNING *
    ...
[2026-03-24T13:02:48.696Z] ERROR: ❌ Query error: insert or update on table "verification_requests" violates foreign key constraint "verification_requests_client_id_fkey"
[2026-03-24T13:02:48.697Z] ERROR: 500 - insert or update on table "verification_requests" violates foreign key constraint "verification_requests_client_id_fkey"
[2026-03-24T13:02:48.697Z] ERROR: POST /api/verifications/pan 500 - 7ms
[2026-03-24T13:02:48.896Z] DEBUG: 📥 POST /api/verifications/aadhaar [object Object]
[2026-03-24T13:02:48.897Z] DEBUG: 🔒 Tenant isolation: 57cab5a9-3c1f-428e-9b80-34d3ca27ad3b
[2026-03-24T13:02:48.897Z] DEBUG: 📝 SQL: 
      INSERT INTO verification_requests
      (document_type, document_number, full_name, client_id, api_status)
      VALUES ($1,$2,$3,$4::uuid,'pending')
      RETURNING *
    ...
[2026-03-24T13:02:48.923Z] INFO: ✅ Database connected
[2026-03-24T13:02:48.926Z] ERROR: ❌ Query error: insert or update on table "verification_requests" violates foreign key constraint "verification_requests_client_id_fkey"
[2026-03-24T13:02:48.926Z] ERROR: 500 - insert or update on table "verification_requests" violates foreign key constraint "verification_requests_client_id_fkey"
[2026-03-24T13:02:48.926Z] ERROR: POST /api/verifications/aadhaar 500 - 30ms
[2026-03-24T13:02:49.032Z] DEBUG: 📥 POST /api/verifications/gstin [object Object]
[2026-03-24T13:02:49.033Z] DEBUG: 🔒 Tenant isolation: 57cab5a9-3c1f-428e-9b80-34d3ca27ad3b
[2026-03-24T13:02:49.033Z] DEBUG: 📝 SQL: 
      INSERT INTO verification_requests
      (document_type, document_number, business_name, client_id, api_status)
      VALUES ($1,$2,$3,$4::uuid,'pending')
      RETURNING *
    ...
[2026-03-24T13:02:49.057Z] INFO: ✅ Database connected
[2026-03-24T13:02:49.061Z] ERROR: ❌ Query error: insert or update on table "verification_requests" violates foreign key constraint "verification_requests_client_id_fkey"
[2026-03-24T13:02:49.061Z] ERROR: 500 - insert or update on table "verification_requests" violates foreign key constraint "verification_requests_client_id_fkey"
[2026-03-24T13:02:49.062Z] ERROR: POST /api/verifications/gstin 500 - 30ms
[2026-03-24T13:02:49.140Z] DEBUG: 📥 POST /api/verifications/retry/ [object Object]
[2026-03-24T13:02:49.141Z] DEBUG: 🔒 Tenant isolation: 57cab5a9-3c1f-428e-9b80-34d3ca27ad3b
[2026-03-24T13:02:49.141Z] ERROR: 404 - Route Not Found - /api/verifications/retry/
[2026-03-24T13:02:49.142Z] WARN: POST /api/verifications/retry/ 404 - 2ms
[2026-03-24T13:02:49.245Z] DEBUG: 📥 POST /api/auth/logout [object Object]
[2026-03-24T13:02:49.245Z] DEBUG: 📝 SQL: DELETE FROM refresh_tokens WHERE token = $1...
[2026-03-24T13:02:49.269Z] INFO: ✅ Database connected
[2026-03-24T13:02:49.272Z] INFO: POST /api/auth/logout 200 - 27ms
[2026-03-24T13:02:49.365Z] DEBUG: 📥 POST /api/auth/refresh [object Object]
[2026-03-24T13:02:49.366Z] DEBUG: 📝 SQL: SELECT * FROM refresh_tokens WHERE token = $1...
[2026-03-24T13:02:49.367Z] WARN: POST /api/auth/refresh 403 - 2ms
[2026-03-24T13:08:36.840Z] INFO: ✅ Database connected
[2026-03-24T13:09:05.531Z] INFO: ✅ Database connected
[2026-03-24T13:09:53.831Z] DEBUG: 📥 POST /api/auth/login [object Object]
[2026-03-24T13:09:53.832Z] DEBUG: 📝 SQL: SELECT * FROM users WHERE email = $1...
[2026-03-24T13:09:53.856Z] INFO: ✅ Database connected
[2026-03-24T13:09:53.913Z] DEBUG: 📝 SQL: INSERT INTO refresh_tokens (user_id, token, expires_at)
       VALUES ($1, $2, NOW() + INTERVAL '7 days')...
[2026-03-24T13:09:53.917Z] INFO: POST /api/auth/login 200 - 86ms
[2026-03-24T13:09:54.067Z] DEBUG: 📥 POST /api/verifications/pan [object Object]
[2026-03-24T13:09:54.067Z] DEBUG: 🔒 Tenant isolation: 57cab5a9-3c1f-428e-9b80-34d3ca27ad3b
[2026-03-24T13:09:54.068Z] DEBUG: 📝 SQL: 
      INSERT INTO verification_requests
      (document_type, document_number, full_name, dob, client_id, api_status)
      VALUES ($1,$2,$3,$4,$5::uuid,'pending')
      RETURNING *
    ...
[2026-03-24T13:09:54.071Z] INFO: POST /api/verifications/pan 201 - 4ms
[2026-03-24T13:09:54.165Z] DEBUG: 📥 POST /api/verifications/aadhaar [object Object]
[2026-03-24T13:09:54.166Z] DEBUG: 🔒 Tenant isolation: 57cab5a9-3c1f-428e-9b80-34d3ca27ad3b
[2026-03-24T13:09:54.166Z] DEBUG: 📝 SQL: 
      INSERT INTO verification_requests
      (document_type, document_number, full_name, client_id, api_status)
      VALUES ($1,$2,$3,$4::uuid,'pending')
      RETURNING *
    ...
[2026-03-24T13:09:54.168Z] INFO: POST /api/verifications/aadhaar 201 - 3ms
[2026-03-24T13:09:54.234Z] DEBUG: 📥 POST /api/verifications/gstin [object Object]
[2026-03-24T13:09:54.235Z] DEBUG: 🔒 Tenant isolation: 57cab5a9-3c1f-428e-9b80-34d3ca27ad3b
[2026-03-24T13:09:54.235Z] DEBUG: 📝 SQL: 
      INSERT INTO verification_requests
      (document_type, document_number, business_name, client_id, api_status)
      VALUES ($1,$2,$3,$4::uuid,'pending')
      RETURNING *
    ...
[2026-03-24T13:09:54.236Z] INFO: POST /api/verifications/gstin 201 - 2ms
[2026-03-24T13:09:54.277Z] DEBUG: 📥 POST /api/verifications/retry/a6e77392-7514-477f-b8d2-12d65e1975b5 [object Object]
[2026-03-24T13:09:54.278Z] DEBUG: 🔒 Tenant isolation: 57cab5a9-3c1f-428e-9b80-34d3ca27ad3b
[2026-03-24T13:09:54.278Z] DEBUG: 📝 SQL: SELECT * FROM verification_requests WHERE id = $1...
[2026-03-24T13:09:54.279Z] DEBUG: 📝 SQL: UPDATE verification_requests
       SET retry_count = retry_count + 1,
           last_retry_at = NOW(),
           status = 'retrying'
       WHERE id = $1
       RETURNING *...
[2026-03-24T13:09:54.281Z] DEBUG: 📝 SQL: INSERT INTO verification_retry_history
       (verification_id, retry_number, retry_status, retry_reason)
       VALUES ($1,$2,$3,$4)...
[2026-03-24T13:09:54.284Z] INFO: POST /api/verifications/retry/a6e77392-7514-477f-b8d2-12d65e1975b5 200 - 7ms
[2026-03-24T13:09:54.345Z] DEBUG: 📥 POST /api/auth/logout [object Object]
[2026-03-24T13:09:54.346Z] DEBUG: 📝 SQL: DELETE FROM refresh_tokens WHERE token = $1...
[2026-03-24T13:09:54.348Z] INFO: POST /api/auth/logout 200 - 3ms
[2026-03-24T13:09:54.395Z] DEBUG: 📥 POST /api/auth/refresh [object Object]
[2026-03-24T13:09:54.396Z] DEBUG: 📝 SQL: SELECT * FROM refresh_tokens WHERE token = $1...
[2026-03-24T13:09:54.397Z] WARN: POST /api/auth/refresh 403 - 1ms
