[2026-03-29T09:31:25.829Z] INFO: 🚀 Server running on http://localhost:5001
[2026-03-29T09:31:25.829Z] INFO: 📦 Environment: development
[2026-03-29T09:31:25.829Z] INFO: 📝 API Docs:    http://localhost:5001/api
[2026-03-29T09:31:25.830Z] INFO: 💾 Database:    bgv_platform
[2026-03-29T09:31:25.830Z] INFO: 👤 DB User:     postgres
[2026-03-29T09:31:36.085Z] DEBUG: 📥 POST /api/auth/login [object Object]
[2026-03-29T09:31:36.092Z] DEBUG: 📝 SQL: SELECT * FROM users WHERE email = $1...
[2026-03-29T09:31:36.121Z] INFO: ✅ Database connected
[2026-03-29T09:31:36.184Z] DEBUG: 📝 SQL: INSERT INTO refresh_tokens (user_id, token, expires_at)
       VALUES ($1, $2, NOW() + INTERVAL '7 days')...
[2026-03-29T09:31:36.203Z] INFO: POST /api/auth/login 200 - 117ms
[2026-03-29T09:31:36.230Z] DEBUG: 📥 POST /api/verifications/pan [object Object]
[2026-03-29T09:31:36.231Z] DEBUG: 🔒 Tenant isolation: 57cab5a9-3c1f-428e-9b80-34d3ca27ad3b
[2026-03-29T09:31:36.232Z] DEBUG: 📝 SQL: 
      INSERT INTO verification_requests
      (document_type, document_number, full_name, dob, client_id, api_status)
      VALUES ($1,$2,$3,$4,$5::uuid,'pending')
      RETURNING *
    ...
[2026-03-29T09:31:36.240Z] DEBUG: 📝 SQL: UPDATE verification_requests 
           SET api_status = 'failed', failure_reason = $1
           WHERE id = $2...
[2026-03-29T09:31:36.240Z] INFO: POST /api/verifications/pan 201 - 10ms
[2026-03-29T09:31:39.253Z] DEBUG: 📥 POST /api/verifications/aadhaar [object Object]
[2026-03-29T09:31:39.254Z] DEBUG: 🔒 Tenant isolation: 57cab5a9-3c1f-428e-9b80-34d3ca27ad3b
[2026-03-29T09:31:39.255Z] DEBUG: 📝 SQL: 
      INSERT INTO verification_requests
      (document_type, document_number, full_name, client_id, api_status)
      VALUES ($1,$2,$3,$4::uuid,'pending')
      RETURNING *
    ...
[2026-03-29T09:31:39.258Z] DEBUG: 📝 SQL: UPDATE verification_requests 
           SET api_status = 'failed', failure_reason = $1
           WHERE id = $2...
[2026-03-29T09:31:39.258Z] INFO: POST /api/verifications/aadhaar 201 - 5ms
[2026-03-29T09:31:39.262Z] DEBUG: 📥 POST /api/verifications/gstin [object Object]
[2026-03-29T09:31:39.263Z] DEBUG: 🔒 Tenant isolation: 57cab5a9-3c1f-428e-9b80-34d3ca27ad3b
[2026-03-29T09:31:39.264Z] DEBUG: 📝 SQL: 
      INSERT INTO verification_requests
      (document_type, document_number, business_name, client_id, api_status)
      VALUES ($1,$2,$3,$4::uuid,'pending')
      RETURNING *
    ...
[2026-03-29T09:31:39.267Z] DEBUG: 📝 SQL: UPDATE verification_requests 
           SET api_status = 'failed', failure_reason = $1
           WHERE id = $2...
[2026-03-29T09:31:39.267Z] INFO: POST /api/verifications/gstin 201 - 4ms
[2026-03-29T09:31:39.269Z] DEBUG: 📥 POST /api/verifications/retry/74edd8ab-1531-47f6-b5ac-bbb8fd3e9e73 [object Object]
[2026-03-29T09:31:39.270Z] DEBUG: 🔒 Tenant isolation: 57cab5a9-3c1f-428e-9b80-34d3ca27ad3b
[2026-03-29T09:31:39.271Z] DEBUG: 📝 SQL: SELECT * FROM verification_requests WHERE id = $1...
[2026-03-29T09:31:39.273Z] DEBUG: 📝 SQL: UPDATE verification_requests
       SET retry_count = retry_count + 1,
           last_retry_at = NOW(),
           status = 'retrying'
       WHERE id = $1
       RETURNING *...
[2026-03-29T09:31:39.274Z] DEBUG: 📝 SQL: INSERT INTO verification_retry_history
       (verification_id, retry_number, retry_status, retry_reason)
       VALUES ($1,$2,$3,$4)...
[2026-03-29T09:31:39.277Z] INFO: POST /api/verifications/retry/74edd8ab-1531-47f6-b5ac-bbb8fd3e9e73 200 - 8ms
[2026-03-29T09:31:39.282Z] DEBUG: 📥 POST /api/auth/logout [object Object]
[2026-03-29T09:31:39.283Z] DEBUG: 📝 SQL: DELETE FROM refresh_tokens WHERE token = $1...
[2026-03-29T09:31:39.285Z] INFO: POST /api/auth/logout 200 - 3ms
[2026-03-29T09:31:39.288Z] DEBUG: 📥 POST /api/auth/refresh [object Object]
[2026-03-29T09:31:39.290Z] DEBUG: 📝 SQL: SELECT * FROM refresh_tokens WHERE token = $1...
[2026-03-29T09:31:39.291Z] WARN: POST /api/auth/refresh 403 - 3ms
[2026-03-29T09:31:56.227Z] INFO: GET /health 200 - 1ms
[2026-03-29T09:31:56.424Z] WARN: GET /api/health 403 - 1ms
[2026-03-29T09:31:56.560Z] INFO: GET /api/health 200 - 0ms
[2026-03-29T09:31:56.685Z] DEBUG: 📥 GET / [object Object]
[2026-03-29T09:31:56.686Z] INFO: GET / 200 - 0ms
[2026-03-29T09:31:56.862Z] INFO: GET /health 200 - 1ms
[2026-03-29T09:31:57.054Z] INFO: GET /api/health 200 - 0ms
[2026-03-29T09:31:57.058Z] INFO: GET /api/health 200 - 1ms
[2026-03-29T09:31:57.061Z] INFO: GET /api/health 200 - 1ms
[2026-03-29T09:31:57.063Z] INFO: GET /api/health 200 - 1ms
[2026-03-29T09:31:57.065Z] INFO: GET /api/health 200 - 1ms
[2026-03-29T09:31:57.066Z] INFO: GET /api/health 200 - 0ms
[2026-03-29T09:31:57.068Z] INFO: GET /api/health 200 - 1ms
[2026-03-29T09:31:57.072Z] INFO: GET /api/health 200 - 0ms
[2026-03-29T09:31:57.075Z] INFO: GET /api/health 200 - 0ms
[2026-03-29T09:31:57.076Z] INFO: GET /api/health 200 - 0ms
[2026-03-29T09:31:57.078Z] INFO: GET /api/health 200 - 1ms
[2026-03-29T09:31:57.079Z] INFO: GET /api/health 200 - 0ms
[2026-03-29T09:31:57.081Z] INFO: GET /api/health 200 - 1ms
[2026-03-29T09:31:57.084Z] INFO: GET /api/health 200 - 0ms
[2026-03-29T09:31:57.085Z] INFO: GET /api/health 200 - 0ms
[2026-03-29T09:31:57.087Z] INFO: GET /api/health 200 - 1ms
[2026-03-29T09:31:57.089Z] INFO: GET /api/health 200 - 1ms
[2026-03-29T09:31:57.091Z] INFO: GET /api/health 200 - 1ms
[2026-03-29T09:31:57.092Z] INFO: GET /api/health 200 - 0ms
[2026-03-29T09:31:57.094Z] INFO: GET /api/health 200 - 1ms
[2026-03-29T09:31:57.096Z] INFO: GET /api/health 200 - 1ms
[2026-03-29T09:31:57.097Z] INFO: GET /api/health 200 - 0ms
[2026-03-29T09:31:57.098Z] INFO: GET /api/health 200 - 0ms
[2026-03-29T09:31:57.101Z] INFO: GET /api/health 200 - 0ms
[2026-03-29T09:31:57.102Z] INFO: GET /api/health 200 - 0ms
[2026-03-29T09:31:57.104Z] INFO: GET /api/health 200 - 1ms
[2026-03-29T09:31:57.106Z] INFO: GET /api/health 200 - 0ms
[2026-03-29T09:31:57.107Z] INFO: GET /api/health 200 - 0ms
[2026-03-29T09:31:57.109Z] INFO: GET /api/health 200 - 1ms
[2026-03-29T09:31:57.111Z] INFO: GET /api/health 200 - 0ms
[2026-03-29T09:31:57.113Z] INFO: GET /api/health 200 - 1ms
[2026-03-29T09:31:57.114Z] INFO: GET /api/health 200 - 0ms
[2026-03-29T09:31:57.116Z] INFO: GET /api/health 200 - 1ms
[2026-03-29T09:31:57.118Z] INFO: GET /api/health 200 - 0ms
[2026-03-29T09:31:57.120Z] INFO: GET /api/health 200 - 1ms
[2026-03-29T09:31:57.121Z] INFO: GET /api/health 200 - 0ms
[2026-03-29T09:31:57.122Z] INFO: GET /api/health 200 - 0ms
[2026-03-29T09:31:57.125Z] INFO: GET /api/health 200 - 1ms
[2026-03-29T09:31:57.127Z] INFO: GET /api/health 200 - 1ms
[2026-03-29T09:31:57.128Z] INFO: GET /api/health 200 - 0ms
[2026-03-29T09:31:57.130Z] INFO: GET /api/health 200 - 0ms
[2026-03-29T09:31:57.132Z] INFO: GET /api/health 200 - 0ms
[2026-03-29T09:31:57.134Z] INFO: GET /api/health 200 - 0ms
[2026-03-29T09:31:57.135Z] INFO: GET /api/health 200 - 1ms
[2026-03-29T09:31:57.136Z] INFO: GET /api/health 200 - 0ms
[2026-03-29T09:31:57.149Z] INFO: GET /api/health 200 - 1ms
[2026-03-29T09:31:57.151Z] INFO: GET /api/health 200 - 1ms
[2026-03-29T09:31:57.152Z] INFO: GET /api/health 200 - 1ms
[2026-03-29T09:31:57.153Z] INFO: GET /api/health 200 - 0ms
[2026-03-29T09:31:57.155Z] INFO: GET /api/health 200 - 1ms
[2026-03-29T09:31:57.156Z] INFO: GET /api/health 200 - 0ms
[2026-03-29T09:31:57.157Z] WARN: GET /api/health 429 - 0ms
[2026-03-29T09:31:57.160Z] WARN: GET /api/health 429 - 0ms
[2026-03-29T09:31:57.162Z] WARN: GET /api/health 429 - 0ms
[2026-03-29T09:31:57.164Z] WARN: GET /api/health 429 - 0ms
[2026-03-29T09:31:57.165Z] WARN: GET /api/health 429 - 0ms
[2026-03-29T09:31:57.167Z] WARN: GET /api/health 429 - 1ms
[2026-03-29T09:31:57.169Z] WARN: GET /api/health 429 - 1ms
[2026-03-29T09:31:57.170Z] WARN: GET /api/health 429 - 0ms
[2026-03-29T09:31:57.173Z] WARN: GET /api/health 429 - 1ms
[2026-03-29T09:31:57.175Z] WARN: GET /api/health 429 - 1ms
[2026-03-29T09:31:57.176Z] WARN: GET /api/health 429 - 0ms
[2026-03-29T09:31:57.178Z] WARN: GET /api/health 429 - 1ms
[2026-03-29T09:31:57.181Z] WARN: GET /api/health 429 - 0ms
[2026-03-29T09:31:57.182Z] WARN: GET /api/health 429 - 0ms
[2026-03-29T09:31:57.184Z] WARN: GET /api/health 429 - 1ms
[2026-03-29T09:31:57.186Z] WARN: GET /api/health 429 - 1ms
[2026-03-29T09:31:57.187Z] WARN: GET /api/health 429 - 0ms
[2026-03-29T09:31:57.189Z] WARN: GET /api/health 429 - 1ms
[2026-03-29T09:31:57.190Z] WARN: GET /api/health 429 - 0ms
[2026-03-29T09:31:57.192Z] WARN: GET /api/health 429 - 0ms
[2026-03-29T09:31:57.194Z] WARN: GET /api/health 429 - 0ms
[2026-03-29T09:31:57.195Z] WARN: GET /api/health 429 - 0ms
[2026-03-29T09:31:57.197Z] WARN: GET /api/health 429 - 0ms
[2026-03-29T09:31:57.199Z] WARN: GET /api/health 429 - 0ms
[2026-03-29T09:31:57.200Z] WARN: GET /api/health 429 - 0ms
[2026-03-29T09:31:57.202Z] WARN: GET /api/health 429 - 1ms
[2026-03-29T09:31:57.204Z] WARN: GET /api/health 429 - 1ms
[2026-03-29T09:31:57.206Z] WARN: GET /api/health 429 - 0ms
[2026-03-29T09:31:57.207Z] WARN: GET /api/health 429 - 1ms
[2026-03-29T09:31:57.208Z] WARN: GET /api/health 429 - 0ms
[2026-03-29T09:31:57.210Z] WARN: GET /api/health 429 - 0ms
[2026-03-29T09:31:57.212Z] WARN: GET /api/health 429 - 1ms
[2026-03-29T09:31:57.214Z] WARN: GET /api/health 429 - 0ms
[2026-03-29T09:31:57.216Z] WARN: GET /api/health 429 - 1ms
[2026-03-29T09:31:57.217Z] WARN: GET /api/health 429 - 0ms
[2026-03-29T09:31:57.219Z] WARN: GET /api/health 429 - 1ms
[2026-03-29T09:31:57.222Z] WARN: GET /api/health 429 - 1ms
[2026-03-29T09:31:57.224Z] WARN: GET /api/health 429 - 1ms
[2026-03-29T09:31:57.226Z] WARN: GET /api/health 429 - 0ms
[2026-03-29T09:31:57.228Z] WARN: GET /api/health 429 - 0ms
[2026-03-29T09:31:57.230Z] WARN: GET /api/health 429 - 0ms
[2026-03-29T09:31:57.232Z] WARN: GET /api/health 429 - 0ms
[2026-03-29T09:31:57.235Z] WARN: GET /api/health 429 - 1ms
[2026-03-29T09:31:57.237Z] WARN: GET /api/health 429 - 1ms
[2026-03-29T09:31:57.238Z] WARN: GET /api/health 429 - 0ms
[2026-03-29T09:31:57.241Z] WARN: GET /api/health 429 - 0ms
[2026-03-29T09:31:57.243Z] WARN: GET /api/health 429 - 1ms
[2026-03-29T09:31:57.245Z] WARN: GET /api/health 429 - 1ms
[2026-03-29T09:31:57.247Z] WARN: GET /api/health 429 - 0ms
[2026-03-29T09:31:57.249Z] WARN: GET /api/health 429 - 0ms
[2026-03-29T09:31:57.252Z] WARN: GET /api/health 429 - 0ms
[2026-03-29T09:31:57.254Z] WARN: GET /api/health 429 - 1ms
[2026-03-29T09:31:57.255Z] WARN: GET /api/health 429 - 0ms
[2026-03-29T09:31:57.258Z] WARN: GET /api/health 429 - 0ms
[2026-03-29T09:31:57.259Z] WARN: GET /api/health 429 - 0ms
[2026-03-29T09:31:57.261Z] WARN: GET /api/health 429 - 1ms
[2026-03-29T09:31:57.263Z] WARN: GET /api/health 429 - 1ms
[2026-03-29T09:31:57.265Z] WARN: GET /api/health 429 - 0ms
[2026-03-29T09:31:57.267Z] WARN: GET /api/health 429 - 1ms
[2026-03-29T09:31:57.269Z] WARN: GET /api/health 429 - 1ms
[2026-03-29T09:31:57.272Z] WARN: GET /api/health 429 - 0ms
[2026-03-29T09:31:57.273Z] WARN: GET /api/health 429 - 0ms
[2026-03-29T09:31:57.275Z] WARN: GET /api/health 429 - 1ms
[2026-03-29T09:31:57.277Z] WARN: GET /api/health 429 - 0ms
[2026-03-29T09:31:57.279Z] WARN: GET /api/health 429 - 0ms
[2026-03-29T09:31:57.281Z] WARN: GET /api/health 429 - 0ms
[2026-03-29T09:31:57.283Z] WARN: GET /api/health 429 - 1ms
[2026-03-29T09:31:57.285Z] WARN: GET /api/health 429 - 1ms
[2026-03-29T09:31:57.286Z] WARN: GET /api/health 429 - 0ms
[2026-03-29T12:32:23.468Z] INFO: 🚀 Server running on http://localhost:5001
[2026-03-29T12:32:23.468Z] INFO: 📦 Environment: development
[2026-03-29T12:32:23.469Z] INFO: 📝 API Docs:    http://localhost:5001/api
[2026-03-29T12:32:23.469Z] INFO: 💾 Database:    bgv_platform
[2026-03-29T12:32:23.469Z] INFO: 👤 DB User:     postgres
[2026-03-29T12:32:51.526Z] DEBUG: 📥 POST /api/auth/login [object Object]
[2026-03-29T12:32:51.533Z] DEBUG: 📝 SQL: SELECT * FROM users WHERE email = $1...
[2026-03-29T12:32:51.583Z] INFO: ✅ Database connected
[2026-03-29T12:32:51.639Z] DEBUG: 📝 SQL: INSERT INTO refresh_tokens (user_id, token, expires_at)
       VALUES ($1, $2, NOW() + INTERVAL '7 days')...
[2026-03-29T12:32:51.657Z] INFO: POST /api/auth/login 200 - 131ms
[2026-03-29T12:32:51.678Z] DEBUG: 📥 POST /api/verifications/pan [object Object]
[2026-03-29T12:32:51.679Z] DEBUG: 🔒 Tenant isolation: 57cab5a9-3c1f-428e-9b80-34d3ca27ad3b
[2026-03-29T12:32:51.680Z] DEBUG: 📝 SQL: 
      INSERT INTO verification_requests
      (document_type, document_number, full_name, dob, client_id, api_status)
      VALUES ($1,$2,$3,$4,$5::uuid,'pending')
      RETURNING *
    ...
[2026-03-29T12:32:51.687Z] DEBUG: 📝 SQL: UPDATE verification_requests 
           SET api_status = 'failed', failure_reason = $1
           WHERE id = $2...
[2026-03-29T12:32:51.687Z] INFO: POST /api/verifications/pan 201 - 9ms
[2026-03-29T12:32:54.700Z] DEBUG: 📥 POST /api/verifications/aadhaar [object Object]
[2026-03-29T12:32:54.701Z] DEBUG: 🔒 Tenant isolation: 57cab5a9-3c1f-428e-9b80-34d3ca27ad3b
[2026-03-29T12:32:54.702Z] DEBUG: 📝 SQL: 
      INSERT INTO verification_requests
      (document_type, document_number, full_name, client_id, api_status)
      VALUES ($1,$2,$3,$4::uuid,'pending')
      RETURNING *
    ...
[2026-03-29T12:32:54.705Z] DEBUG: 📝 SQL: UPDATE verification_requests 
           SET api_status = 'failed', failure_reason = $1
           WHERE id = $2...
[2026-03-29T12:32:54.705Z] INFO: POST /api/verifications/aadhaar 201 - 5ms
[2026-03-29T12:32:54.709Z] DEBUG: 📥 POST /api/verifications/gstin [object Object]
[2026-03-29T12:32:54.710Z] DEBUG: 🔒 Tenant isolation: 57cab5a9-3c1f-428e-9b80-34d3ca27ad3b
[2026-03-29T12:32:54.710Z] DEBUG: 📝 SQL: 
      INSERT INTO verification_requests
      (document_type, document_number, business_name, client_id, api_status)
      VALUES ($1,$2,$3,$4::uuid,'pending')
      RETURNING *
    ...
[2026-03-29T12:32:54.712Z] DEBUG: 📝 SQL: UPDATE verification_requests 
           SET api_status = 'failed', failure_reason = $1
           WHERE id = $2...
[2026-03-29T12:32:54.713Z] INFO: POST /api/verifications/gstin 201 - 4ms
[2026-03-29T12:32:54.717Z] DEBUG: 📥 POST /api/verifications/retry/2ac21e27-5f51-4522-9771-47ba1a41fb38 [object Object]
[2026-03-29T12:32:54.718Z] DEBUG: 🔒 Tenant isolation: 57cab5a9-3c1f-428e-9b80-34d3ca27ad3b
[2026-03-29T12:32:54.719Z] DEBUG: 📝 SQL: SELECT * FROM verification_requests WHERE id = $1...
[2026-03-29T12:32:54.721Z] DEBUG: 📝 SQL: UPDATE verification_requests
       SET retry_count = retry_count + 1,
           last_retry_at = NOW(),
           status = 'retrying'
       WHERE id = $1
       RETURNING *...
[2026-03-29T12:32:54.723Z] DEBUG: 📝 SQL: INSERT INTO verification_retry_history
       (verification_id, retry_number, retry_status, retry_reason)
       VALUES ($1,$2,$3,$4)...
[2026-03-29T12:32:54.726Z] INFO: POST /api/verifications/retry/2ac21e27-5f51-4522-9771-47ba1a41fb38 200 - 8ms
[2026-03-29T12:32:54.732Z] DEBUG: 📥 POST /api/auth/logout [object Object]
[2026-03-29T12:32:54.733Z] DEBUG: 📝 SQL: DELETE FROM refresh_tokens WHERE token = $1...
[2026-03-29T12:32:54.737Z] INFO: POST /api/auth/logout 200 - 4ms
[2026-03-29T12:32:54.741Z] DEBUG: 📥 POST /api/auth/refresh [object Object]
[2026-03-29T12:32:54.742Z] DEBUG: 📝 SQL: SELECT * FROM refresh_tokens WHERE token = $1...
[2026-03-29T12:32:54.744Z] WARN: POST /api/auth/refresh 403 - 3ms
[2026-03-29T12:46:29.123Z] INFO: 🚀 Server running on http://localhost:5001
[2026-03-29T12:46:29.124Z] INFO: 📦 Environment: development
[2026-03-29T12:46:29.124Z] INFO: 📝 API Docs:    http://localhost:5001/api
[2026-03-29T12:46:29.124Z] INFO: 💾 Database:    bgv_platform
[2026-03-29T12:46:29.125Z] INFO: 👤 DB User:     postgres
[2026-03-29T12:47:03.500Z] DEBUG: 📥 POST /api/auth/login [object Object]
[2026-03-29T12:47:03.508Z] DEBUG: 📝 SQL: SELECT * FROM users WHERE email = $1...
[2026-03-29T12:47:03.540Z] INFO: ✅ Database connected
[2026-03-29T12:47:03.619Z] DEBUG: 📝 SQL: INSERT INTO refresh_tokens (user_id, token, expires_at)
       VALUES ($1, $2, NOW() + INTERVAL '7 days')...
[2026-03-29T12:47:03.625Z] INFO: POST /api/auth/login 200 - 124ms
[2026-03-29T12:47:03.660Z] DEBUG: 📥 POST /api/verifications/pan [object Object]
[2026-03-29T12:47:03.662Z] DEBUG: 🔒 Tenant isolation: 57cab5a9-3c1f-428e-9b80-34d3ca27ad3b
[2026-03-29T12:47:03.663Z] DEBUG: 📝 SQL: 
      INSERT INTO verification_requests
      (document_type, document_number, full_name, dob, client_id, api_status)
      VALUES ($1,$2,$3,$4,$5::uuid,'pending')
      RETURNING *
    ...
[2026-03-29T12:47:03.680Z] INFO: POST /api/verifications/pan 201 - 19ms
[2026-03-29T12:47:03.849Z] DEBUG: 📝 SQL: UPDATE verification_requests 
           SET api_status = 'failed', failure_reason = $1
           WHERE id = $2...
[2026-03-29T12:47:06.694Z] DEBUG: 📥 POST /api/verifications/aadhaar [object Object]
[2026-03-29T12:47:06.695Z] DEBUG: 🔒 Tenant isolation: 57cab5a9-3c1f-428e-9b80-34d3ca27ad3b
[2026-03-29T12:47:06.696Z] DEBUG: 📝 SQL: 
      INSERT INTO verification_requests
      (document_type, document_number, full_name, client_id, api_status)
      VALUES ($1,$2,$3,$4::uuid,'pending')
      RETURNING *
    ...
[2026-03-29T12:47:06.699Z] INFO: POST /api/verifications/aadhaar 201 - 4ms
[2026-03-29T12:47:06.703Z] DEBUG: 📥 POST /api/verifications/gstin [object Object]
[2026-03-29T12:47:06.704Z] DEBUG: 🔒 Tenant isolation: 57cab5a9-3c1f-428e-9b80-34d3ca27ad3b
[2026-03-29T12:47:06.705Z] DEBUG: 📝 SQL: 
      INSERT INTO verification_requests
      (document_type, document_number, business_name, client_id, api_status)
      VALUES ($1,$2,$3,$4::uuid,'pending')
      RETURNING *
    ...
[2026-03-29T12:47:06.709Z] INFO: POST /api/verifications/gstin 201 - 5ms
[2026-03-29T12:47:06.711Z] DEBUG: 📥 POST /api/verifications/retry/0757d95b-404d-4ca2-be5c-edb9a654cf91 [object Object]
[2026-03-29T12:47:06.712Z] DEBUG: 🔒 Tenant isolation: 57cab5a9-3c1f-428e-9b80-34d3ca27ad3b
[2026-03-29T12:47:06.712Z] DEBUG: 📝 SQL: SELECT * FROM verification_requests WHERE id = $1...
[2026-03-29T12:47:06.713Z] DEBUG: 📝 SQL: UPDATE verification_requests
       SET retry_count = retry_count + 1,
           last_retry_at = NOW(),
           status = 'retrying'
       WHERE id = $1
       RETURNING *...
[2026-03-29T12:47:06.715Z] DEBUG: 📝 SQL: INSERT INTO verification_retry_history
       (verification_id, retry_number, retry_status, retry_reason)
       VALUES ($1,$2,$3,$4)...
[2026-03-29T12:47:06.717Z] INFO: POST /api/verifications/retry/0757d95b-404d-4ca2-be5c-edb9a654cf91 200 - 5ms
[2026-03-29T12:47:06.720Z] DEBUG: 📥 POST /api/auth/logout [object Object]
[2026-03-29T12:47:06.720Z] DEBUG: 📝 SQL: DELETE FROM refresh_tokens WHERE token = $1...
[2026-03-29T12:47:06.722Z] DEBUG: 📝 SQL: UPDATE verification_requests 
           SET api_status = 'failed', failure_reason = $1
           WHERE id = $2...
[2026-03-29T12:47:06.723Z] INFO: POST /api/auth/logout 200 - 3ms
[2026-03-29T12:47:06.727Z] DEBUG: 📥 POST /api/auth/refresh [object Object]
[2026-03-29T12:47:06.728Z] DEBUG: 📝 SQL: SELECT * FROM refresh_tokens WHERE token = $1...
[2026-03-29T12:47:06.729Z] WARN: POST /api/auth/refresh 403 - 2ms
[2026-03-29T12:47:06.747Z] INFO: ✅ Database connected
[2026-03-29T12:47:06.768Z] DEBUG: 📝 SQL: UPDATE verification_requests 
           SET api_status = 'failed', failure_reason = $1
           WHERE id = $2...
[2026-03-29T12:51:58.455Z] INFO: 🚀 Server running on http://localhost:5001
[2026-03-29T12:51:58.456Z] INFO: 📦 Environment: development
[2026-03-29T12:51:58.456Z] INFO: 📝 API Docs:    http://localhost:5001/api
[2026-03-29T12:51:58.456Z] INFO: 💾 Database:    bgv_platform
[2026-03-29T12:51:58.456Z] INFO: 👤 DB User:     postgres
[2026-03-29T12:52:18.422Z] DEBUG: 📥 POST /api/auth/login [object Object]
[2026-03-29T12:52:18.429Z] DEBUG: 📝 SQL: SELECT * FROM users WHERE email = $1...
[2026-03-29T12:52:18.559Z] INFO: ✅ Database connected
[2026-03-29T12:52:18.615Z] DEBUG: 📝 SQL: INSERT INTO refresh_tokens (user_id, token, expires_at)
       VALUES ($1, $2, NOW() + INTERVAL '7 days')...
[2026-03-29T12:52:18.620Z] INFO: POST /api/auth/login 200 - 198ms
[2026-03-29T12:52:18.642Z] DEBUG: 📥 POST /api/verifications/pan [object Object]
[2026-03-29T12:52:18.643Z] DEBUG: 🔒 Tenant isolation: 57cab5a9-3c1f-428e-9b80-34d3ca27ad3b
[2026-03-29T12:52:18.644Z] DEBUG: 📝 SQL: 
      INSERT INTO verification_requests
      (document_type, document_number, full_name, dob, client_id, api_status)
      VALUES ($1,$2,$3,$4,$5::uuid,'pending')
      RETURNING *
    ...
[2026-03-29T12:52:18.658Z] INFO: POST /api/verifications/pan 201 - 16ms
[2026-03-29T12:52:18.820Z] DEBUG: 📝 SQL: UPDATE verification_requests 
           SET api_status = 'failed', failure_reason = $1
           WHERE id = $2...
[2026-03-29T12:52:21.672Z] DEBUG: 📥 POST /api/verifications/aadhaar [object Object]
[2026-03-29T12:52:21.673Z] DEBUG: 🔒 Tenant isolation: 57cab5a9-3c1f-428e-9b80-34d3ca27ad3b
[2026-03-29T12:52:21.674Z] DEBUG: 📝 SQL: 
      INSERT INTO verification_requests
      (document_type, document_number, full_name, client_id, api_status)
      VALUES ($1,$2,$3,$4::uuid,'pending')
      RETURNING *
    ...
[2026-03-29T12:52:21.684Z] INFO: POST /api/verifications/aadhaar 201 - 11ms
[2026-03-29T12:52:21.688Z] DEBUG: 📥 POST /api/verifications/gstin [object Object]
[2026-03-29T12:52:21.689Z] DEBUG: 🔒 Tenant isolation: 57cab5a9-3c1f-428e-9b80-34d3ca27ad3b
[2026-03-29T12:52:21.689Z] DEBUG: 📝 SQL: 
      INSERT INTO verification_requests
      (document_type, document_number, business_name, client_id, api_status)
      VALUES ($1,$2,$3,$4::uuid,'pending')
      RETURNING *
    ...
[2026-03-29T12:52:21.692Z] INFO: POST /api/verifications/gstin 201 - 4ms
[2026-03-29T12:52:21.693Z] DEBUG: 📥 POST /api/verifications/retry/677bd797-625b-4a83-9e0c-ab7fbcb4f8f9 [object Object]
[2026-03-29T12:52:21.694Z] DEBUG: 🔒 Tenant isolation: 57cab5a9-3c1f-428e-9b80-34d3ca27ad3b
[2026-03-29T12:52:21.695Z] DEBUG: 📝 SQL: SELECT * FROM verification_requests WHERE id = $1...
[2026-03-29T12:52:21.696Z] DEBUG: 📝 SQL: UPDATE verification_requests
       SET retry_count = retry_count + 1,
           last_retry_at = NOW(),
           status = 'retrying'
       WHERE id = $1
       RETURNING *...
[2026-03-29T12:52:21.697Z] DEBUG: 📝 SQL: INSERT INTO verification_retry_history
       (verification_id, retry_number, retry_status, retry_reason)
       VALUES ($1,$2,$3,$4)...
[2026-03-29T12:52:21.699Z] INFO: POST /api/verifications/retry/677bd797-625b-4a83-9e0c-ab7fbcb4f8f9 200 - 5ms
[2026-03-29T12:52:21.700Z] DEBUG: 📝 SQL: UPDATE verification_requests 
           SET api_status = 'failed', failure_reason = $1
           WHERE id = $2...
[2026-03-29T12:52:21.702Z] DEBUG: 📥 POST /api/auth/logout [object Object]
[2026-03-29T12:52:21.703Z] DEBUG: 📝 SQL: DELETE FROM refresh_tokens WHERE token = $1...
[2026-03-29T12:52:21.705Z] INFO: POST /api/auth/logout 200 - 3ms
[2026-03-29T12:52:21.708Z] DEBUG: 📥 POST /api/auth/refresh [object Object]
[2026-03-29T12:52:21.709Z] DEBUG: 📝 SQL: SELECT * FROM refresh_tokens WHERE token = $1...
[2026-03-29T12:52:21.711Z] WARN: POST /api/auth/refresh 403 - 2ms
[2026-03-29T12:52:21.752Z] DEBUG: 📝 SQL: UPDATE verification_requests 
           SET api_status = 'failed', failure_reason = $1
           WHERE id = $2...
[2026-03-29T12:54:59.160Z] INFO: 🚀 Server running on http://localhost:5001
[2026-03-29T12:54:59.160Z] INFO: 📦 Environment: development
[2026-03-29T12:54:59.160Z] INFO: 📝 API Docs:    http://localhost:5001/api
[2026-03-29T12:54:59.161Z] INFO: 💾 Database:    bgv_platform
[2026-03-29T12:54:59.161Z] INFO: 👤 DB User:     postgres
[2026-03-29T12:55:17.618Z] DEBUG: 📥 POST /api/auth/login [object Object]
[2026-03-29T12:55:17.624Z] DEBUG: 📝 SQL: SELECT * FROM users WHERE email = $1...
[2026-03-29T12:55:17.653Z] INFO: ✅ Database connected
[2026-03-29T12:55:17.707Z] DEBUG: 📝 SQL: INSERT INTO refresh_tokens (user_id, token, expires_at)
       VALUES ($1, $2, NOW() + INTERVAL '7 days')...
[2026-03-29T12:55:17.713Z] INFO: POST /api/auth/login 200 - 94ms
[2026-03-29T12:55:17.734Z] DEBUG: 📥 POST /api/verifications/pan [object Object]
[2026-03-29T12:55:17.736Z] DEBUG: 🔒 Tenant isolation: 57cab5a9-3c1f-428e-9b80-34d3ca27ad3b
[2026-03-29T12:55:17.736Z] DEBUG: 📝 SQL: 
      INSERT INTO verification_requests
      (document_type, document_number, full_name, dob, client_id, api_status)
      VALUES ($1,$2,$3,$4,$5::uuid,'pending')
      RETURNING *
    ...
[2026-03-29T12:55:17.751Z] INFO: POST /api/verifications/pan 201 - 16ms
[2026-03-29T12:55:18.010Z] DEBUG: 📝 SQL: UPDATE verification_requests 
           SET api_status = 'failed', failure_reason = $1
           WHERE id = $2...
[2026-03-29T12:55:20.755Z] DEBUG: 📥 POST /api/verifications/aadhaar [object Object]
[2026-03-29T12:55:20.756Z] DEBUG: 🔒 Tenant isolation: 57cab5a9-3c1f-428e-9b80-34d3ca27ad3b
[2026-03-29T12:55:20.756Z] DEBUG: 📝 SQL: 
      INSERT INTO verification_requests
      (document_type, document_number, full_name, client_id, api_status)
      VALUES ($1,$2,$3,$4::uuid,'pending')
      RETURNING *
    ...
[2026-03-29T12:55:20.760Z] INFO: POST /api/verifications/aadhaar 201 - 5ms
[2026-03-29T12:55:20.762Z] DEBUG: 📥 POST /api/verifications/gstin [object Object]
[2026-03-29T12:55:20.764Z] DEBUG: 🔒 Tenant isolation: 57cab5a9-3c1f-428e-9b80-34d3ca27ad3b
[2026-03-29T12:55:20.764Z] DEBUG: 📝 SQL: 
      INSERT INTO verification_requests
      (document_type, document_number, business_name, client_id, api_status)
      VALUES ($1,$2,$3,$4::uuid,'pending')
      RETURNING *
    ...
[2026-03-29T12:55:20.768Z] INFO: POST /api/verifications/gstin 201 - 5ms
[2026-03-29T12:55:20.770Z] DEBUG: 📥 POST /api/verifications/retry/c0f2dbdf-70eb-404b-b636-51828479a02c [object Object]
[2026-03-29T12:55:20.771Z] DEBUG: 🔒 Tenant isolation: 57cab5a9-3c1f-428e-9b80-34d3ca27ad3b
[2026-03-29T12:55:20.771Z] DEBUG: 📝 SQL: SELECT * FROM verification_requests WHERE id = $1...
[2026-03-29T12:55:20.773Z] DEBUG: 📝 SQL: UPDATE verification_requests
       SET retry_count = retry_count + 1,
           last_retry_at = NOW(),
           status = 'retrying'
       WHERE id = $1
       RETURNING *...
[2026-03-29T12:55:20.775Z] DEBUG: 📝 SQL: INSERT INTO verification_retry_history
       (verification_id, retry_number, retry_status, retry_reason)
       VALUES ($1,$2,$3,$4)...
[2026-03-29T12:55:20.777Z] INFO: POST /api/verifications/retry/c0f2dbdf-70eb-404b-b636-51828479a02c 200 - 7ms
[2026-03-29T12:55:20.780Z] DEBUG: 📥 POST /api/auth/logout [object Object]
[2026-03-29T12:55:20.781Z] DEBUG: 📝 SQL: DELETE FROM refresh_tokens WHERE token = $1...
[2026-03-29T12:55:20.783Z] INFO: POST /api/auth/logout 200 - 3ms
[2026-03-29T12:55:20.786Z] DEBUG: 📥 POST /api/auth/refresh [object Object]
[2026-03-29T12:55:20.787Z] DEBUG: 📝 SQL: SELECT * FROM refresh_tokens WHERE token = $1...
[2026-03-29T12:55:20.789Z] WARN: POST /api/auth/refresh 403 - 2ms
[2026-03-29T12:55:20.798Z] DEBUG: 📝 SQL: UPDATE verification_requests 
           SET api_status = 'failed', failure_reason = $1
           WHERE id = $2...
[2026-03-29T12:55:20.858Z] DEBUG: 📝 SQL: UPDATE verification_requests 
           SET api_status = 'failed', failure_reason = $1
           WHERE id = $2...
[2026-03-29T12:57:58.368Z] INFO: 🚀 Server running on http://localhost:5001
[2026-03-29T12:57:58.369Z] INFO: 📦 Environment: development
[2026-03-29T12:57:58.369Z] INFO: 📝 API Docs:    http://localhost:5001/api
[2026-03-29T12:57:58.370Z] INFO: 💾 Database:    bgv_platform
[2026-03-29T12:57:58.370Z] INFO: 👤 DB User:     postgres
[2026-03-29T12:58:10.391Z] DEBUG: 📥 POST /api/auth/login [object Object]
[2026-03-29T12:58:10.398Z] DEBUG: 📝 SQL: SELECT * FROM users WHERE email = $1...
[2026-03-29T12:58:10.428Z] INFO: ✅ Database connected
[2026-03-29T12:58:10.485Z] DEBUG: 📝 SQL: INSERT INTO refresh_tokens (user_id, token, expires_at)
       VALUES ($1, $2, NOW() + INTERVAL '7 days')...
[2026-03-29T12:58:10.491Z] INFO: POST /api/auth/login 200 - 100ms
[2026-03-29T12:58:10.513Z] DEBUG: 📥 POST /api/verifications/pan [object Object]
[2026-03-29T12:58:10.515Z] DEBUG: 🔒 Tenant isolation: 57cab5a9-3c1f-428e-9b80-34d3ca27ad3b
[2026-03-29T12:58:10.516Z] DEBUG: 📝 SQL: 
      INSERT INTO verification_requests
      (document_type, document_number, full_name, dob, client_id, api_status)
      VALUES ($1,$2,$3,$4,$5::uuid,'pending')
      RETURNING *
    ...
[2026-03-29T12:58:10.537Z] INFO: POST /api/verifications/pan 201 - 23ms
[2026-03-29T12:58:10.644Z] DEBUG: 📝 SQL: UPDATE verification_requests 
           SET api_status = 'failed', failure_reason = $1
           WHERE id = $2...
[2026-03-29T12:58:13.552Z] DEBUG: 📥 POST /api/verifications/aadhaar [object Object]
[2026-03-29T12:58:13.552Z] DEBUG: 🔒 Tenant isolation: 57cab5a9-3c1f-428e-9b80-34d3ca27ad3b
[2026-03-29T12:58:13.553Z] DEBUG: 📝 SQL: 
      INSERT INTO verification_requests
      (document_type, document_number, full_name, client_id, api_status)
      VALUES ($1,$2,$3,$4::uuid,'pending')
      RETURNING *
    ...
[2026-03-29T12:58:13.562Z] INFO: POST /api/verifications/aadhaar 201 - 10ms
[2026-03-29T12:58:13.565Z] DEBUG: 📥 POST /api/verifications/gstin [object Object]
[2026-03-29T12:58:13.566Z] DEBUG: 🔒 Tenant isolation: 57cab5a9-3c1f-428e-9b80-34d3ca27ad3b
[2026-03-29T12:58:13.566Z] DEBUG: 📝 SQL: 
      INSERT INTO verification_requests
      (document_type, document_number, business_name, client_id, api_status)
      VALUES ($1,$2,$3,$4::uuid,'pending')
      RETURNING *
    ...
[2026-03-29T12:58:13.569Z] INFO: POST /api/verifications/gstin 201 - 4ms
[2026-03-29T12:58:13.571Z] DEBUG: 📥 POST /api/verifications/retry/a3a4a32e-8919-4c6b-93a0-3eb2e2a53f8a [object Object]
[2026-03-29T12:58:13.572Z] DEBUG: 🔒 Tenant isolation: 57cab5a9-3c1f-428e-9b80-34d3ca27ad3b
[2026-03-29T12:58:13.573Z] DEBUG: 📝 SQL: SELECT * FROM verification_requests WHERE id = $1...
[2026-03-29T12:58:13.574Z] DEBUG: 📝 SQL: UPDATE verification_requests
       SET retry_count = retry_count + 1,
           last_retry_at = NOW(),
           status = 'retrying'
       WHERE id = $1
       RETURNING *...
[2026-03-29T12:58:13.575Z] DEBUG: 📝 SQL: INSERT INTO verification_retry_history
       (verification_id, retry_number, retry_status, retry_reason)
       VALUES ($1,$2,$3,$4)...
[2026-03-29T12:58:13.577Z] INFO: POST /api/verifications/retry/a3a4a32e-8919-4c6b-93a0-3eb2e2a53f8a 200 - 6ms
[2026-03-29T12:58:13.579Z] DEBUG: 📝 SQL: UPDATE verification_requests 
           SET api_status = 'failed', failure_reason = $1
           WHERE id = $2...
[2026-03-29T12:58:13.580Z] DEBUG: 📥 POST /api/auth/logout [object Object]
[2026-03-29T12:58:13.581Z] DEBUG: 📝 SQL: DELETE FROM refresh_tokens WHERE token = $1...
[2026-03-29T12:58:13.605Z] INFO: ✅ Database connected
[2026-03-29T12:58:13.608Z] INFO: POST /api/auth/logout 200 - 27ms
[2026-03-29T12:58:13.611Z] DEBUG: 📥 POST /api/auth/refresh [object Object]
[2026-03-29T12:58:13.612Z] DEBUG: 📝 SQL: SELECT * FROM refresh_tokens WHERE token = $1...
[2026-03-29T12:58:13.613Z] WARN: POST /api/auth/refresh 403 - 2ms
[2026-03-29T12:58:13.616Z] DEBUG: 📝 SQL: UPDATE verification_requests 
           SET api_status = 'failed', failure_reason = $1
           WHERE id = $2...
[2026-03-29T13:03:28.978Z] INFO: 🚀 Server running on http://localhost:5001
[2026-03-29T13:03:28.978Z] INFO: 📦 Environment: development
[2026-03-29T13:03:28.979Z] INFO: 📝 API Docs:    http://localhost:5001/api
[2026-03-29T13:03:28.979Z] INFO: 💾 Database:    bgv_platform
[2026-03-29T13:03:28.980Z] INFO: 👤 DB User:     postgres
[2026-03-29T13:03:38.224Z] DEBUG: 📥 POST /api/auth/login [object Object]
[2026-03-29T13:03:38.231Z] DEBUG: 📝 SQL: SELECT * FROM users WHERE email = $1...
[2026-03-29T13:03:38.261Z] INFO: ✅ Database connected
[2026-03-29T13:03:38.319Z] DEBUG: 📝 SQL: INSERT INTO refresh_tokens (user_id, token, expires_at)
       VALUES ($1, $2, NOW() + INTERVAL '7 days')...
[2026-03-29T13:03:38.326Z] INFO: POST /api/auth/login 200 - 102ms
[2026-03-29T13:03:38.333Z] DEBUG: 📥 POST /api/verifications/pan [object Object]
[2026-03-29T13:03:38.335Z] DEBUG: 🔒 Tenant isolation: 57cab5a9-3c1f-428e-9b80-34d3ca27ad3b
[2026-03-29T13:03:38.335Z] DEBUG: 📝 SQL: 
      INSERT INTO verification_requests
      (document_type, document_number, full_name, dob, client_id, api_status)
      VALUES ($1,$2,$3,$4,$5::uuid,'pending')
      RETURNING *
    ...
[2026-03-29T13:03:38.351Z] INFO: POST /api/verifications/pan 201 - 18ms
[2026-03-29T13:03:38.461Z] DEBUG: 📝 SQL: UPDATE verification_requests 
           SET api_status = 'failed', failure_reason = $1
           WHERE id = $2...
[2026-03-29T13:03:41.363Z] DEBUG: 📥 POST /api/verifications/aadhaar [object Object]
[2026-03-29T13:03:41.364Z] DEBUG: 🔒 Tenant isolation: 57cab5a9-3c1f-428e-9b80-34d3ca27ad3b
[2026-03-29T13:03:41.365Z] DEBUG: 📝 SQL: 
      INSERT INTO verification_requests
      (document_type, document_number, full_name, client_id, api_status)
      VALUES ($1,$2,$3,$4::uuid,'pending')
      RETURNING *
    ...
[2026-03-29T13:03:41.369Z] INFO: POST /api/verifications/aadhaar 201 - 5ms
[2026-03-29T13:03:41.374Z] DEBUG: 📥 POST /api/verifications/gstin [object Object]
[2026-03-29T13:03:41.375Z] DEBUG: 🔒 Tenant isolation: 57cab5a9-3c1f-428e-9b80-34d3ca27ad3b
[2026-03-29T13:03:41.375Z] DEBUG: 📝 SQL: 
      INSERT INTO verification_requests
      (document_type, document_number, business_name, client_id, api_status)
      VALUES ($1,$2,$3,$4::uuid,'pending')
      RETURNING *
    ...
[2026-03-29T13:03:41.380Z] INFO: POST /api/verifications/gstin 201 - 6ms
[2026-03-29T13:03:41.382Z] DEBUG: 📥 POST /api/verifications/retry/0d12d7e1-c859-4916-96f0-c467f0ccb524 [object Object]
[2026-03-29T13:03:41.383Z] DEBUG: 🔒 Tenant isolation: 57cab5a9-3c1f-428e-9b80-34d3ca27ad3b
[2026-03-29T13:03:41.383Z] DEBUG: 📝 SQL: SELECT * FROM verification_requests WHERE id = $1...
[2026-03-29T13:03:41.384Z] DEBUG: 📝 SQL: UPDATE verification_requests
       SET retry_count = retry_count + 1,
           last_retry_at = NOW(),
           status = 'retrying'
       WHERE id = $1
       RETURNING *...
[2026-03-29T13:03:41.385Z] DEBUG: 📝 SQL: INSERT INTO verification_retry_history
       (verification_id, retry_number, retry_status, retry_reason)
       VALUES ($1,$2,$3,$4)...
[2026-03-29T13:03:41.388Z] INFO: POST /api/verifications/retry/0d12d7e1-c859-4916-96f0-c467f0ccb524 200 - 6ms
[2026-03-29T13:03:41.391Z] DEBUG: 📥 POST /api/auth/logout [object Object]
[2026-03-29T13:03:41.392Z] DEBUG: 📝 SQL: DELETE FROM refresh_tokens WHERE token = $1...
[2026-03-29T13:03:41.394Z] INFO: POST /api/auth/logout 200 - 3ms
[2026-03-29T13:03:41.400Z] DEBUG: 📥 POST /api/auth/refresh [object Object]
[2026-03-29T13:03:41.401Z] DEBUG: 📝 SQL: SELECT * FROM refresh_tokens WHERE token = $1...
[2026-03-29T13:03:41.402Z] WARN: POST /api/auth/refresh 403 - 2ms
[2026-03-29T13:03:41.403Z] DEBUG: 📝 SQL: UPDATE verification_requests 
           SET api_status = 'failed', failure_reason = $1
           WHERE id = $2...
[2026-03-29T13:03:41.437Z] DEBUG: 📝 SQL: UPDATE verification_requests 
           SET api_status = 'failed', failure_reason = $1
           WHERE id = $2...
[2026-03-29T13:07:05.992Z] INFO: 🚀 Server running on http://localhost:5001
[2026-03-29T13:07:05.992Z] INFO: 📦 Environment: development
[2026-03-29T13:07:05.993Z] INFO: 📝 API Docs:    http://localhost:5001/api
[2026-03-29T13:07:05.993Z] INFO: 💾 Database:    bgv_platform
[2026-03-29T13:07:05.993Z] INFO: 👤 DB User:     postgres
[2026-03-29T13:07:15.059Z] DEBUG: 📥 POST /api/auth/login [object Object]
[2026-03-29T13:07:15.065Z] DEBUG: 📝 SQL: SELECT * FROM users WHERE email = $1...
[2026-03-29T13:07:15.097Z] INFO: ✅ Database connected
[2026-03-29T13:07:15.159Z] DEBUG: 📝 SQL: INSERT INTO refresh_tokens (user_id, token, expires_at)
       VALUES ($1, $2, NOW() + INTERVAL '7 days')...
[2026-03-29T13:07:15.175Z] INFO: POST /api/auth/login 200 - 116ms
[2026-03-29T13:07:15.198Z] DEBUG: 📥 POST /api/verifications/pan [object Object]
[2026-03-29T13:07:15.200Z] DEBUG: 🔒 Tenant isolation: 57cab5a9-3c1f-428e-9b80-34d3ca27ad3b
[2026-03-29T13:07:15.201Z] DEBUG: 📝 SQL: 
      INSERT INTO verification_requests
      (document_type, document_number, full_name, dob, client_id, api_status)
      VALUES ($1,$2,$3,$4,$5::uuid,'pending')
      RETURNING *
    ...
[2026-03-29T13:07:15.222Z] INFO: POST /api/verifications/pan 201 - 23ms
[2026-03-29T13:07:15.237Z] DEBUG: 📝 SQL: UPDATE verification_requests 
           SET api_status = 'failed', failure_reason = $1
           WHERE id = $2...
[2026-03-29T13:07:18.222Z] DEBUG: 📥 POST /api/verifications/aadhaar [object Object]
[2026-03-29T13:07:18.223Z] DEBUG: 🔒 Tenant isolation: 57cab5a9-3c1f-428e-9b80-34d3ca27ad3b
[2026-03-29T13:07:18.224Z] DEBUG: 📝 SQL: 
      INSERT INTO verification_requests
      (document_type, document_number, full_name, client_id, api_status)
      VALUES ($1,$2,$3,$4::uuid,'pending')
      RETURNING *
    ...
[2026-03-29T13:07:18.234Z] INFO: POST /api/verifications/aadhaar 201 - 11ms
[2026-03-29T13:07:18.235Z] DEBUG: 📝 SQL: UPDATE verification_requests 
           SET api_status = 'failed', failure_reason = $1
           WHERE id = $2...
[2026-03-29T13:07:18.236Z] DEBUG: 📥 POST /api/verifications/gstin [object Object]
[2026-03-29T13:07:18.237Z] DEBUG: 🔒 Tenant isolation: 57cab5a9-3c1f-428e-9b80-34d3ca27ad3b
[2026-03-29T13:07:18.238Z] DEBUG: 📝 SQL: 
      INSERT INTO verification_requests
      (document_type, document_number, business_name, client_id, api_status)
      VALUES ($1,$2,$3,$4::uuid,'pending')
      RETURNING *
    ...
[2026-03-29T13:07:18.241Z] INFO: POST /api/verifications/gstin 201 - 5ms
[2026-03-29T13:07:18.242Z] DEBUG: 📝 SQL: UPDATE verification_requests 
           SET api_status = 'failed', failure_reason = $1
           WHERE id = $2...
[2026-03-29T13:07:18.244Z] DEBUG: 📥 POST /api/verifications/retry/c456abc3-106d-4911-bd95-4b9342419e6f [object Object]
[2026-03-29T13:07:18.245Z] DEBUG: 🔒 Tenant isolation: 57cab5a9-3c1f-428e-9b80-34d3ca27ad3b
[2026-03-29T13:07:18.246Z] DEBUG: 📝 SQL: SELECT * FROM verification_requests WHERE id = $1...
[2026-03-29T13:07:18.247Z] DEBUG: 📝 SQL: UPDATE verification_requests
       SET retry_count = retry_count + 1,
           last_retry_at = NOW(),
           status = 'retrying'
       WHERE id = $1
       RETURNING *...
[2026-03-29T13:07:18.249Z] DEBUG: 📝 SQL: INSERT INTO verification_retry_history
       (verification_id, retry_number, retry_status, retry_reason)
       VALUES ($1,$2,$3,$4)...
[2026-03-29T13:07:18.251Z] INFO: POST /api/verifications/retry/c456abc3-106d-4911-bd95-4b9342419e6f 200 - 6ms
[2026-03-29T13:07:18.254Z] DEBUG: 📥 POST /api/auth/logout [object Object]
[2026-03-29T13:07:18.255Z] DEBUG: 📝 SQL: DELETE FROM refresh_tokens WHERE token = $1...
[2026-03-29T13:07:18.257Z] INFO: POST /api/auth/logout 200 - 2ms
[2026-03-29T13:07:18.259Z] DEBUG: 📥 POST /api/auth/refresh [object Object]
[2026-03-29T13:07:18.260Z] DEBUG: 📝 SQL: SELECT * FROM refresh_tokens WHERE token = $1...
[2026-03-29T13:07:18.261Z] WARN: POST /api/auth/refresh 403 - 2ms
[2026-03-29T13:27:40.043Z] INFO: 🚀 Server running on http://localhost:5001
[2026-03-29T13:27:40.044Z] INFO: 📦 Environment: development
[2026-03-29T13:27:40.044Z] INFO: 📝 API Docs:    http://localhost:5001/api
[2026-03-29T13:27:40.044Z] INFO: 💾 Database:    bgv_platform
[2026-03-29T13:27:40.045Z] INFO: 👤 DB User:     postgres
[2026-03-29T13:27:48.365Z] DEBUG: 📥 POST /api/auth/login [object Object]
[2026-03-29T13:27:48.371Z] DEBUG: 📝 SQL: SELECT * FROM users WHERE email = $1...
[2026-03-29T13:27:48.402Z] INFO: ✅ Database connected
[2026-03-29T13:27:48.456Z] DEBUG: 📝 SQL: INSERT INTO refresh_tokens (user_id, token, expires_at)
       VALUES ($1, $2, NOW() + INTERVAL '7 days')...
[2026-03-29T13:27:48.463Z] INFO: POST /api/auth/login 200 - 98ms
[2026-03-29T13:27:48.470Z] DEBUG: 📥 POST /api/verifications/pan [object Object]
[2026-03-29T13:27:48.471Z] DEBUG: 🔒 Tenant isolation: 57cab5a9-3c1f-428e-9b80-34d3ca27ad3b
[2026-03-29T13:27:48.472Z] DEBUG: 📝 SQL: 
      INSERT INTO verification_requests
      (document_type, document_number, full_name, dob, client_id, api_status)
      VALUES ($1,$2,$3,$4,$5::uuid,'pending')
      RETURNING *
    ...
[2026-03-29T13:27:48.500Z] INFO: POST /api/verifications/pan 201 - 30ms
[2026-03-29T13:27:48.746Z] DEBUG: 📝 SQL: UPDATE verification_requests 
           SET api_status = 'failed', failure_reason = $1
           WHERE id = $2...
[2026-03-29T13:27:51.496Z] DEBUG: 📥 POST /api/verifications/aadhaar [object Object]
[2026-03-29T13:27:51.497Z] DEBUG: 🔒 Tenant isolation: 57cab5a9-3c1f-428e-9b80-34d3ca27ad3b
[2026-03-29T13:27:51.498Z] DEBUG: 📝 SQL: 
      INSERT INTO verification_requests
      (document_type, document_number, full_name, client_id, api_status)
      VALUES ($1,$2,$3,$4::uuid,'pending')
      RETURNING *
    ...
[2026-03-29T13:27:51.510Z] INFO: POST /api/verifications/aadhaar 201 - 14ms
[2026-03-29T13:27:51.513Z] DEBUG: 📥 POST /api/verifications/gstin [object Object]
[2026-03-29T13:27:51.515Z] DEBUG: 🔒 Tenant isolation: 57cab5a9-3c1f-428e-9b80-34d3ca27ad3b
[2026-03-29T13:27:51.515Z] DEBUG: 📝 SQL: 
      INSERT INTO verification_requests
      (document_type, document_number, business_name, client_id, api_status)
      VALUES ($1,$2,$3,$4::uuid,'pending')
      RETURNING *
    ...
[2026-03-29T13:27:51.520Z] INFO: POST /api/verifications/gstin 201 - 5ms
[2026-03-29T13:27:51.521Z] DEBUG: 📥 POST /api/verifications/retry/73038368-52c8-4fbf-a9d0-a2691a0fdf16 [object Object]
[2026-03-29T13:27:51.522Z] DEBUG: 🔒 Tenant isolation: 57cab5a9-3c1f-428e-9b80-34d3ca27ad3b
[2026-03-29T13:27:51.522Z] DEBUG: 📝 SQL: SELECT * FROM verification_requests WHERE id = $1...
[2026-03-29T13:27:51.524Z] DEBUG: 📝 SQL: UPDATE verification_requests
       SET retry_count = retry_count + 1,
           last_retry_at = NOW(),
           status = 'retrying'
       WHERE id = $1
       RETURNING *...
[2026-03-29T13:27:51.525Z] DEBUG: 📝 SQL: INSERT INTO verification_retry_history
       (verification_id, retry_number, retry_status, retry_reason)
       VALUES ($1,$2,$3,$4)...
[2026-03-29T13:27:51.527Z] INFO: POST /api/verifications/retry/73038368-52c8-4fbf-a9d0-a2691a0fdf16 200 - 6ms
[2026-03-29T13:27:51.531Z] DEBUG: 📥 POST /api/auth/logout [object Object]
[2026-03-29T13:27:51.532Z] DEBUG: 📝 SQL: DELETE FROM refresh_tokens WHERE token = $1...
[2026-03-29T13:27:51.534Z] INFO: POST /api/auth/logout 200 - 2ms
[2026-03-29T13:27:51.537Z] DEBUG: 📥 POST /api/auth/refresh [object Object]
[2026-03-29T13:27:51.538Z] DEBUG: 📝 SQL: SELECT * FROM refresh_tokens WHERE token = $1...
[2026-03-29T13:27:51.539Z] WARN: POST /api/auth/refresh 403 - 1ms
[2026-03-29T13:27:51.568Z] DEBUG: 📝 SQL: UPDATE verification_requests 
           SET api_status = 'failed', failure_reason = $1
           WHERE id = $2...
[2026-03-29T13:27:51.615Z] DEBUG: 📝 SQL: UPDATE verification_requests 
           SET api_status = 'failed', failure_reason = $1
           WHERE id = $2...
[2026-03-29T13:36:03.422Z] INFO: 🚀 Server running on http://localhost:5001
[2026-03-29T13:36:03.423Z] INFO: 📦 Environment: development
[2026-03-29T13:36:03.424Z] INFO: 📝 API Docs:    http://localhost:5001/api
[2026-03-29T13:36:03.424Z] INFO: 💾 Database:    bgv_platform
[2026-03-29T13:36:03.425Z] INFO: 👤 DB User:     postgres
[2026-03-29T13:36:11.997Z] DEBUG: 📥 POST /api/auth/login [object Object]
[2026-03-29T13:36:12.004Z] DEBUG: 📝 SQL: SELECT * FROM users WHERE email = $1...
[2026-03-29T13:36:12.034Z] INFO: ✅ Database connected
[2026-03-29T13:36:12.091Z] DEBUG: 📝 SQL: INSERT INTO refresh_tokens (user_id, token, expires_at)
       VALUES ($1, $2, NOW() + INTERVAL '7 days')...
[2026-03-29T13:36:12.096Z] INFO: POST /api/auth/login 200 - 99ms
[2026-03-29T13:36:12.102Z] DEBUG: 📥 POST /api/verifications/pan [object Object]
[2026-03-29T13:36:12.104Z] DEBUG: 🔒 Tenant isolation: 57cab5a9-3c1f-428e-9b80-34d3ca27ad3b
[2026-03-29T13:36:12.104Z] DEBUG: 📝 SQL: 
      INSERT INTO verification_requests
      (document_type, document_number, full_name, dob, client_id, api_status)
      VALUES ($1,$2,$3,$4,$5::uuid,'pending')
      RETURNING *
    ...
[2026-03-29T13:36:12.118Z] INFO: POST /api/verifications/pan 201 - 16ms
[2026-03-29T13:36:12.319Z] DEBUG: 📝 SQL: UPDATE verification_requests 
           SET api_status = 'failed', failure_reason = $1
           WHERE id = $2...
[2026-03-29T13:36:15.135Z] DEBUG: 📥 POST /api/verifications/aadhaar [object Object]
[2026-03-29T13:36:15.136Z] DEBUG: 🔒 Tenant isolation: 57cab5a9-3c1f-428e-9b80-34d3ca27ad3b
[2026-03-29T13:36:15.137Z] DEBUG: 📝 SQL: 
      INSERT INTO verification_requests
      (document_type, document_number, full_name, client_id, api_status)
      VALUES ($1,$2,$3,$4::uuid,'pending')
      RETURNING *
    ...
[2026-03-29T13:36:15.139Z] DEBUG: 📝 SQL: UPDATE verification_requests 
           SET api_status = 'failed', failure_reason = $1
           WHERE id = $2...
[2026-03-29T13:36:15.140Z] INFO: POST /api/verifications/aadhaar 201 - 5ms
[2026-03-29T13:36:15.143Z] DEBUG: 📥 POST /api/verifications/gstin [object Object]
[2026-03-29T13:36:15.144Z] DEBUG: 🔒 Tenant isolation: 57cab5a9-3c1f-428e-9b80-34d3ca27ad3b
[2026-03-29T13:36:15.145Z] DEBUG: 📝 SQL: 
      INSERT INTO verification_requests
      (document_type, document_number, business_name, client_id, api_status)
      VALUES ($1,$2,$3,$4::uuid,'pending')
      RETURNING *
    ...
[2026-03-29T13:36:15.147Z] DEBUG: 📝 SQL: UPDATE verification_requests 
           SET api_status = 'failed', failure_reason = $1
           WHERE id = $2...
[2026-03-29T13:36:15.147Z] INFO: POST /api/verifications/gstin 201 - 3ms
[2026-03-29T13:36:15.150Z] DEBUG: 📥 POST /api/verifications/retry/e4c54f4a-a80f-471d-8039-f61b227e6463 [object Object]
[2026-03-29T13:36:15.151Z] DEBUG: 🔒 Tenant isolation: 57cab5a9-3c1f-428e-9b80-34d3ca27ad3b
[2026-03-29T13:36:15.152Z] DEBUG: 📝 SQL: SELECT * FROM verification_requests WHERE id = $1...
[2026-03-29T13:36:15.153Z] DEBUG: 📝 SQL: UPDATE verification_requests
       SET retry_count = retry_count + 1,
           last_retry_at = NOW(),
           status = 'retrying'
       WHERE id = $1
       RETURNING *...
[2026-03-29T13:36:15.154Z] DEBUG: 📝 SQL: INSERT INTO verification_retry_history
       (verification_id, retry_number, retry_status, retry_reason)
       VALUES ($1,$2,$3,$4)...
[2026-03-29T13:36:15.156Z] INFO: POST /api/verifications/retry/e4c54f4a-a80f-471d-8039-f61b227e6463 200 - 6ms
[2026-03-29T13:36:15.160Z] DEBUG: 📥 POST /api/auth/logout [object Object]
[2026-03-29T13:36:15.161Z] DEBUG: 📝 SQL: DELETE FROM refresh_tokens WHERE token = $1...
[2026-03-29T13:36:15.163Z] INFO: POST /api/auth/logout 200 - 3ms
[2026-03-29T13:36:15.166Z] DEBUG: 📥 POST /api/auth/refresh [object Object]
[2026-03-29T13:36:15.167Z] DEBUG: 📝 SQL: SELECT * FROM refresh_tokens WHERE token = $1...
[2026-03-29T13:36:15.168Z] WARN: POST /api/auth/refresh 403 - 2ms
[2026-03-29T13:38:50.000Z] INFO: 🚀 Server running on http://localhost:5001
[2026-03-29T13:38:50.000Z] INFO: 📦 Environment: development
[2026-03-29T13:38:50.001Z] INFO: 📝 API Docs:    http://localhost:5001/api
[2026-03-29T13:38:50.001Z] INFO: 💾 Database:    bgv_platform
[2026-03-29T13:38:50.001Z] INFO: 👤 DB User:     postgres
[2026-03-29T13:39:07.929Z] DEBUG: 📥 POST /api/auth/login [object Object]
[2026-03-29T13:39:07.936Z] DEBUG: 📝 SQL: SELECT * FROM users WHERE email = $1...
[2026-03-29T13:39:08.068Z] INFO: ✅ Database connected
[2026-03-29T13:39:08.129Z] DEBUG: 📝 SQL: INSERT INTO refresh_tokens (user_id, token, expires_at)
       VALUES ($1, $2, NOW() + INTERVAL '7 days')...
[2026-03-29T13:39:08.134Z] INFO: POST /api/auth/login 200 - 204ms
[2026-03-29T13:39:08.415Z] DEBUG: 📥 POST /api/verifications/pan [object Object]
[2026-03-29T13:39:08.417Z] DEBUG: 🔒 Tenant isolation: 57cab5a9-3c1f-428e-9b80-34d3ca27ad3b
[2026-03-29T13:39:08.418Z] DEBUG: 📝 SQL: 
      INSERT INTO verification_requests
      (document_type, document_number, full_name, dob, client_id, api_status)
      VALUES ($1,$2,$3,$4,$5::uuid,'pending')
      RETURNING *
    ...
[2026-03-29T13:39:08.432Z] INFO: POST /api/verifications/pan 201 - 16ms
[2026-03-29T13:39:08.604Z] DEBUG: 📝 SQL: UPDATE verification_requests 
           SET api_status = 'failed', failure_reason = $1
           WHERE id = $2...
[2026-03-29T13:39:11.832Z] DEBUG: 📥 POST /api/verifications/aadhaar [object Object]
[2026-03-29T13:39:11.833Z] DEBUG: 🔒 Tenant isolation: 57cab5a9-3c1f-428e-9b80-34d3ca27ad3b
[2026-03-29T13:39:11.834Z] DEBUG: 📝 SQL: 
      INSERT INTO verification_requests
      (document_type, document_number, full_name, client_id, api_status)
      VALUES ($1,$2,$3,$4::uuid,'pending')
      RETURNING *
    ...
[2026-03-29T13:39:11.837Z] DEBUG: 📝 SQL: UPDATE verification_requests 
           SET api_status = 'failed', failure_reason = $1
           WHERE id = $2...
[2026-03-29T13:39:11.837Z] INFO: POST /api/verifications/aadhaar 201 - 5ms
[2026-03-29T13:39:11.995Z] DEBUG: 📥 POST /api/verifications/gstin [object Object]
[2026-03-29T13:39:11.996Z] DEBUG: 🔒 Tenant isolation: 57cab5a9-3c1f-428e-9b80-34d3ca27ad3b
[2026-03-29T13:39:11.996Z] DEBUG: 📝 SQL: 
      INSERT INTO verification_requests
      (document_type, document_number, business_name, client_id, api_status)
      VALUES ($1,$2,$3,$4::uuid,'pending')
      RETURNING *
    ...
[2026-03-29T13:39:11.999Z] DEBUG: 📝 SQL: UPDATE verification_requests 
           SET api_status = 'failed', failure_reason = $1
           WHERE id = $2...
[2026-03-29T13:39:11.999Z] INFO: POST /api/verifications/gstin 201 - 4ms
[2026-03-29T13:39:12.122Z] DEBUG: 📥 POST /api/verifications/retry/a64ceb73-af7a-4f09-bcc5-69357a9c146c [object Object]
[2026-03-29T13:39:12.123Z] DEBUG: 🔒 Tenant isolation: 57cab5a9-3c1f-428e-9b80-34d3ca27ad3b
[2026-03-29T13:39:12.124Z] DEBUG: 📝 SQL: SELECT * FROM verification_requests WHERE id = $1...
[2026-03-29T13:39:12.125Z] DEBUG: 📝 SQL: UPDATE verification_requests
       SET retry_count = retry_count + 1,
           last_retry_at = NOW(),
           status = 'retrying'
       WHERE id = $1
       RETURNING *...
[2026-03-29T13:39:12.126Z] DEBUG: 📝 SQL: INSERT INTO verification_retry_history
       (verification_id, retry_number, retry_status, retry_reason)
       VALUES ($1,$2,$3,$4)...
[2026-03-29T13:39:12.128Z] INFO: POST /api/verifications/retry/a64ceb73-af7a-4f09-bcc5-69357a9c146c 200 - 6ms
[2026-03-29T13:39:12.274Z] DEBUG: 📥 POST /api/auth/logout [object Object]
[2026-03-29T13:39:12.275Z] DEBUG: 📝 SQL: DELETE FROM refresh_tokens WHERE token = $1...
[2026-03-29T13:39:12.277Z] INFO: POST /api/auth/logout 200 - 3ms
[2026-03-29T13:39:12.429Z] DEBUG: 📥 POST /api/auth/refresh [object Object]
[2026-03-29T13:39:12.430Z] DEBUG: 📝 SQL: SELECT * FROM refresh_tokens WHERE token = $1...
[2026-03-29T13:39:12.431Z] WARN: POST /api/auth/refresh 403 - 2ms
[2026-03-29T13:44:30.303Z] INFO: 🚀 Server running on http://localhost:5001
[2026-03-29T13:44:30.304Z] INFO: 📦 Environment: development
[2026-03-29T13:44:30.305Z] INFO: 📝 API Docs:    http://localhost:5001/api
[2026-03-29T13:44:30.305Z] INFO: 💾 Database:    bgv_platform
[2026-03-29T13:44:30.305Z] INFO: 👤 DB User:     postgres
[2026-03-29T13:44:39.793Z] DEBUG: 📥 POST /api/auth/login [object Object]
[2026-03-29T13:44:39.800Z] DEBUG: 📝 SQL: SELECT * FROM users WHERE email = $1...
[2026-03-29T13:44:39.830Z] INFO: ✅ Database connected
[2026-03-29T13:44:39.889Z] DEBUG: 📝 SQL: INSERT INTO refresh_tokens (user_id, token, expires_at)
       VALUES ($1, $2, NOW() + INTERVAL '7 days')...
[2026-03-29T13:44:39.897Z] INFO: POST /api/auth/login 200 - 104ms
[2026-03-29T13:44:39.904Z] DEBUG: 📥 POST /api/verifications/pan [object Object]
[2026-03-29T13:44:39.906Z] DEBUG: 🔒 Tenant isolation: 57cab5a9-3c1f-428e-9b80-34d3ca27ad3b
[2026-03-29T13:44:39.907Z] DEBUG: 📝 SQL: 
      INSERT INTO verification_requests
      (document_type, document_number, full_name, dob, client_id, api_status)
      VALUES ($1,$2,$3,$4,$5::uuid,'pending')
      RETURNING *
    ...
[2026-03-29T13:44:39.926Z] INFO: POST /api/verifications/pan 201 - 20ms
[2026-03-29T13:44:40.206Z] DEBUG: 📝 SQL: UPDATE verification_requests 
           SET api_status = 'failed', failure_reason = $1
           WHERE id = $2...
[2026-03-29T13:44:42.940Z] DEBUG: 📥 POST /api/verifications/aadhaar [object Object]
[2026-03-29T13:44:42.941Z] DEBUG: 🔒 Tenant isolation: 57cab5a9-3c1f-428e-9b80-34d3ca27ad3b
[2026-03-29T13:44:42.942Z] DEBUG: 📝 SQL: 
      INSERT INTO verification_requests
      (document_type, document_number, full_name, client_id, api_status)
      VALUES ($1,$2,$3,$4::uuid,'pending')
      RETURNING *
    ...
[2026-03-29T13:44:42.951Z] DEBUG: 📝 SQL: UPDATE verification_requests 
           SET api_status = 'failed', failure_reason = $1
           WHERE id = $2...
[2026-03-29T13:44:42.951Z] INFO: POST /api/verifications/aadhaar 201 - 10ms
[2026-03-29T13:44:42.954Z] DEBUG: 📥 POST /api/verifications/gstin [object Object]
[2026-03-29T13:44:42.955Z] DEBUG: 🔒 Tenant isolation: 57cab5a9-3c1f-428e-9b80-34d3ca27ad3b
[2026-03-29T13:44:42.955Z] DEBUG: 📝 SQL: 
      INSERT INTO verification_requests
      (document_type, document_number, business_name, client_id, api_status)
      VALUES ($1,$2,$3,$4::uuid,'pending')
      RETURNING *
    ...
[2026-03-29T13:44:42.957Z] DEBUG: 📝 SQL: UPDATE verification_requests 
           SET api_status = 'failed', failure_reason = $1
           WHERE id = $2...
[2026-03-29T13:44:42.957Z] INFO: POST /api/verifications/gstin 201 - 3ms
[2026-03-29T13:44:42.959Z] DEBUG: 📥 POST /api/verifications/retry/0545246d-e308-47a9-bd17-d89ef75fc219 [object Object]
[2026-03-29T13:44:42.960Z] DEBUG: 🔒 Tenant isolation: 57cab5a9-3c1f-428e-9b80-34d3ca27ad3b
[2026-03-29T13:44:42.961Z] DEBUG: 📝 SQL: SELECT * FROM verification_requests WHERE id = $1...
[2026-03-29T13:44:42.962Z] DEBUG: 📝 SQL: UPDATE verification_requests
       SET retry_count = retry_count + 1,
           last_retry_at = NOW(),
           status = 'retrying'
       WHERE id = $1
       RETURNING *...
[2026-03-29T13:44:42.963Z] DEBUG: 📝 SQL: INSERT INTO verification_retry_history
       (verification_id, retry_number, retry_status, retry_reason)
       VALUES ($1,$2,$3,$4)...
[2026-03-29T13:44:42.966Z] INFO: POST /api/verifications/retry/0545246d-e308-47a9-bd17-d89ef75fc219 200 - 7ms
[2026-03-29T13:44:42.969Z] DEBUG: 📥 POST /api/auth/logout [object Object]
[2026-03-29T13:44:42.970Z] DEBUG: 📝 SQL: DELETE FROM refresh_tokens WHERE token = $1...
[2026-03-29T13:44:42.971Z] INFO: POST /api/auth/logout 200 - 2ms
[2026-03-29T13:44:42.974Z] DEBUG: 📥 POST /api/auth/refresh [object Object]
[2026-03-29T13:44:42.975Z] DEBUG: 📝 SQL: SELECT * FROM refresh_tokens WHERE token = $1...
[2026-03-29T13:44:42.976Z] WARN: POST /api/auth/refresh 403 - 2ms
[2026-03-29T13:48:34.500Z] INFO: 🚀 Server running on http://localhost:5001
[2026-03-29T13:48:34.500Z] INFO: 📦 Environment: development
[2026-03-29T13:48:34.501Z] INFO: 📝 API Docs:    http://localhost:5001/api
[2026-03-29T13:48:34.501Z] INFO: 💾 Database:    bgv_platform
[2026-03-29T13:48:34.501Z] INFO: 👤 DB User:     postgres
[2026-03-29T13:49:22.687Z] INFO: 🚀 Server running on http://localhost:5001
[2026-03-29T13:49:22.687Z] INFO: 📦 Environment: development
[2026-03-29T13:49:22.687Z] INFO: 📝 API Docs:    http://localhost:5001/api
[2026-03-29T13:49:22.688Z] INFO: 💾 Database:    bgv_platform
[2026-03-29T13:49:22.688Z] INFO: 👤 DB User:     postgres
[2026-03-29T13:49:34.169Z] DEBUG: 📥 POST /api/auth/login [object Object]
[2026-03-29T13:49:34.176Z] DEBUG: 📝 SQL: SELECT * FROM users WHERE email = $1...
[2026-03-29T13:49:34.204Z] INFO: ✅ Database connected
[2026-03-29T13:49:34.259Z] DEBUG: 📝 SQL: INSERT INTO refresh_tokens (user_id, token, expires_at)
       VALUES ($1, $2, NOW() + INTERVAL '7 days')...
[2026-03-29T13:49:34.273Z] INFO: POST /api/auth/login 200 - 103ms
[2026-03-29T13:49:34.294Z] DEBUG: 📥 POST /api/verifications/pan [object Object]
[2026-03-29T13:49:34.298Z] DEBUG: 🔒 Tenant isolation: 57cab5a9-3c1f-428e-9b80-34d3ca27ad3b
[2026-03-29T13:49:34.299Z] DEBUG: 📝 SQL: 
      INSERT INTO verification_requests
      (document_type, document_number, full_name, dob, client_id, api_status)
      VALUES ($1,$2,$3,$4,$5::uuid,'pending')
      RETURNING *
    ...
[2026-03-29T13:49:34.314Z] INFO: POST /api/verifications/pan 201 - 19ms
[2026-03-29T13:49:34.629Z] DEBUG: 📝 SQL: UPDATE verification_requests 
           SET api_status = 'failed', failure_reason = $1
           WHERE id = $2...
[2026-03-29T13:49:37.328Z] DEBUG: 📥 POST /api/verifications/aadhaar [object Object]
[2026-03-29T13:49:37.329Z] DEBUG: 🔒 Tenant isolation: 57cab5a9-3c1f-428e-9b80-34d3ca27ad3b
[2026-03-29T13:49:37.330Z] DEBUG: 📝 SQL: 
      INSERT INTO verification_requests
      (document_type, document_number, full_name, client_id, api_status)
      VALUES ($1,$2,$3,$4::uuid,'pending')
      RETURNING *
    ...
[2026-03-29T13:49:37.333Z] DEBUG: 📝 SQL: UPDATE verification_requests 
           SET api_status = 'failed', failure_reason = $1
           WHERE id = $2...
[2026-03-29T13:49:37.333Z] INFO: POST /api/verifications/aadhaar 201 - 5ms
[2026-03-29T13:49:37.338Z] DEBUG: 📥 POST /api/verifications/gstin [object Object]
[2026-03-29T13:49:37.338Z] DEBUG: 🔒 Tenant isolation: 57cab5a9-3c1f-428e-9b80-34d3ca27ad3b
[2026-03-29T13:49:37.339Z] DEBUG: 📝 SQL: 
      INSERT INTO verification_requests
      (document_type, document_number, business_name, client_id, api_status)
      VALUES ($1,$2,$3,$4::uuid,'pending')
      RETURNING *
    ...
[2026-03-29T13:49:37.341Z] DEBUG: 📝 SQL: UPDATE verification_requests 
           SET api_status = 'failed', failure_reason = $1
           WHERE id = $2...
[2026-03-29T13:49:37.341Z] INFO: POST /api/verifications/gstin 201 - 3ms
[2026-03-29T13:49:37.343Z] DEBUG: 📥 POST /api/verifications/retry/3ed5e369-1ef1-4e8c-ae75-22806dd80ad3 [object Object]
[2026-03-29T13:49:37.344Z] DEBUG: 🔒 Tenant isolation: 57cab5a9-3c1f-428e-9b80-34d3ca27ad3b
[2026-03-29T13:49:37.344Z] DEBUG: 📝 SQL: SELECT * FROM verification_requests WHERE id = $1...
[2026-03-29T13:49:37.346Z] DEBUG: 📝 SQL: UPDATE verification_requests
       SET retry_count = retry_count + 1,
           last_retry_at = NOW(),
           status = 'retrying'
       WHERE id = $1
       RETURNING *...
[2026-03-29T13:49:37.347Z] DEBUG: 📝 SQL: INSERT INTO verification_retry_history
       (verification_id, retry_number, retry_status, retry_reason)
       VALUES ($1,$2,$3,$4)...
[2026-03-29T13:49:37.349Z] INFO: POST /api/verifications/retry/3ed5e369-1ef1-4e8c-ae75-22806dd80ad3 200 - 6ms
[2026-03-29T13:49:37.353Z] DEBUG: 📥 POST /api/auth/logout [object Object]
[2026-03-29T13:49:37.353Z] DEBUG: 📝 SQL: DELETE FROM refresh_tokens WHERE token = $1...
[2026-03-29T13:49:37.355Z] INFO: POST /api/auth/logout 200 - 2ms
[2026-03-29T13:49:37.358Z] DEBUG: 📥 POST /api/auth/refresh [object Object]
[2026-03-29T13:49:37.359Z] DEBUG: 📝 SQL: SELECT * FROM refresh_tokens WHERE token = $1...
[2026-03-29T13:49:37.360Z] WARN: POST /api/auth/refresh 403 - 1ms
[2026-03-29T13:59:54.764Z] INFO: 🚀 Server running on http://localhost:5001
[2026-03-29T13:59:54.764Z] INFO: 📦 Environment: development
[2026-03-29T13:59:54.764Z] INFO: 📝 API Docs:    http://localhost:5001/api
[2026-03-29T13:59:54.765Z] INFO: 💾 Database:    bgv_platform
[2026-03-29T13:59:54.765Z] INFO: 👤 DB User:     postgres
[2026-03-29T14:00:07.866Z] DEBUG: 📥 POST /api/auth/login [object Object]
[2026-03-29T14:00:07.873Z] DEBUG: 📝 SQL: SELECT * FROM users WHERE email = $1...
[2026-03-29T14:00:07.902Z] INFO: ✅ Database connected
[2026-03-29T14:00:07.957Z] DEBUG: 📝 SQL: INSERT INTO refresh_tokens (user_id, token, expires_at)
       VALUES ($1, $2, NOW() + INTERVAL '7 days')...
[2026-03-29T14:00:07.964Z] INFO: POST /api/auth/login 200 - 97ms
[2026-03-29T14:00:07.985Z] DEBUG: 📥 POST /api/verifications/pan [object Object]
[2026-03-29T14:00:07.986Z] DEBUG: 🔒 Tenant isolation: 57cab5a9-3c1f-428e-9b80-34d3ca27ad3b
[2026-03-29T14:00:07.987Z] DEBUG: 📝 SQL: 
      INSERT INTO verification_requests
      (document_type, document_number, full_name, dob, client_id, api_status)
      VALUES ($1,$2,$3,$4,$5::uuid,'pending')
      RETURNING *
    ...
[2026-03-29T14:00:08.004Z] INFO: POST /api/verifications/pan 201 - 17ms
[2026-03-29T14:00:08.766Z] DEBUG: 📝 SQL: UPDATE verification_requests 
           SET api_status = 'processing', last_api_attempt = NOW()
           WHERE id = $1...
[2026-03-29T14:00:11.019Z] DEBUG: 📥 POST /api/verifications/aadhaar [object Object]
[2026-03-29T14:00:11.020Z] DEBUG: 🔒 Tenant isolation: 57cab5a9-3c1f-428e-9b80-34d3ca27ad3b
[2026-03-29T14:00:11.021Z] DEBUG: 📝 SQL: 
      INSERT INTO verification_requests
      (document_type, document_number, full_name, client_id, api_status)
      VALUES ($1,$2,$3,$4::uuid,'pending')
      RETURNING *
    ...
[2026-03-29T14:00:11.030Z] DEBUG: 📝 SQL: UPDATE verification_requests 
           SET api_status = 'failed', failure_reason = $1
           WHERE id = $2...
[2026-03-29T14:00:11.031Z] INFO: POST /api/verifications/aadhaar 201 - 11ms
[2026-03-29T14:00:11.034Z] DEBUG: 📥 POST /api/verifications/gstin [object Object]
[2026-03-29T14:00:11.035Z] DEBUG: 🔒 Tenant isolation: 57cab5a9-3c1f-428e-9b80-34d3ca27ad3b
[2026-03-29T14:00:11.036Z] DEBUG: 📝 SQL: 
      INSERT INTO verification_requests
      (document_type, document_number, business_name, client_id, api_status)
      VALUES ($1,$2,$3,$4::uuid,'pending')
      RETURNING *
    ...
[2026-03-29T14:00:11.038Z] DEBUG: 📝 SQL: UPDATE verification_requests 
           SET api_status = 'failed', failure_reason = $1
           WHERE id = $2...
[2026-03-29T14:00:11.039Z] INFO: POST /api/verifications/gstin 201 - 5ms
[2026-03-29T14:00:11.041Z] DEBUG: 📥 POST /api/verifications/retry/82b726c3-07bc-409c-9d3c-03c1de431141 [object Object]
[2026-03-29T14:00:11.042Z] DEBUG: 🔒 Tenant isolation: 57cab5a9-3c1f-428e-9b80-34d3ca27ad3b
[2026-03-29T14:00:11.043Z] DEBUG: 📝 SQL: SELECT * FROM verification_requests WHERE id = $1...
[2026-03-29T14:00:11.044Z] DEBUG: 📝 SQL: UPDATE verification_requests
       SET retry_count = retry_count + 1,
           last_retry_at = NOW(),
           status = 'retrying'
       WHERE id = $1
       RETURNING *...
[2026-03-29T14:00:11.045Z] DEBUG: 📝 SQL: INSERT INTO verification_retry_history
       (verification_id, retry_number, retry_status, retry_reason)
       VALUES ($1,$2,$3,$4)...
[2026-03-29T14:00:11.047Z] INFO: POST /api/verifications/retry/82b726c3-07bc-409c-9d3c-03c1de431141 200 - 6ms
[2026-03-29T14:00:11.053Z] DEBUG: 📥 POST /api/auth/logout [object Object]
[2026-03-29T14:00:11.054Z] DEBUG: 📝 SQL: DELETE FROM refresh_tokens WHERE token = $1...
[2026-03-29T14:00:11.055Z] INFO: POST /api/auth/logout 200 - 2ms
[2026-03-29T14:00:11.061Z] DEBUG: 📥 POST /api/auth/refresh [object Object]
[2026-03-29T14:00:11.061Z] DEBUG: 📝 SQL: SELECT * FROM refresh_tokens WHERE token = $1...
[2026-03-29T14:00:11.063Z] WARN: POST /api/auth/refresh 403 - 1ms
[2026-03-29T14:02:35.443Z] INFO: 🚀 Server running on http://localhost:5001
[2026-03-29T14:02:35.444Z] INFO: 📦 Environment: development
[2026-03-29T14:02:35.444Z] INFO: 📝 API Docs:    http://localhost:5001/api
[2026-03-29T14:02:35.445Z] INFO: 💾 Database:    bgv_platform
[2026-03-29T14:02:35.445Z] INFO: 👤 DB User:     postgres
[2026-03-29T14:02:46.521Z] DEBUG: 📥 POST /api/auth/login [object Object]
[2026-03-29T14:02:46.529Z] DEBUG: 📝 SQL: SELECT * FROM users WHERE email = $1...
[2026-03-29T14:02:46.674Z] INFO: ✅ Database connected
[2026-03-29T14:02:46.731Z] DEBUG: 📝 SQL: INSERT INTO refresh_tokens (user_id, token, expires_at)
       VALUES ($1, $2, NOW() + INTERVAL '7 days')...
[2026-03-29T14:02:46.735Z] INFO: POST /api/auth/login 200 - 213ms
[2026-03-29T14:02:46.920Z] DEBUG: 📥 POST /api/verifications/pan [object Object]
[2026-03-29T14:02:46.922Z] DEBUG: 🔒 Tenant isolation: 57cab5a9-3c1f-428e-9b80-34d3ca27ad3b
[2026-03-29T14:02:46.923Z] DEBUG: 📝 SQL: 
      INSERT INTO verification_requests
      (document_type, document_number, full_name, dob, client_id, api_status)
      VALUES ($1,$2,$3,$4,$5::uuid,'pending')
      RETURNING *
    ...
[2026-03-29T14:02:46.937Z] INFO: POST /api/verifications/pan 201 - 17ms
[2026-03-29T14:02:47.697Z] DEBUG: 📝 SQL: UPDATE verification_requests 
           SET api_status = 'processing', last_api_attempt = NOW()
           WHERE id = $1...
[2026-03-29T14:02:50.201Z] DEBUG: 📥 POST /api/verifications/aadhaar [object Object]
[2026-03-29T14:02:50.202Z] DEBUG: 🔒 Tenant isolation: 57cab5a9-3c1f-428e-9b80-34d3ca27ad3b
[2026-03-29T14:02:50.202Z] DEBUG: 📝 SQL: 
      INSERT INTO verification_requests
      (document_type, document_number, full_name, client_id, api_status)
      VALUES ($1,$2,$3,$4::uuid,'pending')
      RETURNING *
    ...
[2026-03-29T14:02:50.205Z] DEBUG: 📝 SQL: UPDATE verification_requests 
           SET api_status = 'failed', failure_reason = $1
           WHERE id = $2...
[2026-03-29T14:02:50.206Z] INFO: POST /api/verifications/aadhaar 201 - 5ms
[2026-03-29T14:02:50.300Z] DEBUG: 📥 POST /api/verifications/gstin [object Object]
[2026-03-29T14:02:50.301Z] DEBUG: 🔒 Tenant isolation: 57cab5a9-3c1f-428e-9b80-34d3ca27ad3b
[2026-03-29T14:02:50.301Z] DEBUG: 📝 SQL: 
      INSERT INTO verification_requests
      (document_type, document_number, business_name, client_id, api_status)
      VALUES ($1,$2,$3,$4::uuid,'pending')
      RETURNING *
    ...
[2026-03-29T14:02:50.304Z] DEBUG: 📝 SQL: UPDATE verification_requests 
           SET api_status = 'failed', failure_reason = $1
           WHERE id = $2...
[2026-03-29T14:02:50.305Z] INFO: POST /api/verifications/gstin 201 - 5ms
[2026-03-29T14:02:50.381Z] DEBUG: 📥 POST /api/verifications/retry/3547a807-18fc-4162-95e1-7f8b4c139367 [object Object]
[2026-03-29T14:02:50.382Z] DEBUG: 🔒 Tenant isolation: 57cab5a9-3c1f-428e-9b80-34d3ca27ad3b
[2026-03-29T14:02:50.382Z] DEBUG: 📝 SQL: SELECT * FROM verification_requests WHERE id = $1...
[2026-03-29T14:02:50.384Z] DEBUG: 📝 SQL: UPDATE verification_requests
       SET retry_count = retry_count + 1,
           last_retry_at = NOW(),
           status = 'retrying'
       WHERE id = $1
       RETURNING *...
[2026-03-29T14:02:50.386Z] DEBUG: 📝 SQL: INSERT INTO verification_retry_history
       (verification_id, retry_number, retry_status, retry_reason)
       VALUES ($1,$2,$3,$4)...
[2026-03-29T14:02:50.388Z] INFO: POST /api/verifications/retry/3547a807-18fc-4162-95e1-7f8b4c139367 200 - 7ms
[2026-03-29T14:02:50.503Z] DEBUG: 📥 POST /api/auth/logout [object Object]
[2026-03-29T14:02:50.505Z] DEBUG: 📝 SQL: DELETE FROM refresh_tokens WHERE token = $1...
[2026-03-29T14:02:50.509Z] INFO: POST /api/auth/logout 200 - 4ms
[2026-03-29T14:02:50.596Z] DEBUG: 📥 POST /api/auth/refresh [object Object]
[2026-03-29T14:02:50.597Z] DEBUG: 📝 SQL: SELECT * FROM refresh_tokens WHERE token = $1...
[2026-03-29T14:02:50.598Z] WARN: POST /api/auth/refresh 403 - 2ms
[2026-03-29T14:09:16.338Z] INFO: 🚀 Server running on http://localhost:5001
[2026-03-29T14:09:16.339Z] INFO: 📦 Environment: development
[2026-03-29T14:09:16.339Z] INFO: 📝 API Docs:    http://localhost:5001/api
[2026-03-29T14:09:16.339Z] INFO: 💾 Database:    bgv_platform
[2026-03-29T14:09:16.340Z] INFO: 👤 DB User:     postgres
[2026-03-29T14:09:24.565Z] DEBUG: 📥 POST /api/auth/login [object Object]
[2026-03-29T14:09:24.572Z] DEBUG: 📝 SQL: SELECT * FROM users WHERE email = $1...
[2026-03-29T14:09:24.706Z] INFO: ✅ Database connected
[2026-03-29T14:09:24.761Z] DEBUG: 📝 SQL: INSERT INTO refresh_tokens (user_id, token, expires_at)
       VALUES ($1, $2, NOW() + INTERVAL '7 days')...
[2026-03-29T14:09:24.773Z] INFO: POST /api/auth/login 200 - 207ms
[2026-03-29T14:09:24.792Z] DEBUG: 📥 POST /api/verifications/pan [object Object]
[2026-03-29T14:09:24.794Z] DEBUG: 🔒 Tenant isolation: 57cab5a9-3c1f-428e-9b80-34d3ca27ad3b
[2026-03-29T14:09:24.795Z] DEBUG: 📝 SQL: 
      INSERT INTO verification_requests
      (document_type, document_number, full_name, dob, client_id, api_status)
      VALUES ($1,$2,$3,$4,$5::uuid,'pending')
      RETURNING *
    ...
[2026-03-29T14:09:24.812Z] INFO: POST /api/verifications/pan 201 - 18ms
[2026-03-29T14:09:25.646Z] DEBUG: 📝 SQL: UPDATE verification_requests 
           SET api_status = 'processing', last_api_attempt = NOW()
           WHERE id = $1...
[2026-03-29T14:09:27.830Z] DEBUG: 📥 POST /api/verifications/aadhaar [object Object]
[2026-03-29T14:09:27.831Z] DEBUG: 🔒 Tenant isolation: 57cab5a9-3c1f-428e-9b80-34d3ca27ad3b
[2026-03-29T14:09:27.832Z] DEBUG: 📝 SQL: 
      INSERT INTO verification_requests
      (document_type, document_number, full_name, client_id, api_status)
      VALUES ($1,$2,$3,$4::uuid,'pending')
      RETURNING *
    ...
[2026-03-29T14:09:27.841Z] DEBUG: 📝 SQL: UPDATE verification_requests 
           SET api_status = 'failed', failure_reason = $1
           WHERE id = $2...
[2026-03-29T14:09:27.841Z] INFO: POST /api/verifications/aadhaar 201 - 10ms
[2026-03-29T14:09:27.843Z] DEBUG: 📥 POST /api/verifications/gstin [object Object]
[2026-03-29T14:09:27.844Z] DEBUG: 🔒 Tenant isolation: 57cab5a9-3c1f-428e-9b80-34d3ca27ad3b
[2026-03-29T14:09:27.845Z] DEBUG: 📝 SQL: 
      INSERT INTO verification_requests
      (document_type, document_number, business_name, client_id, api_status)
      VALUES ($1,$2,$3,$4::uuid,'pending')
      RETURNING *
    ...
[2026-03-29T14:09:27.847Z] DEBUG: 📝 SQL: UPDATE verification_requests 
           SET api_status = 'failed', failure_reason = $1
           WHERE id = $2...
[2026-03-29T14:09:27.847Z] INFO: POST /api/verifications/gstin 201 - 3ms
[2026-03-29T14:09:27.850Z] DEBUG: 📥 POST /api/verifications/retry/c0405b58-8b52-4bb2-acd1-aabdfea7ce76 [object Object]
[2026-03-29T14:09:27.851Z] DEBUG: 🔒 Tenant isolation: 57cab5a9-3c1f-428e-9b80-34d3ca27ad3b
[2026-03-29T14:09:27.851Z] DEBUG: 📝 SQL: SELECT * FROM verification_requests WHERE id = $1...
[2026-03-29T14:09:27.853Z] DEBUG: 📝 SQL: UPDATE verification_requests
       SET retry_count = retry_count + 1,
           last_retry_at = NOW(),
           status = 'retrying'
       WHERE id = $1
       RETURNING *...
[2026-03-29T14:09:27.854Z] DEBUG: 📝 SQL: INSERT INTO verification_retry_history
       (verification_id, retry_number, retry_status, retry_reason)
       VALUES ($1,$2,$3,$4)...
[2026-03-29T14:09:27.856Z] INFO: POST /api/verifications/retry/c0405b58-8b52-4bb2-acd1-aabdfea7ce76 200 - 5ms
[2026-03-29T14:09:27.858Z] DEBUG: 📥 POST /api/auth/logout [object Object]
[2026-03-29T14:09:27.859Z] DEBUG: 📝 SQL: DELETE FROM refresh_tokens WHERE token = $1...
[2026-03-29T14:09:27.861Z] INFO: POST /api/auth/logout 200 - 2ms
[2026-03-29T14:09:27.863Z] DEBUG: 📥 POST /api/auth/refresh [object Object]
[2026-03-29T14:09:27.864Z] DEBUG: 📝 SQL: SELECT * FROM refresh_tokens WHERE token = $1...
[2026-03-29T14:09:27.866Z] WARN: POST /api/auth/refresh 403 - 2ms
[2026-03-29T14:11:18.253Z] INFO: 🚀 Server running on http://localhost:5001
[2026-03-29T14:11:18.253Z] INFO: 📦 Environment: development
[2026-03-29T14:11:18.254Z] INFO: 📝 API Docs:    http://localhost:5001/api
[2026-03-29T14:11:18.254Z] INFO: 💾 Database:    bgv_platform
[2026-03-29T14:11:18.255Z] INFO: 👤 DB User:     postgres
[2026-03-29T14:11:30.061Z] DEBUG: 📥 POST /api/auth/login [object Object]
[2026-03-29T14:11:30.068Z] DEBUG: 📝 SQL: SELECT * FROM users WHERE email = $1...
[2026-03-29T14:11:30.100Z] INFO: ✅ Database connected
[2026-03-29T14:11:30.153Z] DEBUG: 📝 SQL: INSERT INTO refresh_tokens (user_id, token, expires_at)
       VALUES ($1, $2, NOW() + INTERVAL '7 days')...
[2026-03-29T14:11:30.158Z] INFO: POST /api/auth/login 200 - 97ms
[2026-03-29T14:11:30.180Z] DEBUG: 📥 POST /api/verifications/pan [object Object]
[2026-03-29T14:11:30.182Z] DEBUG: 🔒 Tenant isolation: 57cab5a9-3c1f-428e-9b80-34d3ca27ad3b
[2026-03-29T14:11:30.183Z] DEBUG: 📝 SQL: 
      INSERT INTO verification_requests
      (document_type, document_number, full_name, dob, client_id, api_status)
      VALUES ($1,$2,$3,$4,$5::uuid,'pending')
      RETURNING *
    ...
[2026-03-29T14:11:30.197Z] INFO: POST /api/verifications/pan 201 - 17ms
[2026-03-29T14:11:31.034Z] DEBUG: 📝 SQL: UPDATE verification_requests 
           SET api_status = 'processing', last_api_attempt = NOW()
           WHERE id = $1...
[2026-03-29T14:11:33.217Z] DEBUG: 📥 POST /api/verifications/aadhaar [object Object]
[2026-03-29T14:11:33.218Z] DEBUG: 🔒 Tenant isolation: 57cab5a9-3c1f-428e-9b80-34d3ca27ad3b
[2026-03-29T14:11:33.219Z] DEBUG: 📝 SQL: 
      INSERT INTO verification_requests
      (document_type, document_number, full_name, client_id, api_status)
      VALUES ($1,$2,$3,$4::uuid,'pending')
      RETURNING *
    ...
[2026-03-29T14:11:33.222Z] DEBUG: 📝 SQL: UPDATE verification_requests 
           SET api_status = 'failed', failure_reason = $1
           WHERE id = $2...
[2026-03-29T14:11:33.222Z] INFO: POST /api/verifications/aadhaar 201 - 5ms
[2026-03-29T14:11:33.227Z] DEBUG: 📥 POST /api/verifications/gstin [object Object]
[2026-03-29T14:11:33.227Z] DEBUG: 🔒 Tenant isolation: 57cab5a9-3c1f-428e-9b80-34d3ca27ad3b
[2026-03-29T14:11:33.228Z] DEBUG: 📝 SQL: 
      INSERT INTO verification_requests
      (document_type, document_number, business_name, client_id, api_status)
      VALUES ($1,$2,$3,$4::uuid,'pending')
      RETURNING *
    ...
[2026-03-29T14:11:33.230Z] DEBUG: 📝 SQL: UPDATE verification_requests 
           SET api_status = 'failed', failure_reason = $1
           WHERE id = $2...
[2026-03-29T14:11:33.231Z] INFO: POST /api/verifications/gstin 201 - 4ms
[2026-03-29T14:11:33.233Z] DEBUG: 📥 POST /api/verifications/retry/36bfaeb6-4d92-494a-9726-fba1bce7c684 [object Object]
[2026-03-29T14:11:33.235Z] DEBUG: 🔒 Tenant isolation: 57cab5a9-3c1f-428e-9b80-34d3ca27ad3b
[2026-03-29T14:11:33.235Z] DEBUG: 📝 SQL: SELECT * FROM verification_requests WHERE id = $1...
[2026-03-29T14:11:33.237Z] DEBUG: 📝 SQL: UPDATE verification_requests
       SET retry_count = retry_count + 1,
           last_retry_at = NOW(),
           status = 'retrying'
       WHERE id = $1
       RETURNING *...
[2026-03-29T14:11:33.238Z] DEBUG: 📝 SQL: INSERT INTO verification_retry_history
       (verification_id, retry_number, retry_status, retry_reason)
       VALUES ($1,$2,$3,$4)...
[2026-03-29T14:11:33.240Z] INFO: POST /api/verifications/retry/36bfaeb6-4d92-494a-9726-fba1bce7c684 200 - 6ms
[2026-03-29T14:11:33.243Z] DEBUG: 📥 POST /api/auth/logout [object Object]
[2026-03-29T14:11:33.244Z] DEBUG: 📝 SQL: DELETE FROM refresh_tokens WHERE token = $1...
[2026-03-29T14:11:33.246Z] INFO: POST /api/auth/logout 200 - 3ms
[2026-03-29T14:11:33.249Z] DEBUG: 📥 POST /api/auth/refresh [object Object]
[2026-03-29T14:11:33.250Z] DEBUG: 📝 SQL: SELECT * FROM refresh_tokens WHERE token = $1...
[2026-03-29T14:11:33.251Z] WARN: POST /api/auth/refresh 403 - 2ms
[2026-03-29T14:21:34.562Z] INFO: 🚀 Server running on http://localhost:5001
[2026-03-29T14:21:34.563Z] INFO: 📦 Environment: development
[2026-03-29T14:21:34.563Z] INFO: 📝 API Docs:    http://localhost:5001/api
[2026-03-29T14:21:34.564Z] INFO: 💾 Database:    bgv_platform
[2026-03-29T14:21:34.564Z] INFO: 👤 DB User:     postgres
[2026-03-29T14:21:45.463Z] DEBUG: 📥 POST /api/auth/login [object Object]
[2026-03-29T14:21:45.471Z] DEBUG: 📝 SQL: SELECT * FROM users WHERE email = $1...
[2026-03-29T14:21:45.500Z] INFO: ✅ Database connected
[2026-03-29T14:21:45.557Z] DEBUG: 📝 SQL: INSERT INTO refresh_tokens (user_id, token, expires_at)
       VALUES ($1, $2, NOW() + INTERVAL '7 days')...
[2026-03-29T14:21:45.564Z] INFO: POST /api/auth/login 200 - 100ms
[2026-03-29T14:21:45.742Z] DEBUG: 📥 POST /api/verifications/pan [object Object]
[2026-03-29T14:21:45.744Z] DEBUG: 🔒 Tenant isolation: 57cab5a9-3c1f-428e-9b80-34d3ca27ad3b
[2026-03-29T14:21:45.745Z] DEBUG: 📝 SQL: INSERT INTO verification_requests
         (document_type, document_number, full_name, dob, client_id, api_status)
       VALUES ($1, $2, $3, $4, $5::uuid, 'pending')
       RETURNING *...
[2026-03-29T14:21:45.756Z] DEBUG: 📝 SQL: UPDATE verification_requests
       SET api_status = 'processing', last_api_attempt = NOW()
       WHERE id = $1...
[2026-03-29T14:21:45.758Z] INFO: POST /api/verifications/pan 201 - 14ms
[2026-03-29T14:21:45.980Z] DEBUG: 📝 SQL: UPDATE verification_requests
       SET api_status     = 'failed',
           failure_reason = $1
       WHERE id = $2...
[2026-03-29T14:21:49.025Z] DEBUG: 📥 POST /api/verifications/aadhaar [object Object]
[2026-03-29T14:21:49.026Z] DEBUG: 🔒 Tenant isolation: 57cab5a9-3c1f-428e-9b80-34d3ca27ad3b
[2026-03-29T14:21:49.027Z] DEBUG: 📝 SQL: INSERT INTO verification_requests
         (document_type, document_number, full_name, client_id, api_status)
       VALUES ($1, $2, $3, $4::uuid, 'pending')
       RETURNING *...
[2026-03-29T14:21:49.036Z] DEBUG: 📝 SQL: UPDATE verification_requests
       SET api_status = 'processing', last_api_attempt = NOW()
       WHERE id = $1...
[2026-03-29T14:21:49.037Z] INFO: POST /api/verifications/aadhaar 201 - 11ms
[2026-03-29T14:21:49.037Z] DEBUG: 📝 SQL: UPDATE verification_requests
       SET api_status = 'failed', failure_reason = $1
       WHERE id = $2...
[2026-03-29T14:21:49.140Z] DEBUG: 📥 POST /api/verifications/gstin [object Object]
[2026-03-29T14:21:49.141Z] DEBUG: 🔒 Tenant isolation: 57cab5a9-3c1f-428e-9b80-34d3ca27ad3b
[2026-03-29T14:21:49.143Z] DEBUG: 📝 SQL: INSERT INTO verification_requests
         (document_type, document_number, business_name, client_id, api_status)
       VALUES ($1, $2, $3, $4::uuid, 'pending')
       RETURNING *...
[2026-03-29T14:21:49.145Z] DEBUG: 📝 SQL: UPDATE verification_requests
       SET api_status = 'processing', last_api_attempt = NOW()
       WHERE id = $1...
[2026-03-29T14:21:49.146Z] INFO: POST /api/verifications/gstin 201 - 5ms
[2026-03-29T14:21:49.146Z] DEBUG: 📝 SQL: UPDATE verification_requests
       SET api_status = 'failed', failure_reason = $1
       WHERE id = $2...
[2026-03-29T14:21:49.222Z] DEBUG: 📥 POST /api/verifications/retry/d541ffb0-91f8-4986-b8b5-75ae473760b7 [object Object]
[2026-03-29T14:21:49.223Z] DEBUG: 🔒 Tenant isolation: 57cab5a9-3c1f-428e-9b80-34d3ca27ad3b
[2026-03-29T14:21:49.224Z] DEBUG: 📝 SQL: SELECT * FROM verification_requests WHERE id = $1...
[2026-03-29T14:21:49.225Z] DEBUG: 📝 SQL: UPDATE verification_requests
       SET retry_count   = retry_count + 1,
           last_retry_at = NOW(),
           status        = 'retrying'
       WHERE id = $1
       RETURNING *...
[2026-03-29T14:21:49.227Z] DEBUG: 📝 SQL: INSERT INTO verification_retry_history
         (verification_id, retry_number, retry_status, retry_reason)
       VALUES ($1, $2, $3, $4)...
[2026-03-29T14:21:49.229Z] INFO: POST /api/verifications/retry/d541ffb0-91f8-4986-b8b5-75ae473760b7 200 - 6ms
[2026-03-29T14:21:49.341Z] DEBUG: 📥 POST /api/auth/logout [object Object]
[2026-03-29T14:21:49.342Z] DEBUG: 📝 SQL: DELETE FROM refresh_tokens WHERE token = $1...
[2026-03-29T14:21:49.345Z] INFO: POST /api/auth/logout 200 - 3ms
[2026-03-29T14:21:49.436Z] DEBUG: 📥 POST /api/auth/refresh [object Object]
[2026-03-29T14:21:49.437Z] DEBUG: 📝 SQL: SELECT * FROM refresh_tokens WHERE token = $1...
[2026-03-29T14:21:49.438Z] WARN: POST /api/auth/refresh 403 - 2ms
[2026-03-29T14:24:13.160Z] INFO: 🚀 Server running on http://localhost:5001
[2026-03-29T14:24:13.160Z] INFO: 📦 Environment: development
[2026-03-29T14:24:13.161Z] INFO: 📝 API Docs:    http://localhost:5001/api
[2026-03-29T14:24:13.161Z] INFO: 💾 Database:    bgv_platform
[2026-03-29T14:24:13.161Z] INFO: 👤 DB User:     postgres
[2026-03-29T14:24:21.191Z] DEBUG: 📥 POST /api/auth/login [object Object]
[2026-03-29T14:24:21.198Z] DEBUG: 📝 SQL: SELECT * FROM users WHERE email = $1...
[2026-03-29T14:24:21.232Z] INFO: ✅ Database connected
[2026-03-29T14:24:21.292Z] DEBUG: 📝 SQL: INSERT INTO refresh_tokens (user_id, token, expires_at)
       VALUES ($1, $2, NOW() + INTERVAL '7 days')...
[2026-03-29T14:24:21.297Z] INFO: POST /api/auth/login 200 - 106ms
[2026-03-29T14:24:21.318Z] DEBUG: 📥 POST /api/verifications/pan [object Object]
[2026-03-29T14:24:21.320Z] DEBUG: 🔒 Tenant isolation: 57cab5a9-3c1f-428e-9b80-34d3ca27ad3b
[2026-03-29T14:24:21.320Z] DEBUG: 📝 SQL: INSERT INTO verification_requests
         (document_type, document_number, full_name, dob, client_id, api_status)
       VALUES ($1, $2, $3, $4, $5::uuid, 'pending')
       RETURNING *...
[2026-03-29T14:24:21.324Z] DEBUG: 📝 SQL: UPDATE verification_requests
       SET api_status = 'processing', last_api_attempt = NOW()
       WHERE id = $1...
[2026-03-29T14:24:21.325Z] INFO: POST /api/verifications/pan 201 - 6ms
[2026-03-29T14:24:21.531Z] DEBUG: 📝 SQL: UPDATE verification_requests
       SET api_status     = 'failed',
           failure_reason = $1
       WHERE id = $2...
[2026-03-29T14:24:24.347Z] DEBUG: 📥 POST /api/verifications/aadhaar [object Object]
[2026-03-29T14:24:24.348Z] DEBUG: 🔒 Tenant isolation: 57cab5a9-3c1f-428e-9b80-34d3ca27ad3b
[2026-03-29T14:24:24.348Z] DEBUG: 📝 SQL: INSERT INTO verification_requests
         (document_type, document_number, full_name, client_id, api_status)
       VALUES ($1, $2, $3, $4::uuid, 'pending')
       RETURNING *...
[2026-03-29T14:24:24.357Z] DEBUG: 📝 SQL: UPDATE verification_requests
       SET api_status = 'processing', last_api_attempt = NOW()
       WHERE id = $1...
[2026-03-29T14:24:24.358Z] INFO: POST /api/verifications/aadhaar 201 - 11ms
[2026-03-29T14:24:24.359Z] DEBUG: 📝 SQL: UPDATE verification_requests
       SET api_status = 'failed', failure_reason = $1
       WHERE id = $2...
[2026-03-29T14:24:24.362Z] DEBUG: 📥 POST /api/verifications/gstin [object Object]
[2026-03-29T14:24:24.362Z] DEBUG: 🔒 Tenant isolation: 57cab5a9-3c1f-428e-9b80-34d3ca27ad3b
[2026-03-29T14:24:24.363Z] DEBUG: 📝 SQL: INSERT INTO verification_requests
         (document_type, document_number, business_name, client_id, api_status)
       VALUES ($1, $2, $3, $4::uuid, 'pending')
       RETURNING *...
[2026-03-29T14:24:24.364Z] DEBUG: 📝 SQL: UPDATE verification_requests
       SET api_status = 'processing', last_api_attempt = NOW()
       WHERE id = $1...
[2026-03-29T14:24:24.365Z] INFO: POST /api/verifications/gstin 201 - 3ms
[2026-03-29T14:24:24.366Z] DEBUG: 📝 SQL: UPDATE verification_requests
       SET api_status = 'failed', failure_reason = $1
       WHERE id = $2...
[2026-03-29T14:24:24.370Z] DEBUG: 📥 POST /api/verifications/retry/6d3ba980-7497-433f-bc0f-a661ad84cd53 [object Object]
[2026-03-29T14:24:24.370Z] DEBUG: 🔒 Tenant isolation: 57cab5a9-3c1f-428e-9b80-34d3ca27ad3b
[2026-03-29T14:24:24.371Z] DEBUG: 📝 SQL: SELECT * FROM verification_requests WHERE id = $1...
[2026-03-29T14:24:24.372Z] DEBUG: 📝 SQL: UPDATE verification_requests
       SET retry_count   = retry_count + 1,
           last_retry_at = NOW(),
           status        = 'retrying'
       WHERE id = $1
       RETURNING *...
[2026-03-29T14:24:24.374Z] DEBUG: 📝 SQL: INSERT INTO verification_retry_history
         (verification_id, retry_number, retry_status, retry_reason)
       VALUES ($1, $2, $3, $4)...
[2026-03-29T14:24:24.376Z] INFO: POST /api/verifications/retry/6d3ba980-7497-433f-bc0f-a661ad84cd53 200 - 5ms
[2026-03-29T14:24:24.379Z] DEBUG: 📥 POST /api/auth/logout [object Object]
[2026-03-29T14:24:24.379Z] DEBUG: 📝 SQL: DELETE FROM refresh_tokens WHERE token = $1...
[2026-03-29T14:24:24.381Z] INFO: POST /api/auth/logout 200 - 2ms
[2026-03-29T14:24:24.384Z] DEBUG: 📥 POST /api/auth/refresh [object Object]
[2026-03-29T14:24:24.385Z] DEBUG: 📝 SQL: SELECT * FROM refresh_tokens WHERE token = $1...
[2026-03-29T14:24:24.386Z] WARN: POST /api/auth/refresh 403 - 2ms
[2026-03-29T14:27:29.197Z] INFO: 🚀 Server running on http://localhost:5001
[2026-03-29T14:27:29.197Z] INFO: 📦 Environment: development
[2026-03-29T14:27:29.197Z] INFO: 📝 API Docs:    http://localhost:5001/api
[2026-03-29T14:27:29.198Z] INFO: 💾 Database:    bgv_platform
[2026-03-29T14:27:29.198Z] INFO: 👤 DB User:     postgres
[2026-03-29T14:27:39.664Z] DEBUG: 📥 POST /api/auth/login [object Object]
[2026-03-29T14:27:39.671Z] DEBUG: 📝 SQL: SELECT * FROM users WHERE email = $1...
[2026-03-29T14:27:39.701Z] INFO: ✅ Database connected
[2026-03-29T14:27:39.762Z] DEBUG: 📝 SQL: INSERT INTO refresh_tokens (user_id, token, expires_at)
       VALUES ($1, $2, NOW() + INTERVAL '7 days')...
[2026-03-29T14:27:39.774Z] INFO: POST /api/auth/login 200 - 108ms
[2026-03-29T14:27:39.979Z] DEBUG: 📥 POST /api/verifications/pan [object Object]
[2026-03-29T14:27:39.981Z] DEBUG: 🔒 Tenant isolation: 57cab5a9-3c1f-428e-9b80-34d3ca27ad3b
[2026-03-29T14:27:39.981Z] DEBUG: 📝 SQL: INSERT INTO verification_requests
         (document_type, document_number, full_name, dob, client_id, api_status)
       VALUES ($1, $2, $3, $4, $5::uuid, 'pending')
       RETURNING *...
[2026-03-29T14:27:39.986Z] DEBUG: 📝 SQL: UPDATE verification_requests
       SET api_status = 'processing', last_api_attempt = NOW()
       WHERE id = $1...
[2026-03-29T14:27:39.987Z] INFO: POST /api/verifications/pan 201 - 7ms
[2026-03-29T14:27:40.767Z] DEBUG: 📝 SQL: INSERT INTO verification_results
         (verification_id, result_data, verified, processed_at)
       VALUES ($1, $2, $3, NOW())...
[2026-03-29T14:27:40.777Z] DEBUG: 📝 SQL: UPDATE verification_requests
       SET api_status = $1,
           status     = $2
       WHERE id = $3...
[2026-03-29T14:27:43.239Z] DEBUG: 📥 POST /api/verifications/aadhaar [object Object]
[2026-03-29T14:27:43.240Z] DEBUG: 🔒 Tenant isolation: 57cab5a9-3c1f-428e-9b80-34d3ca27ad3b
[2026-03-29T14:27:43.240Z] DEBUG: 📝 SQL: INSERT INTO verification_requests
         (document_type, document_number, full_name, client_id, api_status)
       VALUES ($1, $2, $3, $4::uuid, 'pending')
       RETURNING *...
[2026-03-29T14:27:43.248Z] DEBUG: 📝 SQL: UPDATE verification_requests
       SET api_status = 'processing', last_api_attempt = NOW()
       WHERE id = $1...
[2026-03-29T14:27:43.250Z] INFO: POST /api/verifications/aadhaar 201 - 10ms
[2026-03-29T14:27:43.251Z] DEBUG: 📝 SQL: UPDATE verification_requests
       SET api_status = 'failed', failure_reason = $1
       WHERE id = $2...
[2026-03-29T14:27:43.339Z] DEBUG: 📥 POST /api/verifications/gstin [object Object]
[2026-03-29T14:27:43.339Z] DEBUG: 🔒 Tenant isolation: 57cab5a9-3c1f-428e-9b80-34d3ca27ad3b
[2026-03-29T14:27:43.340Z] DEBUG: 📝 SQL: INSERT INTO verification_requests
         (document_type, document_number, business_name, client_id, api_status)
       VALUES ($1, $2, $3, $4::uuid, 'pending')
       RETURNING *...
[2026-03-29T14:27:43.342Z] DEBUG: 📝 SQL: UPDATE verification_requests
       SET api_status = 'processing', last_api_attempt = NOW()
       WHERE id = $1...
[2026-03-29T14:27:43.343Z] INFO: POST /api/verifications/gstin 201 - 4ms
[2026-03-29T14:27:43.344Z] DEBUG: 📝 SQL: UPDATE verification_requests
       SET api_status = 'failed', failure_reason = $1
       WHERE id = $2...
[2026-03-29T14:27:43.413Z] DEBUG: 📥 POST /api/verifications/retry/6727e4ea-c972-4885-86df-295775fc1f53 [object Object]
[2026-03-29T14:27:43.414Z] DEBUG: 🔒 Tenant isolation: 57cab5a9-3c1f-428e-9b80-34d3ca27ad3b
[2026-03-29T14:27:43.414Z] DEBUG: 📝 SQL: SELECT * FROM verification_requests WHERE id = $1...
[2026-03-29T14:27:43.415Z] DEBUG: 📝 SQL: UPDATE verification_requests
       SET retry_count   = retry_count + 1,
           last_retry_at = NOW(),
           status        = 'retrying'
       WHERE id = $1
       RETURNING *...
[2026-03-29T14:27:43.417Z] DEBUG: 📝 SQL: INSERT INTO verification_retry_history
         (verification_id, retry_number, retry_status, retry_reason)
       VALUES ($1, $2, $3, $4)...
[2026-03-29T14:27:43.419Z] INFO: POST /api/verifications/retry/6727e4ea-c972-4885-86df-295775fc1f53 200 - 5ms
[2026-03-29T14:27:43.504Z] DEBUG: 📥 POST /api/auth/logout [object Object]
[2026-03-29T14:27:43.505Z] DEBUG: 📝 SQL: DELETE FROM refresh_tokens WHERE token = $1...
[2026-03-29T14:27:43.507Z] INFO: POST /api/auth/logout 200 - 3ms
[2026-03-29T14:27:43.601Z] DEBUG: 📥 POST /api/auth/refresh [object Object]
[2026-03-29T14:27:43.602Z] DEBUG: 📝 SQL: SELECT * FROM refresh_tokens WHERE token = $1...
[2026-03-29T14:27:43.603Z] WARN: POST /api/auth/refresh 403 - 2ms
[2026-03-29T14:33:03.703Z] DEBUG: 📥 POST /api/auth/login [object Object]
[2026-03-29T14:33:03.704Z] DEBUG: 📝 SQL: SELECT * FROM users WHERE email = $1...
[2026-03-29T14:33:03.832Z] INFO: ✅ Database connected
[2026-03-29T14:33:03.887Z] DEBUG: 📝 SQL: INSERT INTO refresh_tokens (user_id, token, expires_at)
       VALUES ($1, $2, NOW() + INTERVAL '7 days')...
[2026-03-29T14:33:03.892Z] INFO: POST /api/auth/login 200 - 189ms
[2026-03-29T14:33:03.913Z] DEBUG: 📥 POST /api/verifications/pan [object Object]
[2026-03-29T14:33:03.914Z] DEBUG: 🔒 Tenant isolation: 57cab5a9-3c1f-428e-9b80-34d3ca27ad3b
[2026-03-29T14:33:03.914Z] DEBUG: 📝 SQL: INSERT INTO verification_requests
         (document_type, document_number, full_name, dob, client_id, api_status)
       VALUES ($1, $2, $3, $4, $5::uuid, 'pending')
       RETURNING *...
[2026-03-29T14:33:03.917Z] DEBUG: 📝 SQL: UPDATE verification_requests
       SET api_status = 'processing', last_api_attempt = NOW()
       WHERE id = $1...
[2026-03-29T14:33:03.918Z] INFO: POST /api/verifications/pan 201 - 5ms
[2026-03-29T14:33:04.811Z] DEBUG: 📝 SQL: INSERT INTO verification_results
         (verification_id, result_data, verified, processed_at)
       VALUES ($1, $2, $3, NOW())...
[2026-03-29T14:33:04.821Z] DEBUG: 📝 SQL: UPDATE verification_requests
       SET api_status = $1,
           status     = $2
       WHERE id = $3...
[2026-03-29T14:36:17.308Z] DEBUG: 📥 GET /api/verifications/5a881fde-1498-4363-be41-2d022bf7e97d [object Object]
[2026-03-29T14:36:17.310Z] DEBUG: 🔒 Tenant isolation: 57cab5a9-3c1f-428e-9b80-34d3ca27ad3b
[2026-03-29T14:36:17.310Z] ERROR: 404 - Route Not Found - /api/verifications/5a881fde-1498-4363-be41-2d022bf7e97d
[2026-03-29T14:36:17.312Z] WARN: GET /api/verifications/5a881fde-1498-4363-be41-2d022bf7e97d 404 - 3ms
[2026-03-29T14:36:17.381Z] DEBUG: 📥 POST /api/auth/logout [object Object]
[2026-03-29T14:36:17.382Z] DEBUG: 📝 SQL: DELETE FROM refresh_tokens WHERE token = $1...
[2026-03-29T14:36:17.411Z] INFO: ✅ Database connected
[2026-03-29T14:36:17.413Z] INFO: POST /api/auth/logout 200 - 32ms
[2026-03-29T14:39:43.048Z] INFO: 🚀 Server running on http://localhost:5001
[2026-03-29T14:39:43.049Z] INFO: 📦 Environment: development
[2026-03-29T14:39:43.049Z] INFO: 📝 API Docs:    http://localhost:5001/api
[2026-03-29T14:39:43.049Z] INFO: 💾 Database:    bgv_platform
[2026-03-29T14:39:43.050Z] INFO: 👤 DB User:     postgres
[2026-03-29T14:40:34.307Z] DEBUG: 📥 POST /api/auth/login [object Object]
[2026-03-29T14:40:34.314Z] DEBUG: 📝 SQL: SELECT * FROM users WHERE email = $1...
[2026-03-29T14:40:34.345Z] INFO: ✅ Database connected
[2026-03-29T14:40:34.402Z] DEBUG: 📝 SQL: INSERT INTO refresh_tokens (user_id, token, expires_at)
       VALUES ($1, $2, NOW() + INTERVAL '7 days')...
[2026-03-29T14:40:34.408Z] INFO: POST /api/auth/login 200 - 101ms
[2026-03-29T14:40:34.432Z] DEBUG: 📥 POST /api/verifications/pan [object Object]
[2026-03-29T14:40:34.433Z] DEBUG: 🔒 Tenant isolation: 57cab5a9-3c1f-428e-9b80-34d3ca27ad3b
[2026-03-29T14:40:34.434Z] DEBUG: 📝 SQL: INSERT INTO verification_requests
         (document_type, document_number, full_name, dob, client_id, api_status)
       VALUES ($1, $2, $3, $4, $5::uuid, 'pending')
       RETURNING *...
[2026-03-29T14:40:34.438Z] DEBUG: 📝 SQL: UPDATE verification_requests
       SET api_status = 'processing', last_api_attempt = NOW()
       WHERE id = $1...
[2026-03-29T14:40:34.442Z] INFO: POST /api/verifications/pan 201 - 9ms
[2026-03-29T14:40:35.315Z] DEBUG: 📝 SQL: INSERT INTO verification_results
         (verification_id, result_data, verified, processed_at)
       VALUES ($1, $2, $3, NOW())...
[2026-03-29T14:40:35.324Z] DEBUG: 📝 SQL: UPDATE verification_requests
       SET api_status = $1,
           status     = $2
       WHERE id = $3...
[2026-03-29T14:40:39.457Z] DEBUG: 📥 GET /api/verifications/30d79526-72ad-48d7-b169-ceef90fc2041 [object Object]
[2026-03-29T14:40:39.457Z] DEBUG: 🔒 Tenant isolation: 57cab5a9-3c1f-428e-9b80-34d3ca27ad3b
[2026-03-29T14:40:39.458Z] DEBUG: 📝 SQL: SELECT
         vr.id,
         vr.document_type,
         vr.document_number,
         vr.full_name,
         vr.dob,
         vr.api_status,
         vr.status,
         vr.failure_reason,
         ...
[2026-03-29T14:40:39.461Z] INFO: GET /api/verifications/30d79526-72ad-48d7-b169-ceef90fc2041 200 - 4ms
[2026-03-29T14:43:20.857Z] DEBUG: 📥 POST /api/auth/login [object Object]
[2026-03-29T14:43:20.859Z] DEBUG: 📝 SQL: SELECT * FROM users WHERE email = $1...
[2026-03-29T14:43:20.884Z] INFO: ✅ Database connected
[2026-03-29T14:43:20.935Z] DEBUG: 📝 SQL: INSERT INTO refresh_tokens (user_id, token, expires_at)
       VALUES ($1, $2, NOW() + INTERVAL '7 days')...
[2026-03-29T14:43:20.941Z] INFO: POST /api/auth/login 200 - 82ms
[2026-03-29T14:43:20.962Z] DEBUG: 📥 POST /api/verifications/pan [object Object]
[2026-03-29T14:43:20.963Z] DEBUG: 🔒 Tenant isolation: 57cab5a9-3c1f-428e-9b80-34d3ca27ad3b
[2026-03-29T14:43:20.963Z] DEBUG: 📝 SQL: INSERT INTO verification_requests
         (document_type, document_number, full_name, dob, client_id, api_status)
       VALUES ($1, $2, $3, $4, $5::uuid, 'pending')
       RETURNING *...
[2026-03-29T14:43:20.966Z] DEBUG: 📝 SQL: UPDATE verification_requests
       SET api_status = 'processing', last_api_attempt = NOW()
       WHERE id = $1...
[2026-03-29T14:43:20.967Z] INFO: POST /api/verifications/pan 201 - 5ms
[2026-03-29T14:43:21.746Z] DEBUG: 📝 SQL: INSERT INTO verification_results
         (verification_id, result_data, verified, processed_at)
       VALUES ($1, $2, $3, NOW())...
[2026-03-29T14:43:21.749Z] DEBUG: 📝 SQL: UPDATE verification_requests
       SET api_status = $1,
           status     = $2
       WHERE id = $3...
[2026-03-29T14:43:25.994Z] DEBUG: 📥 GET /api/verifications/6a37a490-3602-441c-999b-e2842ce9e666 [object Object]
[2026-03-29T14:43:25.995Z] DEBUG: 🔒 Tenant isolation: 57cab5a9-3c1f-428e-9b80-34d3ca27ad3b
[2026-03-29T14:43:25.996Z] DEBUG: 📝 SQL: SELECT
         vr.id,
         vr.document_type,
         vr.document_number,
         vr.full_name,
         vr.dob,
         vr.api_status,
         vr.status,
         vr.failure_reason,
         ...
[2026-03-29T14:43:25.998Z] INFO: GET /api/verifications/6a37a490-3602-441c-999b-e2842ce9e666 200 - 4ms
[2026-03-29T14:45:07.025Z] DEBUG: 📥 POST /api/auth/login [object Object]
[2026-03-29T14:45:07.026Z] DEBUG: 📝 SQL: SELECT * FROM users WHERE email = $1...
[2026-03-29T14:45:07.155Z] INFO: ✅ Database connected
[2026-03-29T14:45:07.214Z] DEBUG: 📝 SQL: INSERT INTO refresh_tokens (user_id, token, expires_at)
       VALUES ($1, $2, NOW() + INTERVAL '7 days')...
[2026-03-29T14:45:07.226Z] INFO: POST /api/auth/login 200 - 201ms
[2026-03-29T14:45:07.249Z] DEBUG: 📥 POST /api/verifications/pan [object Object]
[2026-03-29T14:45:07.249Z] DEBUG: 🔒 Tenant isolation: 57cab5a9-3c1f-428e-9b80-34d3ca27ad3b
[2026-03-29T14:45:07.250Z] DEBUG: 📝 SQL: INSERT INTO verification_requests
         (document_type, document_number, full_name, dob, client_id, api_status)
       VALUES ($1, $2, $3, $4, $5::uuid, 'pending')
       RETURNING *...
[2026-03-29T14:45:07.253Z] DEBUG: 📝 SQL: UPDATE verification_requests
       SET api_status = 'processing', last_api_attempt = NOW()
       WHERE id = $1...
[2026-03-29T14:45:07.253Z] INFO: POST /api/verifications/pan 201 - 4ms
[2026-03-29T14:45:08.015Z] DEBUG: 📝 SQL: INSERT INTO verification_results
         (verification_id, result_data, verified, processed_at)
       VALUES ($1, $2, $3, NOW())...
[2026-03-29T14:45:08.025Z] DEBUG: 📝 SQL: UPDATE verification_requests
       SET api_status = $1,
           status     = $2
       WHERE id = $3...
[2026-03-29T14:45:12.274Z] DEBUG: 📥 GET /api/verifications/b42d278d-6f33-45dd-8fa5-7588fd00ed0c [object Object]
[2026-03-29T14:45:12.275Z] DEBUG: 🔒 Tenant isolation: 57cab5a9-3c1f-428e-9b80-34d3ca27ad3b
[2026-03-29T14:45:12.275Z] DEBUG: 📝 SQL: SELECT
         vr.id,
         vr.document_type,
         vr.document_number,
         vr.full_name,
         vr.dob,
         vr.api_status,
         vr.status,
         vr.failure_reason,
         ...
[2026-03-29T14:45:12.278Z] INFO: GET /api/verifications/b42d278d-6f33-45dd-8fa5-7588fd00ed0c 200 - 3ms
[2026-03-29T14:46:23.791Z] DEBUG: 📥 POST /api/auth/login [object Object]
[2026-03-29T14:46:23.792Z] DEBUG: 📝 SQL: SELECT * FROM users WHERE email = $1...
[2026-03-29T14:46:23.816Z] INFO: ✅ Database connected
[2026-03-29T14:46:23.870Z] DEBUG: 📝 SQL: INSERT INTO refresh_tokens (user_id, token, expires_at)
       VALUES ($1, $2, NOW() + INTERVAL '7 days')...
[2026-03-29T14:46:23.873Z] INFO: POST /api/auth/login 200 - 82ms
[2026-03-29T14:46:23.892Z] DEBUG: 📥 POST /api/verifications/pan [object Object]
[2026-03-29T14:46:23.893Z] DEBUG: 🔒 Tenant isolation: 57cab5a9-3c1f-428e-9b80-34d3ca27ad3b
[2026-03-29T14:46:23.893Z] DEBUG: 📝 SQL: INSERT INTO verification_requests
         (document_type, document_number, full_name, dob, client_id, api_status)
       VALUES ($1, $2, $3, $4, $5::uuid, 'pending')
       RETURNING *...
[2026-03-29T14:46:23.896Z] DEBUG: 📝 SQL: UPDATE verification_requests
       SET api_status = 'processing', last_api_attempt = NOW()
       WHERE id = $1...
[2026-03-29T14:46:23.897Z] INFO: POST /api/verifications/pan 201 - 5ms
[2026-03-29T14:46:24.625Z] DEBUG: 📝 SQL: INSERT INTO verification_results
         (verification_id, result_data, verified, processed_at)
       VALUES ($1, $2, $3, NOW())...
[2026-03-29T14:46:24.627Z] DEBUG: 📝 SQL: UPDATE verification_requests
       SET api_status = $1,
           status     = $2
       WHERE id = $3...
[2026-03-29T14:46:28.910Z] DEBUG: 📥 GET /api/verifications/47407618-d8d8-42ad-800d-5ba8e576eaa9 [object Object]
[2026-03-29T14:46:28.912Z] DEBUG: 🔒 Tenant isolation: 57cab5a9-3c1f-428e-9b80-34d3ca27ad3b
[2026-03-29T14:46:28.912Z] DEBUG: 📝 SQL: SELECT
         vr.id,
         vr.document_type,
         vr.document_number,
         vr.full_name,
         vr.dob,
         vr.api_status,
         vr.status,
         vr.failure_reason,
         ...
[2026-03-29T14:46:28.914Z] INFO: GET /api/verifications/47407618-d8d8-42ad-800d-5ba8e576eaa9 200 - 3ms
