[2026-03-02T07:37:21.921Z] INFO: 🚀 Server running on http://localhost:5001
[2026-03-02T07:37:21.921Z] INFO: 📦 Environment: development
[2026-03-02T07:37:21.921Z] INFO: 📝 API: http://localhost:5001/api
[2026-03-02T07:37:21.921Z] INFO: 💾 Database: bgv_platform
[2026-03-02T07:37:47.833Z] DEBUG: 📥 POST /api/bulk-upload/csv [object Object]
[2026-03-02T07:37:47.892Z] INFO: 📦 Batch created: 921847f7-0e37-4ef7-8db0-1e90f215c796
[2026-03-02T07:37:47.899Z] WARN: POST /api/bulk-upload/csv 400 - 64ms
[2026-03-02T07:38:01.973Z] DEBUG: 📥 POST /api/bulk-upload/csv [object Object]
[2026-03-02T07:38:01.987Z] INFO: 📦 Batch created: cc248ada-243a-4561-88d5-ca6a680b408a
[2026-03-02T07:38:01.988Z] WARN: POST /api/bulk-upload/csv 400 - 15ms
[2026-03-02T07:39:24.465Z] INFO: 🚀 Server running on http://localhost:5001
[2026-03-02T07:39:24.468Z] INFO: 📦 Environment: development
[2026-03-02T07:39:24.468Z] INFO: 📝 API: http://localhost:5001/api
[2026-03-02T07:39:24.468Z] INFO: 💾 Database: bgv_platform
[2026-03-02T07:39:31.864Z] DEBUG: 📥 POST /api/bulk-upload/csv [object Object]
[2026-03-02T07:39:31.889Z] INFO: 📦 Batch created: a9e14835-69ba-4526-86cb-c2eeb06117fb
[2026-03-02T07:39:31.894Z] INFO: 📊 Batch a9e14835-69ba-4526-86cb-c2eeb06117fb: File sample-pan-upload.csv for pan
[2026-03-02T07:39:31.900Z] INFO: POST /api/bulk-upload/csv 202 - 36ms
[2026-03-02T07:39:31.947Z] INFO: ✅ Bulk file a9e14835-69ba-4526-86cb-c2eeb06117fb processed: 0/4 successful
[2026-03-02T07:39:31.947Z] INFO: ✅ Batch a9e14835-69ba-4526-86cb-c2eeb06117fb processing complete: 0/4 successful
[2026-03-02T07:39:52.715Z] DEBUG: 📥 GET /api/bulk-upload/batches/a9e14835-69ba-4526-86cb-c2eeb06117fb [object Object]
[2026-03-02T07:39:52.736Z] ERROR: ❌ Get batch status error: error: column "metadata" does not exist
[2026-03-02T07:39:52.738Z] ERROR: GET /api/bulk-upload/batches/a9e14835-69ba-4526-86cb-c2eeb06117fb 500 - 23ms
[2026-03-02T07:40:00.472Z] DEBUG: 📥 GET /api/bulk-upload/batches/a9e14835-69ba-4526-86cb-c2eeb06117fb/results [object Object]
[2026-03-02T07:40:00.484Z] ERROR: ❌ Get batch results error: error: column "metadata" does not exist
[2026-03-02T07:40:00.485Z] ERROR: GET /api/bulk-upload/batches/a9e14835-69ba-4526-86cb-c2eeb06117fb/results 500 - 13ms
[2026-03-02T07:40:16.947Z] DEBUG: 📥 GET /api/bulk-upload/batches/a9e14835-69ba-4526-86cb-c2eeb06117fb/results [object Object]
[2026-03-02T07:40:16.959Z] ERROR: ❌ Get batch results error: error: column "metadata" does not exist
[2026-03-02T07:40:16.959Z] ERROR: GET /api/bulk-upload/batches/a9e14835-69ba-4526-86cb-c2eeb06117fb/results 500 - 11ms
[2026-03-02T07:41:13.018Z] DEBUG: 📥 POST /api/bulk-upload/csv [object Object]
[2026-03-02T07:41:13.029Z] INFO: 📦 Batch created: 1610f39c-6f3a-45b1-9167-64c675781f93
[2026-03-02T07:41:13.031Z] INFO: 📊 Batch 1610f39c-6f3a-45b1-9167-64c675781f93: File sample-pan-upload.csv for pan
[2026-03-02T07:41:13.031Z] INFO: POST /api/bulk-upload/csv 202 - 13ms
[2026-03-02T07:41:13.059Z] INFO: ✅ Bulk file 1610f39c-6f3a-45b1-9167-64c675781f93 processed: 0/4 successful
[2026-03-02T07:41:13.059Z] INFO: ✅ Batch 1610f39c-6f3a-45b1-9167-64c675781f93 processing complete: 0/4 successful
[2026-03-02T07:41:22.232Z] DEBUG: 📥 GET /api/bulk-upload/batches/YOUR_NEW_BATCH_ID/results [object Object]
[2026-03-02T07:41:22.234Z] ERROR: ❌ Get batch results error: error: invalid input syntax for type uuid: "YOUR_NEW_BATCH_ID"
[2026-03-02T07:41:22.235Z] ERROR: GET /api/bulk-upload/batches/YOUR_NEW_BATCH_ID/results 500 - 3ms
[2026-03-02T07:45:26.776Z] DEBUG: 📥 GET /api/bulk-upload/batches/1610f39c-6f3a-45b1-9167-64c675781f93 [object Object]
[2026-03-02T07:45:26.798Z] INFO: GET /api/bulk-upload/batches/1610f39c-6f3a-45b1-9167-64c675781f93 200 - 21ms
[2026-03-02T07:45:34.166Z] DEBUG: 📥 GET /api/bulk-upload/batches/1610f39c-6f3a-45b1-9167-64c675781f93/results [object Object]
[2026-03-02T07:45:34.170Z] INFO: GET /api/bulk-upload/batches/1610f39c-6f3a-45b1-9167-64c675781f93/results 200 - 4ms
[2026-03-02T07:46:30.795Z] DEBUG: 📥 GET / [object Object]
[2026-03-02T07:46:30.798Z] INFO: GET / 200 - 2ms
[2026-03-02T07:46:30.862Z] DEBUG: 📥 GET /favicon.ico [object Object]
[2026-03-02T07:46:30.863Z] ERROR: 404 - Not Found - /favicon.ico
[2026-03-02T07:46:30.872Z] WARN: GET /favicon.ico 404 - 9ms
[2026-03-02T07:47:03.114Z] DEBUG: 📥 GET /api/users [object Object]
[2026-03-02T07:47:03.117Z] ERROR: 404 - Not Found - /api/users
[2026-03-02T07:47:03.121Z] WARN: GET /api/users 404 - 5ms
[2026-03-02T07:47:22.029Z] DEBUG: 📥 POST /api/bulk-upload/csv [object Object]
[2026-03-02T07:47:22.045Z] INFO: 📦 Batch created: 3645b491-b399-4e17-b561-e87681001bb1
[2026-03-02T07:47:22.046Z] INFO: 📊 Batch 3645b491-b399-4e17-b561-e87681001bb1: File valid-pan-upload.csv for pan
[2026-03-02T07:47:22.046Z] INFO: POST /api/bulk-upload/csv 202 - 16ms
[2026-03-02T07:47:22.074Z] INFO: ✅ Bulk file 3645b491-b399-4e17-b561-e87681001bb1 processed: 0/4 successful
[2026-03-02T07:47:22.074Z] INFO: ✅ Batch 3645b491-b399-4e17-b561-e87681001bb1 processing complete: 0/4 successful
[2026-03-02T07:48:00.510Z] DEBUG: 📥 GET /api/bulk-upload/stats [object Object]
[2026-03-02T07:48:00.530Z] INFO: GET /api/bulk-upload/stats 200 - 19ms
[2026-03-02T07:49:07.008Z] DEBUG: 📥 POST /api/bulk-upload/csv [object Object]
[2026-03-02T07:49:07.023Z] INFO: 📦 Batch created: 092d3103-e2a9-40e6-b673-7b1185286fcf
[2026-03-02T07:49:07.024Z] INFO: 📊 Batch 092d3103-e2a9-40e6-b673-7b1185286fcf: File sample-pan-upload.csv for pan
[2026-03-02T07:49:07.025Z] INFO: POST /api/bulk-upload/csv 202 - 16ms
[2026-03-02T07:49:07.044Z] INFO: ✅ Bulk file 092d3103-e2a9-40e6-b673-7b1185286fcf processed: 0/4 successful
[2026-03-02T07:49:07.044Z] INFO: ✅ Batch 092d3103-e2a9-40e6-b673-7b1185286fcf processing complete: 0/4 successful
[2026-03-02T07:49:09.019Z] DEBUG: 📥 GET /api/bulk-upload/batches/YOUR_BATCH_ID [object Object]
[2026-03-02T07:49:09.077Z] ERROR: ❌ Get batch status error: error: invalid input syntax for type uuid: "YOUR_BATCH_ID"
[2026-03-02T07:49:09.082Z] ERROR: GET /api/bulk-upload/batches/YOUR_BATCH_ID 500 - 61ms
