[2026-03-03T07:07:47.094Z] INFO: 🚀 Server running on http://localhost:5001
[2026-03-03T07:07:47.094Z] INFO: 📦 Environment: development
[2026-03-03T07:07:47.094Z] INFO: 📝 API: http://localhost:5001/api
[2026-03-03T07:07:47.094Z] INFO: 💾 Database: bgv_platform
[2026-03-03T07:08:18.565Z] DEBUG: 📥 GET /api/consent/required/pan [object Object]
[2026-03-03T07:08:18.569Z] INFO: GET /api/consent/required/pan 200 - 3ms
[2026-03-03T07:09:06.945Z] DEBUG: 📥 POST /api/consent/accept [object Object]
[2026-03-03T07:09:06.969Z] ERROR: ❌ Accept consent error: error: column "user_id" does not exist
[2026-03-03T07:09:06.970Z] ERROR: POST /api/consent/accept 500 - 24ms
[2026-03-03T07:10:22.138Z] DEBUG: 📥 POST /api/consent/accept [object Object]
[2026-03-03T07:10:22.155Z] ERROR: ❌ Accept consent error: error: null value in column "subject_name" of relation "consent_records" violates not-null constraint
[2026-03-03T07:10:22.156Z] ERROR: POST /api/consent/accept 500 - 17ms
[2026-03-03T07:10:36.659Z] DEBUG: 📥 GET /api/consent/my-consents [object Object]
[2026-03-03T07:10:36.675Z] INFO: GET /api/consent/my-consents 200 - 16ms
[2026-03-03T07:13:12.765Z] DEBUG: 📥 POST /api/consent/accept [object Object]
[2026-03-03T07:13:12.779Z] ERROR: ❌ Accept consent error: error: null value in column "subject_name" of relation "consent_records" violates not-null constraint
[2026-03-03T07:13:12.780Z] ERROR: POST /api/consent/accept 500 - 14ms
[2026-03-03T07:13:12.795Z] DEBUG: 📥 GET /api/consent/my-consents [object Object]
[2026-03-03T07:13:12.801Z] INFO: GET /api/consent/my-consents 200 - 6ms
[2026-03-03T07:23:15.013Z] DEBUG: 📥 POST /api/consent/accept [object Object]
[2026-03-03T07:23:15.026Z] ERROR: ❌ Accept consent error: error: null value in column "subject_name" of relation "consent_records" violates not-null constraint
[2026-03-03T07:23:15.027Z] ERROR: POST /api/consent/accept 500 - 14ms
[2026-03-03T07:23:15.042Z] DEBUG: 📥 GET /api/consent/my-consents [object Object]
[2026-03-03T07:23:15.048Z] INFO: GET /api/consent/my-consents 200 - 6ms
[2026-03-03T07:24:01.067Z] INFO: 🚀 Server running on http://localhost:5001
[2026-03-03T07:24:01.068Z] INFO: 📦 Environment: development
[2026-03-03T07:24:01.068Z] INFO: 📝 API: http://localhost:5001/api
[2026-03-03T07:24:01.068Z] INFO: 💾 Database: bgv_platform
[2026-03-03T07:24:05.433Z] DEBUG: 📥 POST /api/consent/accept [object Object]
[2026-03-03T07:24:05.455Z] ERROR: ❌ Accept consent error: error: null value in column "subject_name" of relation "consent_records" violates not-null constraint
[2026-03-03T07:24:05.457Z] ERROR: POST /api/consent/accept 500 - 24ms
[2026-03-03T07:24:05.472Z] DEBUG: 📥 GET /api/consent/my-consents [object Object]
[2026-03-03T07:24:05.481Z] INFO: GET /api/consent/my-consents 200 - 7ms
[2026-03-03T07:25:07.808Z] ERROR: 💥 Uncaught Exception: Error: listen EADDRINUSE: address already in use :::5001
[2026-03-03T07:25:26.440Z] INFO: 🚀 Server running on http://localhost:5001
[2026-03-03T07:25:26.440Z] INFO: 📦 Environment: development
[2026-03-03T07:25:26.440Z] INFO: 📝 API: http://localhost:5001/api
[2026-03-03T07:25:26.440Z] INFO: 💾 Database: bgv_platform
[2026-03-03T07:25:52.225Z] DEBUG: 📥 POST /api/consent/accept [object Object]
[2026-03-03T07:25:52.245Z] ERROR: ❌ Accept consent error: error: null value in column "subject_name" of relation "consent_records" violates not-null constraint
[2026-03-03T07:25:52.247Z] ERROR: POST /api/consent/accept 500 - 21ms
[2026-03-03T07:26:00.896Z] DEBUG: 📥 GET /api/consent/my-consents [object Object]
[2026-03-03T07:26:00.910Z] INFO: GET /api/consent/my-consents 200 - 12ms
[2026-03-03T07:27:53.503Z] INFO: 🚀 Server running on http://localhost:5001
[2026-03-03T07:27:53.503Z] INFO: 📦 Environment: development
[2026-03-03T07:27:53.504Z] INFO: 📝 API: http://localhost:5001/api
[2026-03-03T07:27:53.504Z] INFO: 💾 Database: bgv_platform
[2026-03-03T07:28:20.872Z] DEBUG: 📥 POST /api/consent/accept [object Object]
[2026-03-03T07:28:20.893Z] ERROR: ❌ Accept consent error: error: null value in column "subject_name" of relation "consent_records" violates not-null constraint
[2026-03-03T07:28:20.895Z] ERROR: POST /api/consent/accept 500 - 23ms
[2026-03-03T07:29:00.218Z] INFO: 🚀 Server running on http://localhost:5001
[2026-03-03T07:29:00.218Z] INFO: 📦 Environment: development
[2026-03-03T07:29:00.218Z] INFO: 📝 API: http://localhost:5001/api
[2026-03-03T07:29:00.218Z] INFO: 💾 Database: bgv_platform
[2026-03-03T07:33:53.511Z] INFO: 🚀 Server running on http://localhost:5001
[2026-03-03T07:33:53.512Z] INFO: 📦 Environment: development
[2026-03-03T07:33:53.512Z] INFO: 📝 API: http://localhost:5001/api
[2026-03-03T07:33:53.512Z] INFO: 💾 Database: bgv_platform
[2026-03-03T07:34:02.150Z] DEBUG: 📥 POST /api/consent/accept [object Object]
[2026-03-03T07:34:02.172Z] ERROR: ❌ Accept consent error: error: null value in column "subject_name" of relation "consent_records" violates not-null constraint
[2026-03-03T07:34:02.174Z] ERROR: POST /api/consent/accept 500 - 24ms
[2026-03-03T07:49:16.061Z] DEBUG: 📥 GET /api/consent/my-consents [object Object]
[2026-03-03T07:49:16.122Z] INFO: GET /api/consent/my-consents 200 - 59ms
[2026-03-03T07:49:26.032Z] INFO: 🚀 Server running on http://localhost:5001
[2026-03-03T07:49:26.035Z] INFO: 📦 Environment: development
[2026-03-03T07:49:26.035Z] INFO: 📝 API: http://localhost:5001/api
[2026-03-03T07:49:26.035Z] INFO: 💾 Database: bgv_platform
[2026-03-03T07:49:40.141Z] ERROR: 💥 Uncaught Exception: Error: listen EADDRINUSE: address already in use :::5001
[2026-03-03T07:49:51.033Z] INFO: 🚀 Server running on http://localhost:5001
[2026-03-03T07:49:51.033Z] INFO: 📦 Environment: development
[2026-03-03T07:49:51.033Z] INFO: 📝 API: http://localhost:5001/api
[2026-03-03T07:49:51.034Z] INFO: 💾 Database: bgv_platform
[2026-03-03T07:50:22.967Z] DEBUG: 📥 POST /api/consent/accept [object Object]
[2026-03-03T07:50:22.988Z] ERROR: ❌ Accept consent error: error: null value in column "subject_name" of relation "consent_records" violates not-null constraint
[2026-03-03T07:50:22.990Z] ERROR: POST /api/consent/accept 500 - 23ms
[2026-03-03T07:51:43.178Z] INFO: 🚀 Server running on http://localhost:5001
[2026-03-03T07:51:43.178Z] INFO: 📦 Environment: development
[2026-03-03T07:51:43.178Z] INFO: 📝 API: http://localhost:5001/api
[2026-03-03T07:51:43.178Z] INFO: 💾 Database: bgv_platform
[2026-03-03T07:51:50.546Z] DEBUG: 📥 POST /api/consent/accept [object Object]
[2026-03-03T07:51:50.582Z] ERROR: ❌ Accept consent error: error: null value in column "subject_name" of relation "consent_records" violates not-null constraint
[2026-03-03T07:51:50.585Z] ERROR: POST /api/consent/accept 500 - 38ms
[2026-03-03T07:53:23.908Z] INFO: 🚀 Server running on http://localhost:5001
[2026-03-03T07:53:23.909Z] INFO: 📦 Environment: development
[2026-03-03T07:53:23.909Z] INFO: 📝 API: http://localhost:5001/api
[2026-03-03T07:53:23.909Z] INFO: 💾 Database: bgv_platform
[2026-03-03T07:54:02.943Z] ERROR: 💥 Uncaught Exception: Error: listen EADDRINUSE: address already in use :::5001
[2026-03-03T07:54:19.902Z] INFO: 🚀 Server running on http://localhost:5001
[2026-03-03T07:54:19.903Z] INFO: 📦 Environment: development
[2026-03-03T07:54:19.903Z] INFO: 📝 API: http://localhost:5001/api
[2026-03-03T07:54:19.903Z] INFO: 💾 Database: bgv_platform
[2026-03-03T07:54:23.679Z] DEBUG: 📥 POST /api/consent/accept [object Object]
[2026-03-03T07:54:23.703Z] ERROR: ❌ Accept consent error: error: null value in column "subject_name" of relation "consent_records" violates not-null constraint
[2026-03-03T07:54:23.708Z] ERROR: POST /api/consent/accept 500 - 29ms
[2026-03-03T07:55:00.702Z] INFO: 🚀 Server running on http://localhost:5001
[2026-03-03T07:55:00.703Z] INFO: 📦 Environment: development
[2026-03-03T07:55:00.703Z] INFO: 📝 API: http://localhost:5001/api
[2026-03-03T07:55:00.703Z] INFO: 💾 Database: bgv_platform
