[2026-03-26T12:39:33.971Z] INFO: 🚀 Server running on http://localhost:5001
[2026-03-26T12:39:33.971Z] INFO: 📦 Environment: development
[2026-03-26T12:39:33.971Z] INFO: 📝 API Docs:    http://localhost:5001/api
[2026-03-26T12:39:33.972Z] INFO: 💾 Database:    bgv_platform
[2026-03-26T12:39:33.972Z] INFO: 👤 DB User:     postgres
[2026-03-26T12:39:42.490Z] DEBUG: 📥 POST /api/auth/login [object Object]
[2026-03-26T12:39:42.492Z] DEBUG: 📝 SQL: SELECT * FROM users WHERE email = $1...
[2026-03-26T12:39:42.524Z] INFO: ✅ Database connected
[2026-03-26T12:39:42.584Z] DEBUG: 📝 SQL: INSERT INTO refresh_tokens (user_id, token, expires_at)
       VALUES ($1, $2, NOW() + INTERVAL '7 days')...
[2026-03-26T12:39:42.591Z] INFO: POST /api/auth/login 200 - 100ms
[2026-03-26T12:39:42.631Z] DEBUG: 📥 POST /api/verifications/pan [object Object]
[2026-03-26T12:39:42.633Z] DEBUG: 🔒 Tenant isolation: 57cab5a9-3c1f-428e-9b80-34d3ca27ad3b
[2026-03-26T12:39:42.634Z] DEBUG: 📝 SQL: 
      INSERT INTO verification_requests
      (document_type, document_number, full_name, dob, client_id, api_status)
      VALUES ($1,$2,$3,$4,$5::uuid,'pending')
      RETURNING *
    ...
[2026-03-26T12:39:42.643Z] INFO: POST /api/verifications/pan 201 - 11ms
[2026-03-26T12:39:42.651Z] DEBUG: 📥 POST /api/verifications/aadhaar [object Object]
[2026-03-26T12:39:42.651Z] DEBUG: 🔒 Tenant isolation: 57cab5a9-3c1f-428e-9b80-34d3ca27ad3b
[2026-03-26T12:39:42.652Z] DEBUG: 📝 SQL: 
      INSERT INTO verification_requests
      (document_type, document_number, full_name, client_id, api_status)
      VALUES ($1,$2,$3,$4::uuid,'pending')
      RETURNING *
    ...
[2026-03-26T12:39:42.654Z] INFO: POST /api/verifications/aadhaar 201 - 3ms
[2026-03-26T12:39:42.656Z] DEBUG: 📥 POST /api/verifications/gstin [object Object]
[2026-03-26T12:39:42.657Z] DEBUG: 🔒 Tenant isolation: 57cab5a9-3c1f-428e-9b80-34d3ca27ad3b
[2026-03-26T12:39:42.657Z] DEBUG: 📝 SQL: 
      INSERT INTO verification_requests
      (document_type, document_number, business_name, client_id, api_status)
      VALUES ($1,$2,$3,$4::uuid,'pending')
      RETURNING *
    ...
[2026-03-26T12:39:42.658Z] INFO: POST /api/verifications/gstin 201 - 2ms
[2026-03-26T12:39:42.661Z] DEBUG: 📥 POST /api/verifications/retry/7fa1890f-4e3d-42d1-817c-df2589e7b074 [object Object]
[2026-03-26T12:39:42.661Z] DEBUG: 🔒 Tenant isolation: 57cab5a9-3c1f-428e-9b80-34d3ca27ad3b
[2026-03-26T12:39:42.662Z] DEBUG: 📝 SQL: SELECT * FROM verification_requests WHERE id = $1...
[2026-03-26T12:39:42.663Z] DEBUG: 📝 SQL: UPDATE verification_requests
       SET retry_count = retry_count + 1,
           last_retry_at = NOW(),
           status = 'retrying'
       WHERE id = $1
       RETURNING *...
[2026-03-26T12:39:42.665Z] DEBUG: 📝 SQL: INSERT INTO verification_retry_history
       (verification_id, retry_number, retry_status, retry_reason)
       VALUES ($1,$2,$3,$4)...
[2026-03-26T12:39:42.667Z] INFO: POST /api/verifications/retry/7fa1890f-4e3d-42d1-817c-df2589e7b074 200 - 6ms
[2026-03-26T12:39:42.670Z] DEBUG: 📥 POST /api/auth/logout [object Object]
[2026-03-26T12:39:42.670Z] DEBUG: 📝 SQL: DELETE FROM refresh_tokens WHERE token = $1...
[2026-03-26T12:39:42.672Z] INFO: POST /api/auth/logout 200 - 2ms
[2026-03-26T12:39:42.674Z] DEBUG: 📥 POST /api/auth/refresh [object Object]
[2026-03-26T12:39:42.675Z] DEBUG: 📝 SQL: SELECT * FROM refresh_tokens WHERE token = $1...
[2026-03-26T12:39:42.676Z] WARN: POST /api/auth/refresh 403 - 2ms
[2026-03-26T12:45:26.931Z] INFO: GET /health 200 - 1ms
[2026-03-26T12:45:27.082Z] INFO: GET /api/health 200 - 1ms
[2026-03-26T12:45:27.636Z] DEBUG: 📥 GET /api/tenants [object Object]
[2026-03-26T12:45:27.637Z] WARN: GET /api/tenants 401 - 1ms
[2026-03-26T12:45:28.442Z] DEBUG: 📥 POST /api/verifications/retry/ [object Object]
[2026-03-26T12:45:28.442Z] WARN: POST /api/verifications/retry/ 401 - 0ms
[2026-03-26T12:46:56.395Z] INFO: GET /health 200 - 0ms
[2026-03-26T12:46:56.433Z] INFO: GET /api/health 200 - 0ms
[2026-03-26T12:46:56.480Z] DEBUG: 📥 GET /api/tenants [object Object]
[2026-03-26T12:46:56.480Z] WARN: GET /api/tenants 401 - 0ms
[2026-03-26T12:46:56.506Z] DEBUG: 📥 POST /api/verifications/retry/ [object Object]
[2026-03-26T12:46:56.507Z] WARN: POST /api/verifications/retry/ 401 - 0ms
[2026-03-26T12:49:32.383Z] DEBUG: 📥 POST /api/auth/login [object Object]
[2026-03-26T12:49:32.384Z] ERROR: 400 - "email" must be a valid email
[2026-03-26T12:49:32.386Z] WARN: POST /api/auth/login 400 - 3ms
[2026-03-26T12:49:32.426Z] DEBUG: 📥 POST /api/verifications/pan [object Object]
[2026-03-26T12:49:32.427Z] WARN: POST /api/verifications/pan 401 - 1ms
[2026-03-26T12:49:32.433Z] DEBUG: 📥 POST /api/verifications/aadhaar [object Object]
[2026-03-26T12:49:32.434Z] WARN: POST /api/verifications/aadhaar 401 - 0ms
[2026-03-26T12:49:32.440Z] DEBUG: 📥 POST /api/verifications/gstin [object Object]
[2026-03-26T12:49:32.441Z] WARN: POST /api/verifications/gstin 401 - 0ms
[2026-03-26T12:49:32.446Z] DEBUG: 📥 POST /api/verifications/retry/ [object Object]
[2026-03-26T12:49:32.446Z] WARN: POST /api/verifications/retry/ 401 - 0ms
[2026-03-26T12:49:32.452Z] DEBUG: 📥 POST /api/auth/logout [object Object]
[2026-03-26T12:49:32.452Z] WARN: POST /api/auth/logout 400 - 0ms
[2026-03-26T12:49:56.144Z] INFO: 🚀 Server running on http://localhost:5001
[2026-03-26T12:49:56.145Z] INFO: 📦 Environment: development
[2026-03-26T12:49:56.145Z] INFO: 📝 API Docs:    http://localhost:5001/api
[2026-03-26T12:49:56.145Z] INFO: 💾 Database:    bgv_platform
[2026-03-26T12:49:56.145Z] INFO: 👤 DB User:     postgres
[2026-03-26T12:53:27.551Z] DEBUG: 📥 POST /api/auth/login [object Object]
[2026-03-26T12:53:27.553Z] DEBUG: 📝 SQL: SELECT * FROM users WHERE email = $1...
[2026-03-26T12:53:27.606Z] INFO: ✅ Database connected
[2026-03-26T12:53:27.679Z] DEBUG: 📝 SQL: INSERT INTO refresh_tokens (user_id, token, expires_at)
       VALUES ($1, $2, NOW() + INTERVAL '7 days')...
[2026-03-26T12:53:27.694Z] INFO: POST /api/auth/login 200 - 143ms
[2026-03-26T12:53:27.976Z] DEBUG: 📥 POST /api/verifications/pan [object Object]
[2026-03-26T12:53:27.978Z] DEBUG: 🔒 Tenant isolation: 57cab5a9-3c1f-428e-9b80-34d3ca27ad3b
[2026-03-26T12:53:27.978Z] DEBUG: 📝 SQL: 
      INSERT INTO verification_requests
      (document_type, document_number, full_name, dob, client_id, api_status)
      VALUES ($1,$2,$3,$4,$5::uuid,'pending')
      RETURNING *
    ...
[2026-03-26T12:53:27.984Z] INFO: POST /api/verifications/pan 201 - 7ms
[2026-03-26T12:53:28.152Z] DEBUG: 📥 POST /api/verifications/aadhaar [object Object]
[2026-03-26T12:53:28.153Z] DEBUG: 🔒 Tenant isolation: 57cab5a9-3c1f-428e-9b80-34d3ca27ad3b
[2026-03-26T12:53:28.154Z] DEBUG: 📝 SQL: 
      INSERT INTO verification_requests
      (document_type, document_number, full_name, client_id, api_status)
      VALUES ($1,$2,$3,$4::uuid,'pending')
      RETURNING *
    ...
[2026-03-26T12:53:28.155Z] INFO: POST /api/verifications/aadhaar 201 - 2ms
[2026-03-26T12:53:28.307Z] DEBUG: 📥 POST /api/verifications/gstin [object Object]
[2026-03-26T12:53:28.308Z] DEBUG: 🔒 Tenant isolation: 57cab5a9-3c1f-428e-9b80-34d3ca27ad3b
[2026-03-26T12:53:28.309Z] DEBUG: 📝 SQL: 
      INSERT INTO verification_requests
      (document_type, document_number, business_name, client_id, api_status)
      VALUES ($1,$2,$3,$4::uuid,'pending')
      RETURNING *
    ...
[2026-03-26T12:53:28.311Z] INFO: POST /api/verifications/gstin 201 - 3ms
[2026-03-26T12:53:28.433Z] DEBUG: 📥 POST /api/verifications/retry/dab39759-1286-4d48-9439-e71f737eb95a [object Object]
[2026-03-26T12:53:28.434Z] DEBUG: 🔒 Tenant isolation: 57cab5a9-3c1f-428e-9b80-34d3ca27ad3b
[2026-03-26T12:53:28.435Z] DEBUG: 📝 SQL: SELECT * FROM verification_requests WHERE id = $1...
[2026-03-26T12:53:28.437Z] DEBUG: 📝 SQL: UPDATE verification_requests
       SET retry_count = retry_count + 1,
           last_retry_at = NOW(),
           status = 'retrying'
       WHERE id = $1
       RETURNING *...
[2026-03-26T12:53:28.439Z] DEBUG: 📝 SQL: INSERT INTO verification_retry_history
       (verification_id, retry_number, retry_status, retry_reason)
       VALUES ($1,$2,$3,$4)...
[2026-03-26T12:53:28.442Z] INFO: POST /api/verifications/retry/dab39759-1286-4d48-9439-e71f737eb95a 200 - 8ms
[2026-03-26T12:53:28.593Z] DEBUG: 📥 POST /api/auth/logout [object Object]
[2026-03-26T12:53:28.594Z] DEBUG: 📝 SQL: DELETE FROM refresh_tokens WHERE token = $1...
[2026-03-26T12:53:28.596Z] INFO: POST /api/auth/logout 200 - 3ms
[2026-03-26T12:53:28.733Z] DEBUG: 📥 POST /api/auth/refresh [object Object]
[2026-03-26T12:53:28.734Z] DEBUG: 📝 SQL: SELECT * FROM refresh_tokens WHERE token = $1...
[2026-03-26T12:53:28.735Z] WARN: POST /api/auth/refresh 403 - 2ms
[2026-03-26T12:56:50.937Z] INFO: GET /health 200 - 1ms
[2026-03-26T12:56:50.981Z] INFO: GET /api/health 200 - 1ms
[2026-03-26T12:56:50.985Z] INFO: GET /api/health 200 - 1ms
[2026-03-26T12:56:50.989Z] DEBUG: 📥 GET / [object Object]
[2026-03-26T12:56:50.991Z] INFO: GET / 200 - 1ms
[2026-03-26T12:56:51.012Z] INFO: GET /health 200 - 0ms
[2026-03-26T12:56:51.029Z] INFO: GET /api/health 200 - 0ms
[2026-03-26T12:56:51.033Z] INFO: GET /api/health 200 - 1ms
[2026-03-26T12:56:51.034Z] INFO: GET /api/health 200 - 0ms
[2026-03-26T12:56:51.035Z] INFO: GET /api/health 200 - 0ms
[2026-03-26T12:56:51.037Z] INFO: GET /api/health 200 - 0ms
[2026-03-26T12:56:51.038Z] INFO: GET /api/health 200 - 0ms
[2026-03-26T12:56:51.040Z] INFO: GET /api/health 200 - 0ms
[2026-03-26T12:56:51.041Z] INFO: GET /api/health 200 - 0ms
[2026-03-26T12:56:51.042Z] INFO: GET /api/health 200 - 0ms
[2026-03-26T12:56:51.043Z] INFO: GET /api/health 200 - 0ms
[2026-03-26T12:56:51.045Z] INFO: GET /api/health 200 - 1ms
[2026-03-26T12:56:51.046Z] INFO: GET /api/health 200 - 0ms
[2026-03-26T12:56:51.048Z] INFO: GET /api/health 200 - 0ms
[2026-03-26T12:56:51.050Z] INFO: GET /api/health 200 - 0ms
[2026-03-26T12:56:51.051Z] INFO: GET /api/health 200 - 0ms
[2026-03-26T12:56:51.053Z] INFO: GET /api/health 200 - 0ms
[2026-03-26T12:56:51.054Z] INFO: GET /api/health 200 - 0ms
[2026-03-26T12:56:51.055Z] INFO: GET /api/health 200 - 0ms
[2026-03-26T12:56:51.057Z] INFO: GET /api/health 200 - 0ms
[2026-03-26T12:56:51.058Z] INFO: GET /api/health 200 - 1ms
[2026-03-26T12:56:51.059Z] INFO: GET /api/health 200 - 0ms
[2026-03-26T12:56:51.060Z] INFO: GET /api/health 200 - 0ms
[2026-03-26T12:56:51.062Z] INFO: GET /api/health 200 - 0ms
[2026-03-26T12:56:51.063Z] INFO: GET /api/health 200 - 0ms
[2026-03-26T12:56:51.065Z] INFO: GET /api/health 200 - 1ms
[2026-03-26T12:56:51.066Z] INFO: GET /api/health 200 - 0ms
[2026-03-26T12:56:51.067Z] INFO: GET /api/health 200 - 0ms
[2026-03-26T12:56:51.069Z] INFO: GET /api/health 200 - 1ms
[2026-03-26T12:56:51.070Z] INFO: GET /api/health 200 - 1ms
[2026-03-26T12:56:51.071Z] INFO: GET /api/health 200 - 0ms
[2026-03-26T12:56:51.073Z] INFO: GET /api/health 200 - 1ms
[2026-03-26T12:56:51.074Z] INFO: GET /api/health 200 - 0ms
[2026-03-26T12:56:51.076Z] INFO: GET /api/health 200 - 0ms
[2026-03-26T12:56:51.078Z] INFO: GET /api/health 200 - 1ms
[2026-03-26T12:56:51.079Z] INFO: GET /api/health 200 - 0ms
[2026-03-26T12:56:51.081Z] INFO: GET /api/health 200 - 0ms
[2026-03-26T12:56:51.082Z] INFO: GET /api/health 200 - 0ms
[2026-03-26T12:56:51.083Z] INFO: GET /api/health 200 - 0ms
[2026-03-26T12:56:51.085Z] INFO: GET /api/health 200 - 0ms
[2026-03-26T12:56:51.086Z] INFO: GET /api/health 200 - 0ms
[2026-03-26T12:56:51.087Z] INFO: GET /api/health 200 - 0ms
[2026-03-26T12:56:51.088Z] INFO: GET /api/health 200 - 0ms
[2026-03-26T12:56:51.090Z] INFO: GET /api/health 200 - 0ms
[2026-03-26T12:56:51.092Z] INFO: GET /api/health 200 - 1ms
[2026-03-26T12:56:51.093Z] INFO: GET /api/health 200 - 0ms
[2026-03-26T12:56:51.094Z] INFO: GET /api/health 200 - 0ms
[2026-03-26T12:56:51.095Z] INFO: GET /api/health 200 - 0ms
[2026-03-26T12:56:51.096Z] INFO: GET /api/health 200 - 0ms
[2026-03-26T12:56:51.098Z] INFO: GET /api/health 200 - 0ms
[2026-03-26T12:56:51.099Z] INFO: GET /api/health 200 - 0ms
[2026-03-26T12:56:51.100Z] INFO: GET /api/health 200 - 0ms
[2026-03-26T12:56:51.101Z] INFO: GET /api/health 200 - 0ms
[2026-03-26T12:56:51.102Z] INFO: GET /api/health 200 - 0ms
[2026-03-26T12:56:51.103Z] INFO: GET /api/health 200 - 0ms
[2026-03-26T12:56:51.105Z] INFO: GET /api/health 200 - 0ms
[2026-03-26T12:56:51.106Z] INFO: GET /api/health 200 - 0ms
[2026-03-26T12:56:51.107Z] INFO: GET /api/health 200 - 0ms
[2026-03-26T12:56:51.109Z] INFO: GET /api/health 200 - 0ms
[2026-03-26T12:56:51.110Z] INFO: GET /api/health 200 - 0ms
[2026-03-26T12:56:51.111Z] INFO: GET /api/health 200 - 0ms
[2026-03-26T12:56:51.112Z] INFO: GET /api/health 200 - 0ms
[2026-03-26T12:56:51.114Z] INFO: GET /api/health 200 - 0ms
[2026-03-26T12:56:51.115Z] INFO: GET /api/health 200 - 0ms
[2026-03-26T12:56:51.117Z] INFO: GET /api/health 200 - 1ms
[2026-03-26T12:56:51.118Z] INFO: GET /api/health 200 - 0ms
[2026-03-26T12:56:51.119Z] INFO: GET /api/health 200 - 0ms
[2026-03-26T12:56:51.120Z] INFO: GET /api/health 200 - 0ms
[2026-03-26T12:56:51.122Z] INFO: GET /api/health 200 - 1ms
[2026-03-26T12:56:51.123Z] INFO: GET /api/health 200 - 1ms
[2026-03-26T12:56:51.124Z] INFO: GET /api/health 200 - 1ms
[2026-03-26T12:56:51.127Z] INFO: GET /api/health 200 - 1ms
[2026-03-26T12:56:51.129Z] INFO: GET /api/health 200 - 0ms
[2026-03-26T12:56:51.130Z] INFO: GET /api/health 200 - 0ms
[2026-03-26T12:56:51.131Z] INFO: GET /api/health 200 - 0ms
[2026-03-26T12:56:51.132Z] INFO: GET /api/health 200 - 0ms
[2026-03-26T12:56:51.134Z] INFO: GET /api/health 200 - 1ms
[2026-03-26T12:56:51.135Z] INFO: GET /api/health 200 - 0ms
[2026-03-26T12:56:51.136Z] INFO: GET /api/health 200 - 0ms
[2026-03-26T12:56:51.137Z] INFO: GET /api/health 200 - 0ms
[2026-03-26T12:56:51.138Z] INFO: GET /api/health 200 - 0ms
[2026-03-26T12:56:51.139Z] INFO: GET /api/health 200 - 0ms
[2026-03-26T12:56:51.141Z] INFO: GET /api/health 200 - 0ms
[2026-03-26T12:56:51.142Z] INFO: GET /api/health 200 - 0ms
[2026-03-26T12:56:51.144Z] INFO: GET /api/health 200 - 0ms
[2026-03-26T12:56:51.146Z] INFO: GET /api/health 200 - 0ms
[2026-03-26T12:56:51.147Z] INFO: GET /api/health 200 - 0ms
[2026-03-26T12:56:51.148Z] INFO: GET /api/health 200 - 0ms
[2026-03-26T12:56:51.149Z] INFO: GET /api/health 200 - 0ms
[2026-03-26T12:56:51.150Z] INFO: GET /api/health 200 - 0ms
[2026-03-26T12:56:51.151Z] INFO: GET /api/health 200 - 0ms
[2026-03-26T12:56:51.152Z] INFO: GET /api/health 200 - 0ms
[2026-03-26T12:56:51.154Z] INFO: GET /api/health 200 - 0ms
[2026-03-26T12:56:51.155Z] INFO: GET /api/health 200 - 1ms
[2026-03-26T12:56:51.156Z] INFO: GET /api/health 200 - 1ms
[2026-03-26T12:56:51.157Z] INFO: GET /api/health 200 - 0ms
[2026-03-26T12:56:51.159Z] INFO: GET /api/health 200 - 0ms
[2026-03-26T12:56:51.160Z] INFO: GET /api/health 200 - 0ms
[2026-03-26T12:56:51.161Z] INFO: GET /api/health 200 - 0ms
[2026-03-26T12:56:51.163Z] INFO: GET /api/health 200 - 1ms
[2026-03-26T12:56:51.164Z] INFO: GET /api/health 200 - 0ms
[2026-03-26T12:56:51.165Z] INFO: GET /api/health 200 - 0ms
[2026-03-26T12:56:51.167Z] INFO: GET /api/health 200 - 1ms
[2026-03-26T12:56:51.168Z] INFO: GET /api/health 200 - 0ms
[2026-03-26T12:56:51.169Z] INFO: GET /api/health 200 - 0ms
[2026-03-26T12:56:51.170Z] INFO: GET /api/health 200 - 0ms
[2026-03-26T12:56:51.172Z] INFO: GET /api/health 200 - 0ms
[2026-03-26T12:56:51.173Z] INFO: GET /api/health 200 - 0ms
[2026-03-26T12:56:51.175Z] INFO: GET /api/health 200 - 1ms
[2026-03-26T12:56:51.176Z] INFO: GET /api/health 200 - 0ms
[2026-03-26T12:56:51.177Z] INFO: GET /api/health 200 - 0ms
[2026-03-26T12:56:51.179Z] INFO: GET /api/health 200 - 1ms
[2026-03-26T12:56:51.180Z] INFO: GET /api/health 200 - 0ms
[2026-03-26T12:56:51.181Z] INFO: GET /api/health 200 - 0ms
[2026-03-26T12:56:51.184Z] INFO: GET /api/health 200 - 0ms
[2026-03-26T12:56:51.185Z] INFO: GET /api/health 200 - 0ms
[2026-03-26T12:56:51.186Z] INFO: GET /api/health 200 - 0ms
[2026-03-26T12:56:51.188Z] INFO: GET /api/health 200 - 0ms
[2026-03-26T12:56:51.189Z] INFO: GET /api/health 200 - 0ms
[2026-03-26T12:56:51.190Z] INFO: GET /api/health 200 - 0ms
[2026-03-26T12:56:51.191Z] INFO: GET /api/health 200 - 0ms
[2026-03-26T13:12:13.769Z] INFO: 🚀 Server running on http://localhost:5001
[2026-03-26T13:12:13.769Z] INFO: 📦 Environment: development
[2026-03-26T13:12:13.770Z] INFO: 📝 API Docs:    http://localhost:5001/api
[2026-03-26T13:12:13.770Z] INFO: 💾 Database:    bgv_platform
[2026-03-26T13:12:13.770Z] INFO: 👤 DB User:     postgres
[2026-03-26T13:12:44.216Z] INFO: GET /health 200 - 13ms
[2026-03-26T13:12:44.281Z] ERROR: GET /api/health 500 - 2ms
[2026-03-26T13:12:44.288Z] ERROR: GET /api/health 500 - 2ms
[2026-03-26T13:12:44.293Z] DEBUG: 📥 GET / [object Object]
[2026-03-26T13:12:44.294Z] INFO: GET / 200 - 1ms
[2026-03-26T13:12:44.323Z] INFO: GET /health 200 - 1ms
[2026-03-26T13:12:44.330Z] ERROR: GET /api/health 500 - 1ms
[2026-03-26T13:12:44.336Z] ERROR: GET /api/health 500 - 1ms
[2026-03-26T13:12:44.339Z] ERROR: GET /api/health 500 - 0ms
[2026-03-26T13:12:44.341Z] ERROR: GET /api/health 500 - 0ms
[2026-03-26T13:12:44.344Z] ERROR: GET /api/health 500 - 1ms
[2026-03-26T13:12:44.347Z] ERROR: GET /api/health 500 - 0ms
[2026-03-26T13:12:44.350Z] ERROR: GET /api/health 500 - 0ms
[2026-03-26T13:12:44.353Z] ERROR: GET /api/health 500 - 1ms
[2026-03-26T13:12:44.356Z] ERROR: GET /api/health 500 - 1ms
[2026-03-26T13:12:44.359Z] ERROR: GET /api/health 500 - 0ms
[2026-03-26T13:12:44.361Z] ERROR: GET /api/health 500 - 1ms
[2026-03-26T13:12:44.364Z] ERROR: GET /api/health 500 - 1ms
[2026-03-26T13:12:44.367Z] ERROR: GET /api/health 500 - 1ms
[2026-03-26T13:12:44.370Z] ERROR: GET /api/health 500 - 0ms
[2026-03-26T13:12:44.373Z] ERROR: GET /api/health 500 - 0ms
[2026-03-26T13:12:44.375Z] ERROR: GET /api/health 500 - 0ms
[2026-03-26T13:12:44.379Z] ERROR: GET /api/health 500 - 0ms
[2026-03-26T13:12:44.381Z] ERROR: GET /api/health 500 - 1ms
[2026-03-26T13:12:44.383Z] ERROR: GET /api/health 500 - 1ms
[2026-03-26T13:12:44.386Z] ERROR: GET /api/health 500 - 1ms
[2026-03-26T13:12:44.389Z] ERROR: GET /api/health 500 - 1ms
[2026-03-26T13:12:44.391Z] ERROR: GET /api/health 500 - 0ms
[2026-03-26T13:12:44.394Z] ERROR: GET /api/health 500 - 0ms
[2026-03-26T13:12:44.397Z] ERROR: GET /api/health 500 - 1ms
[2026-03-26T13:12:44.400Z] ERROR: GET /api/health 500 - 1ms
[2026-03-26T13:12:44.403Z] ERROR: GET /api/health 500 - 1ms
[2026-03-26T13:12:44.405Z] ERROR: GET /api/health 500 - 0ms
[2026-03-26T13:12:44.408Z] ERROR: GET /api/health 500 - 1ms
[2026-03-26T13:12:44.411Z] ERROR: GET /api/health 500 - 1ms
[2026-03-26T13:12:44.414Z] ERROR: GET /api/health 500 - 1ms
[2026-03-26T13:12:44.416Z] ERROR: GET /api/health 500 - 1ms
[2026-03-26T13:12:44.418Z] ERROR: GET /api/health 500 - 0ms
[2026-03-26T13:12:44.422Z] ERROR: GET /api/health 500 - 1ms
[2026-03-26T13:12:44.424Z] ERROR: GET /api/health 500 - 1ms
[2026-03-26T13:12:44.427Z] ERROR: GET /api/health 500 - 1ms
[2026-03-26T13:12:44.430Z] ERROR: GET /api/health 500 - 0ms
[2026-03-26T13:12:44.433Z] ERROR: GET /api/health 500 - 1ms
[2026-03-26T13:12:44.436Z] ERROR: GET /api/health 500 - 1ms
[2026-03-26T13:12:44.439Z] ERROR: GET /api/health 500 - 1ms
[2026-03-26T13:12:44.443Z] ERROR: GET /api/health 500 - 1ms
[2026-03-26T13:12:44.446Z] ERROR: GET /api/health 500 - 1ms
[2026-03-26T13:12:44.448Z] ERROR: GET /api/health 500 - 0ms
[2026-03-26T13:12:44.451Z] ERROR: GET /api/health 500 - 1ms
[2026-03-26T13:12:44.453Z] ERROR: GET /api/health 500 - 0ms
[2026-03-26T13:12:44.456Z] ERROR: GET /api/health 500 - 1ms
[2026-03-26T13:12:44.458Z] ERROR: GET /api/health 500 - 1ms
[2026-03-26T13:12:44.461Z] ERROR: GET /api/health 500 - 0ms
[2026-03-26T13:12:44.463Z] ERROR: GET /api/health 500 - 0ms
[2026-03-26T13:12:44.465Z] ERROR: GET /api/health 500 - 0ms
[2026-03-26T13:12:44.469Z] ERROR: GET /api/health 500 - 2ms
[2026-03-26T13:12:44.471Z] ERROR: GET /api/health 500 - 0ms
[2026-03-26T13:12:44.474Z] ERROR: GET /api/health 500 - 0ms
[2026-03-26T13:12:44.477Z] ERROR: GET /api/health 500 - 0ms
[2026-03-26T13:12:44.481Z] ERROR: GET /api/health 500 - 1ms
[2026-03-26T13:12:44.483Z] ERROR: GET /api/health 500 - 0ms
[2026-03-26T13:12:44.485Z] ERROR: GET /api/health 500 - 1ms
[2026-03-26T13:12:44.487Z] ERROR: GET /api/health 500 - 0ms
[2026-03-26T13:12:44.490Z] ERROR: GET /api/health 500 - 0ms
[2026-03-26T13:12:44.493Z] WARN: GET /api/health 429 - 0ms
[2026-03-26T13:12:44.495Z] WARN: GET /api/health 429 - 1ms
[2026-03-26T13:12:44.497Z] WARN: GET /api/health 429 - 1ms
[2026-03-26T13:12:44.500Z] WARN: GET /api/health 429 - 1ms
[2026-03-26T13:12:44.503Z] WARN: GET /api/health 429 - 0ms
[2026-03-26T13:12:44.505Z] WARN: GET /api/health 429 - 1ms
[2026-03-26T13:12:44.507Z] WARN: GET /api/health 429 - 0ms
[2026-03-26T13:12:44.509Z] WARN: GET /api/health 429 - 0ms
[2026-03-26T13:12:44.514Z] WARN: GET /api/health 429 - 2ms
[2026-03-26T13:12:44.517Z] WARN: GET /api/health 429 - 1ms
[2026-03-26T13:12:44.520Z] WARN: GET /api/health 429 - 0ms
[2026-03-26T13:12:44.524Z] WARN: GET /api/health 429 - 0ms
[2026-03-26T13:12:44.531Z] WARN: GET /api/health 429 - 1ms
[2026-03-26T13:12:44.534Z] WARN: GET /api/health 429 - 1ms
[2026-03-26T13:12:44.537Z] WARN: GET /api/health 429 - 0ms
[2026-03-26T13:12:44.540Z] WARN: GET /api/health 429 - 0ms
[2026-03-26T13:12:44.543Z] WARN: GET /api/health 429 - 1ms
[2026-03-26T13:12:44.546Z] WARN: GET /api/health 429 - 0ms
[2026-03-26T13:12:44.548Z] WARN: GET /api/health 429 - 1ms
[2026-03-26T13:12:44.551Z] WARN: GET /api/health 429 - 1ms
[2026-03-26T13:12:44.554Z] WARN: GET /api/health 429 - 0ms
[2026-03-26T13:12:44.558Z] WARN: GET /api/health 429 - 0ms
[2026-03-26T13:12:44.558Z] WARN: GET /api/health 429 - 0ms
[2026-03-26T13:12:44.561Z] WARN: GET /api/health 429 - 0ms
[2026-03-26T13:12:44.565Z] WARN: GET /api/health 429 - 0ms
[2026-03-26T13:12:44.569Z] WARN: GET /api/health 429 - 0ms
[2026-03-26T13:12:44.571Z] WARN: GET /api/health 429 - 0ms
[2026-03-26T13:12:44.573Z] WARN: GET /api/health 429 - 0ms
[2026-03-26T13:12:44.575Z] WARN: GET /api/health 429 - 0ms
[2026-03-26T13:12:44.578Z] WARN: GET /api/health 429 - 1ms
[2026-03-26T13:12:44.581Z] WARN: GET /api/health 429 - 1ms
[2026-03-26T13:12:44.584Z] WARN: GET /api/health 429 - 1ms
[2026-03-26T13:12:44.587Z] WARN: GET /api/health 429 - 1ms
[2026-03-26T13:12:44.590Z] WARN: GET /api/health 429 - 1ms
[2026-03-26T13:12:44.593Z] WARN: GET /api/health 429 - 1ms
[2026-03-26T13:12:44.596Z] WARN: GET /api/health 429 - 1ms
[2026-03-26T13:12:44.599Z] WARN: GET /api/health 429 - 0ms
[2026-03-26T13:12:44.601Z] WARN: GET /api/health 429 - 1ms
[2026-03-26T13:12:44.604Z] WARN: GET /api/health 429 - 0ms
[2026-03-26T13:12:44.606Z] WARN: GET /api/health 429 - 1ms
[2026-03-26T13:12:44.609Z] WARN: GET /api/health 429 - 0ms
[2026-03-26T13:12:44.611Z] WARN: GET /api/health 429 - 0ms
[2026-03-26T13:12:44.613Z] WARN: GET /api/health 429 - 1ms
[2026-03-26T13:12:44.615Z] WARN: GET /api/health 429 - 0ms
[2026-03-26T13:12:44.618Z] WARN: GET /api/health 429 - 0ms
[2026-03-26T13:12:44.620Z] WARN: GET /api/health 429 - 0ms
[2026-03-26T13:12:44.622Z] WARN: GET /api/health 429 - 1ms
[2026-03-26T13:12:44.624Z] WARN: GET /api/health 429 - 1ms
[2026-03-26T13:12:44.626Z] WARN: GET /api/health 429 - 1ms
[2026-03-26T13:12:44.628Z] WARN: GET /api/health 429 - 0ms
[2026-03-26T13:12:44.631Z] WARN: GET /api/health 429 - 1ms
[2026-03-26T13:12:44.633Z] WARN: GET /api/health 429 - 0ms
[2026-03-26T13:12:44.636Z] WARN: GET /api/health 429 - 0ms
[2026-03-26T13:12:44.638Z] WARN: GET /api/health 429 - 1ms
[2026-03-26T13:12:44.640Z] WARN: GET /api/health 429 - 1ms
[2026-03-26T13:12:44.642Z] WARN: GET /api/health 429 - 0ms
[2026-03-26T13:12:44.644Z] WARN: GET /api/health 429 - 1ms
[2026-03-26T13:12:44.647Z] WARN: GET /api/health 429 - 1ms
[2026-03-26T13:12:44.650Z] WARN: GET /api/health 429 - 1ms
[2026-03-26T13:12:44.653Z] WARN: GET /api/health 429 - 1ms
[2026-03-26T13:12:44.657Z] WARN: GET /api/health 429 - 1ms
[2026-03-26T13:12:44.659Z] WARN: GET /api/health 429 - 0ms
[2026-03-26T13:20:53.028Z] INFO: 🚀 Server running on http://localhost:5001
[2026-03-26T13:20:53.029Z] INFO: 📦 Environment: development
[2026-03-26T13:20:53.029Z] INFO: 📝 API Docs:    http://localhost:5001/api
[2026-03-26T13:20:53.030Z] INFO: 💾 Database:    bgv_platform
[2026-03-26T13:20:53.030Z] INFO: 👤 DB User:     postgres
[2026-03-26T13:21:15.526Z] INFO: GET /health 200 - 8ms
[2026-03-26T13:21:15.742Z] WARN: GET /api/health 403 - 0ms
[2026-03-26T13:21:15.895Z] INFO: GET /api/health 200 - 1ms
[2026-03-26T13:21:16.030Z] DEBUG: 📥 GET / [object Object]
[2026-03-26T13:21:16.031Z] INFO: GET / 200 - 1ms
[2026-03-26T13:21:16.222Z] INFO: GET /health 200 - 1ms
[2026-03-26T13:21:16.401Z] INFO: GET /api/health 200 - 1ms
[2026-03-26T13:21:16.404Z] INFO: GET /api/health 200 - 1ms
[2026-03-26T13:21:16.405Z] INFO: GET /api/health 200 - 0ms
[2026-03-26T13:21:16.407Z] INFO: GET /api/health 200 - 1ms
[2026-03-26T13:21:16.408Z] INFO: GET /api/health 200 - 0ms
[2026-03-26T13:21:16.409Z] INFO: GET /api/health 200 - 0ms
[2026-03-26T13:21:16.411Z] INFO: GET /api/health 200 - 1ms
[2026-03-26T13:21:16.412Z] INFO: GET /api/health 200 - 1ms
[2026-03-26T13:21:16.413Z] INFO: GET /api/health 200 - 0ms
[2026-03-26T13:21:16.414Z] INFO: GET /api/health 200 - 0ms
[2026-03-26T13:21:16.416Z] INFO: GET /api/health 200 - 0ms
[2026-03-26T13:21:16.417Z] INFO: GET /api/health 200 - 1ms
[2026-03-26T13:21:16.419Z] INFO: GET /api/health 200 - 0ms
[2026-03-26T13:21:16.420Z] INFO: GET /api/health 200 - 0ms
[2026-03-26T13:21:16.421Z] INFO: GET /api/health 200 - 0ms
[2026-03-26T13:21:16.423Z] INFO: GET /api/health 200 - 1ms
[2026-03-26T13:21:16.424Z] INFO: GET /api/health 200 - 1ms
[2026-03-26T13:21:16.425Z] INFO: GET /api/health 200 - 0ms
[2026-03-26T13:21:16.426Z] INFO: GET /api/health 200 - 0ms
[2026-03-26T13:21:16.428Z] INFO: GET /api/health 200 - 1ms
[2026-03-26T13:21:16.429Z] INFO: GET /api/health 200 - 0ms
[2026-03-26T13:21:16.431Z] INFO: GET /api/health 200 - 1ms
[2026-03-26T13:21:16.433Z] INFO: GET /api/health 200 - 0ms
[2026-03-26T13:21:16.434Z] INFO: GET /api/health 200 - 1ms
[2026-03-26T13:21:16.435Z] INFO: GET /api/health 200 - 0ms
[2026-03-26T13:21:16.437Z] INFO: GET /api/health 200 - 0ms
[2026-03-26T13:21:16.438Z] INFO: GET /api/health 200 - 0ms
[2026-03-26T13:21:16.440Z] INFO: GET /api/health 200 - 1ms
[2026-03-26T13:21:16.441Z] INFO: GET /api/health 200 - 0ms
[2026-03-26T13:21:16.443Z] INFO: GET /api/health 200 - 1ms
[2026-03-26T13:21:16.444Z] INFO: GET /api/health 200 - 0ms
[2026-03-26T13:21:16.445Z] INFO: GET /api/health 200 - 0ms
[2026-03-26T13:21:16.446Z] INFO: GET /api/health 200 - 0ms
[2026-03-26T13:21:16.448Z] INFO: GET /api/health 200 - 0ms
[2026-03-26T13:21:16.450Z] INFO: GET /api/health 200 - 0ms
[2026-03-26T13:21:16.451Z] INFO: GET /api/health 200 - 1ms
[2026-03-26T13:21:16.452Z] INFO: GET /api/health 200 - 0ms
[2026-03-26T13:21:16.454Z] INFO: GET /api/health 200 - 1ms
[2026-03-26T13:21:16.456Z] INFO: GET /api/health 200 - 1ms
[2026-03-26T13:21:16.462Z] INFO: GET /api/health 200 - 1ms
[2026-03-26T13:21:16.463Z] INFO: GET /api/health 200 - 0ms
[2026-03-26T13:21:16.465Z] INFO: GET /api/health 200 - 0ms
[2026-03-26T13:21:16.466Z] INFO: GET /api/health 200 - 1ms
[2026-03-26T13:21:16.467Z] INFO: GET /api/health 200 - 0ms
[2026-03-26T13:21:16.469Z] INFO: GET /api/health 200 - 0ms
[2026-03-26T13:21:16.470Z] INFO: GET /api/health 200 - 0ms
[2026-03-26T13:21:16.472Z] INFO: GET /api/health 200 - 1ms
[2026-03-26T13:21:16.473Z] INFO: GET /api/health 200 - 0ms
[2026-03-26T13:21:16.474Z] INFO: GET /api/health 200 - 0ms
[2026-03-26T13:21:16.476Z] INFO: GET /api/health 200 - 1ms
[2026-03-26T13:21:16.477Z] INFO: GET /api/health 200 - 1ms
[2026-03-26T13:21:16.478Z] INFO: GET /api/health 200 - 0ms
[2026-03-26T13:21:16.479Z] INFO: GET /api/health 200 - 0ms
[2026-03-26T13:21:16.480Z] INFO: GET /api/health 200 - 0ms
[2026-03-26T13:21:16.482Z] INFO: GET /api/health 200 - 1ms
[2026-03-26T13:21:16.483Z] INFO: GET /api/health 200 - 0ms
[2026-03-26T13:21:16.484Z] INFO: GET /api/health 200 - 0ms
[2026-03-26T13:21:16.486Z] INFO: GET /api/health 200 - 0ms
[2026-03-26T13:21:16.487Z] WARN: GET /api/health 429 - 0ms
[2026-03-26T13:21:16.490Z] WARN: GET /api/health 429 - 1ms
[2026-03-26T13:21:16.492Z] WARN: GET /api/health 429 - 1ms
[2026-03-26T13:21:16.493Z] WARN: GET /api/health 429 - 0ms
[2026-03-26T13:21:16.495Z] WARN: GET /api/health 429 - 0ms
[2026-03-26T13:21:16.497Z] WARN: GET /api/health 429 - 1ms
[2026-03-26T13:21:16.499Z] WARN: GET /api/health 429 - 1ms
[2026-03-26T13:21:16.500Z] WARN: GET /api/health 429 - 0ms
[2026-03-26T13:21:16.502Z] WARN: GET /api/health 429 - 1ms
[2026-03-26T13:21:16.503Z] WARN: GET /api/health 429 - 0ms
[2026-03-26T13:21:16.505Z] WARN: GET /api/health 429 - 0ms
[2026-03-26T13:21:16.507Z] WARN: GET /api/health 429 - 1ms
[2026-03-26T13:21:16.508Z] WARN: GET /api/health 429 - 0ms
[2026-03-26T13:21:16.510Z] WARN: GET /api/health 429 - 1ms
[2026-03-26T13:21:16.511Z] WARN: GET /api/health 429 - 0ms
[2026-03-26T13:21:16.513Z] WARN: GET /api/health 429 - 1ms
[2026-03-26T13:21:16.514Z] WARN: GET /api/health 429 - 0ms
[2026-03-26T13:21:16.516Z] WARN: GET /api/health 429 - 1ms
[2026-03-26T13:21:16.518Z] WARN: GET /api/health 429 - 0ms
[2026-03-26T13:21:16.520Z] WARN: GET /api/health 429 - 0ms
[2026-03-26T13:21:16.522Z] WARN: GET /api/health 429 - 0ms
[2026-03-26T13:21:16.524Z] WARN: GET /api/health 429 - 0ms
[2026-03-26T13:21:16.526Z] WARN: GET /api/health 429 - 1ms
[2026-03-26T13:21:16.527Z] WARN: GET /api/health 429 - 0ms
[2026-03-26T13:21:16.530Z] WARN: GET /api/health 429 - 0ms
[2026-03-26T13:21:16.531Z] WARN: GET /api/health 429 - 0ms
[2026-03-26T13:21:16.533Z] WARN: GET /api/health 429 - 0ms
[2026-03-26T13:21:16.535Z] WARN: GET /api/health 429 - 0ms
[2026-03-26T13:21:16.537Z] WARN: GET /api/health 429 - 1ms
[2026-03-26T13:21:16.538Z] WARN: GET /api/health 429 - 0ms
[2026-03-26T13:21:16.540Z] WARN: GET /api/health 429 - 0ms
[2026-03-26T13:21:16.542Z] WARN: GET /api/health 429 - 0ms
[2026-03-26T13:21:16.544Z] WARN: GET /api/health 429 - 0ms
[2026-03-26T13:21:16.546Z] WARN: GET /api/health 429 - 0ms
[2026-03-26T13:21:16.548Z] WARN: GET /api/health 429 - 0ms
[2026-03-26T13:21:16.549Z] WARN: GET /api/health 429 - 0ms
[2026-03-26T13:21:16.551Z] WARN: GET /api/health 429 - 0ms
[2026-03-26T13:21:16.553Z] WARN: GET /api/health 429 - 1ms
[2026-03-26T13:21:16.554Z] WARN: GET /api/health 429 - 0ms
[2026-03-26T13:21:16.556Z] WARN: GET /api/health 429 - 1ms
[2026-03-26T13:21:16.557Z] WARN: GET /api/health 429 - 0ms
[2026-03-26T13:21:16.559Z] WARN: GET /api/health 429 - 0ms
[2026-03-26T13:21:16.561Z] WARN: GET /api/health 429 - 1ms
[2026-03-26T13:21:16.563Z] WARN: GET /api/health 429 - 0ms
[2026-03-26T13:21:16.564Z] WARN: GET /api/health 429 - 0ms
[2026-03-26T13:21:16.566Z] WARN: GET /api/health 429 - 0ms
[2026-03-26T13:21:16.568Z] WARN: GET /api/health 429 - 0ms
[2026-03-26T13:21:16.569Z] WARN: GET /api/health 429 - 0ms
[2026-03-26T13:21:16.571Z] WARN: GET /api/health 429 - 0ms
[2026-03-26T13:21:16.572Z] WARN: GET /api/health 429 - 0ms
[2026-03-26T13:21:16.574Z] WARN: GET /api/health 429 - 1ms
[2026-03-26T13:21:16.575Z] WARN: GET /api/health 429 - 0ms
[2026-03-26T13:21:16.577Z] WARN: GET /api/health 429 - 1ms
[2026-03-26T13:21:16.578Z] WARN: GET /api/health 429 - 0ms
[2026-03-26T13:21:16.580Z] WARN: GET /api/health 429 - 1ms
[2026-03-26T13:21:16.581Z] WARN: GET /api/health 429 - 0ms
[2026-03-26T13:21:16.583Z] WARN: GET /api/health 429 - 0ms
[2026-03-26T13:21:16.584Z] WARN: GET /api/health 429 - 0ms
[2026-03-26T13:21:16.586Z] WARN: GET /api/health 429 - 1ms
[2026-03-26T13:21:16.587Z] WARN: GET /api/health 429 - 0ms
[2026-03-26T13:21:16.588Z] WARN: GET /api/health 429 - 0ms
[2026-03-26T13:21:16.590Z] WARN: GET /api/health 429 - 0ms
[2026-03-26T13:39:45.292Z] DEBUG: 📥 POST /api/auth/login [object Object]
[2026-03-26T13:39:45.295Z] DEBUG: 📝 SQL: SELECT * FROM users WHERE email = $1...
[2026-03-26T13:39:45.333Z] INFO: ✅ Database connected
[2026-03-26T13:39:45.410Z] DEBUG: 📝 SQL: INSERT INTO refresh_tokens (user_id, token, expires_at)
       VALUES ($1, $2, NOW() + INTERVAL '7 days')...
[2026-03-26T13:39:45.417Z] INFO: POST /api/auth/login 200 - 124ms
[2026-03-26T13:39:45.597Z] DEBUG: 📥 POST /api/verifications/pan [object Object]
[2026-03-26T13:39:45.598Z] DEBUG: 🔒 Tenant isolation: 57cab5a9-3c1f-428e-9b80-34d3ca27ad3b
[2026-03-26T13:39:45.599Z] DEBUG: 📝 SQL: 
      INSERT INTO verification_requests
      (document_type, document_number, full_name, dob, client_id, api_status)
      VALUES ($1,$2,$3,$4,$5::uuid,'pending')
      RETURNING *
    ...
[2026-03-26T13:39:45.605Z] INFO: POST /api/verifications/pan 201 - 8ms
[2026-03-26T13:39:45.714Z] DEBUG: 📥 POST /api/verifications/aadhaar [object Object]
[2026-03-26T13:39:45.715Z] DEBUG: 🔒 Tenant isolation: 57cab5a9-3c1f-428e-9b80-34d3ca27ad3b
[2026-03-26T13:39:45.715Z] DEBUG: 📝 SQL: 
      INSERT INTO verification_requests
      (document_type, document_number, full_name, client_id, api_status)
      VALUES ($1,$2,$3,$4::uuid,'pending')
      RETURNING *
    ...
[2026-03-26T13:39:45.718Z] INFO: POST /api/verifications/aadhaar 201 - 3ms
[2026-03-26T13:39:45.811Z] DEBUG: 📥 POST /api/verifications/gstin [object Object]
[2026-03-26T13:39:45.812Z] DEBUG: 🔒 Tenant isolation: 57cab5a9-3c1f-428e-9b80-34d3ca27ad3b
[2026-03-26T13:39:45.813Z] DEBUG: 📝 SQL: 
      INSERT INTO verification_requests
      (document_type, document_number, business_name, client_id, api_status)
      VALUES ($1,$2,$3,$4::uuid,'pending')
      RETURNING *
    ...
[2026-03-26T13:39:45.815Z] INFO: POST /api/verifications/gstin 201 - 4ms
[2026-03-26T13:39:45.889Z] DEBUG: 📥 POST /api/verifications/retry/cc35880e-6250-4c58-814e-81acf4da3498 [object Object]
[2026-03-26T13:39:45.890Z] DEBUG: 🔒 Tenant isolation: 57cab5a9-3c1f-428e-9b80-34d3ca27ad3b
[2026-03-26T13:39:45.891Z] DEBUG: 📝 SQL: SELECT * FROM verification_requests WHERE id = $1...
[2026-03-26T13:39:45.893Z] DEBUG: 📝 SQL: UPDATE verification_requests
       SET retry_count = retry_count + 1,
           last_retry_at = NOW(),
           status = 'retrying'
       WHERE id = $1
       RETURNING *...
[2026-03-26T13:39:45.895Z] DEBUG: 📝 SQL: INSERT INTO verification_retry_history
       (verification_id, retry_number, retry_status, retry_reason)
       VALUES ($1,$2,$3,$4)...
[2026-03-26T13:39:45.897Z] INFO: POST /api/verifications/retry/cc35880e-6250-4c58-814e-81acf4da3498 200 - 8ms
[2026-03-26T13:39:45.986Z] DEBUG: 📥 POST /api/auth/logout [object Object]
[2026-03-26T13:39:45.987Z] DEBUG: 📝 SQL: DELETE FROM refresh_tokens WHERE token = $1...
[2026-03-26T13:39:45.989Z] INFO: POST /api/auth/logout 200 - 3ms
[2026-03-26T13:39:46.092Z] DEBUG: 📥 POST /api/auth/refresh [object Object]
[2026-03-26T13:39:46.093Z] DEBUG: 📝 SQL: SELECT * FROM refresh_tokens WHERE token = $1...
[2026-03-26T13:39:46.094Z] WARN: POST /api/auth/refresh 403 - 2ms
