[2026-02-22T10:33:35.461Z] INFO: 🚀 Server running on http://localhost:5001
[2026-02-22T10:33:35.461Z] INFO: 📦 Environment: development
[2026-02-22T10:33:35.462Z] INFO: 📝 API: http://localhost:5001/api
[2026-02-22T10:33:35.462Z] INFO: 💾 Database: bgv_platform
[2026-02-22T10:34:07.451Z] DEBUG: 📥 GET / [object Object]
[2026-02-22T10:34:07.462Z] INFO: GET / 200 - 8ms
[2026-02-22T10:34:07.794Z] DEBUG: 📥 GET /favicon.ico [object Object]
[2026-02-22T10:34:07.795Z] ERROR: 404 - Not Found - /favicon.ico
[2026-02-22T10:34:07.804Z] WARN: GET /favicon.ico 404 - 10ms
[2026-02-22T10:35:13.580Z] INFO: 🚀 Server running on http://localhost:5001
[2026-02-22T10:35:13.581Z] INFO: 📦 Environment: development
[2026-02-22T10:35:13.582Z] INFO: 📝 API: http://localhost:5001/api
[2026-02-22T10:35:13.582Z] INFO: 💾 Database: bgv_platform
[2026-02-22T10:35:17.873Z] DEBUG: 📥 GET / [object Object]
[2026-02-22T10:35:17.881Z] INFO: GET / 200 - 7ms
[2026-02-22T10:35:20.687Z] DEBUG: 📥 GET / [object Object]
[2026-02-22T10:35:20.691Z] INFO: GET / 200 - 2ms
[2026-02-22T10:35:21.485Z] DEBUG: 📥 GET / [object Object]
[2026-02-22T10:35:21.490Z] INFO: GET / 200 - 4ms
[2026-02-22T10:35:22.301Z] DEBUG: 📥 GET / [object Object]
[2026-02-22T10:35:22.304Z] INFO: GET / 200 - 1ms
[2026-02-22T10:36:26.964Z] DEBUG: 📥 POST /api/bulk-upload/files [object Object]
[2026-02-22T10:36:26.991Z] INFO: 📦 Batch created: fdee461e-7611-4e59-9baf-6ab9c432c68e
[2026-02-22T10:36:26.994Z] WARN: POST /api/bulk-upload/files 400 - 30ms
[2026-02-22T10:36:31.437Z] DEBUG: 📥 POST /api/bulk-upload/files [object Object]
[2026-02-22T10:36:31.441Z] INFO: 📦 Batch created: 50190a95-617f-49e5-b675-db6f995ae1ed
[2026-02-22T10:36:31.442Z] WARN: POST /api/bulk-upload/files 400 - 5ms
[2026-02-22T10:38:48.470Z] INFO: 🚀 Server running on http://localhost:5001
[2026-02-22T10:38:48.471Z] INFO: 📦 Environment: development
[2026-02-22T10:38:48.471Z] INFO: 📝 API: http://localhost:5001/api
[2026-02-22T10:38:48.471Z] INFO: 💾 Database: bgv_platform
[2026-02-22T10:39:08.096Z] DEBUG: 📥 POST /api/bulk-upload/files [object Object]
[2026-02-22T10:39:08.117Z] INFO: 📦 Batch created: d51b9255-92fc-4902-b6e7-d1ab1dd00dc9
[2026-02-22T10:39:08.121Z] INFO: 📦 Batch d51b9255-92fc-4902-b6e7-d1ab1dd00dc9: 1 files received
[2026-02-22T10:39:08.123Z] INFO: POST /api/bulk-upload/files 202 - 27ms
[2026-02-22T10:39:08.131Z] INFO: ✅ File 1/1 processed: test.txt
[2026-02-22T10:39:08.132Z] INFO: ✅ Batch d51b9255-92fc-4902-b6e7-d1ab1dd00dc9: 1/1 successful
[2026-02-22T10:39:12.706Z] DEBUG: 📥 GET / [object Object]
[2026-02-22T10:39:12.710Z] INFO: GET / 200 - 3ms
[2026-02-22T10:52:24.634Z] DEBUG: 📥 POST /api/bulk-upload/files [object Object]
[2026-02-22T10:52:24.644Z] INFO: 📦 Batch created: fb933cac-cd4f-499d-8dc2-5009155b1ca1
[2026-02-22T10:52:24.646Z] INFO: 📦 Batch fb933cac-cd4f-499d-8dc2-5009155b1ca1: 3 files received
[2026-02-22T10:52:24.646Z] INFO: POST /api/bulk-upload/files 202 - 12ms
[2026-02-22T10:52:24.651Z] INFO: ✅ File 1/3 processed: john-pan.txt
[2026-02-22T10:52:24.652Z] INFO: ✅ File 2/3 processed: jane-pan.txt
[2026-02-22T10:52:24.653Z] INFO: ✅ File 3/3 processed: john-aadhaar.txt
[2026-02-22T10:52:24.654Z] INFO: ✅ Batch fb933cac-cd4f-499d-8dc2-5009155b1ca1: 3/3 successful
[2026-02-22T10:52:30.554Z] DEBUG: 📥 GET / [object Object]
[2026-02-22T10:52:30.558Z] INFO: GET / 200 - 1ms
[2026-02-22T10:52:40.745Z] DEBUG: 📥 GET / [object Object]
[2026-02-22T10:52:40.747Z] INFO: GET / 200 - 1ms
[2026-02-22T10:52:42.363Z] DEBUG: 📥 GET / [object Object]
[2026-02-22T10:52:42.365Z] INFO: GET / 200 - 2ms
[2026-02-22T10:53:28.873Z] DEBUG: 📥 GET /api/bulk-upload/batches/d51b9255-92fc-4902-b6e7-d1ab1dd00dc9 [object Object]
[2026-02-22T10:53:28.890Z] INFO: GET /api/bulk-upload/batches/d51b9255-92fc-4902-b6e7-d1ab1dd00dc9 200 - 16ms
[2026-02-22T10:53:37.975Z] DEBUG: 📥 GET / [object Object]
[2026-02-22T10:53:37.977Z] INFO: GET / 200 - 2ms
[2026-02-22T10:55:13.522Z] DEBUG: 📥 GET /api/bulk-upload/batches [object Object]
[2026-02-22T10:55:13.548Z] INFO: GET /api/bulk-upload/batches 200 - 25ms
