[2026-02-22T10:34:07.795Z] 404 - Not Found - /favicon.ico
[2026-03-02T07:39:52.737Z] ❌ Get batch status error: error: column "metadata" does not exist
[2026-03-02T07:39:52.738Z] GET /api/bulk-upload/batches/a9e14835-69ba-4526-86cb-c2eeb06117fb 500 - 23ms
[2026-03-02T07:40:00.484Z] ❌ Get batch results error: error: column "metadata" does not exist
[2026-03-02T07:40:00.485Z] GET /api/bulk-upload/batches/a9e14835-69ba-4526-86cb-c2eeb06117fb/results 500 - 13ms
[2026-03-02T07:40:16.959Z] ❌ Get batch results error: error: column "metadata" does not exist
[2026-03-02T07:40:16.959Z] GET /api/bulk-upload/batches/a9e14835-69ba-4526-86cb-c2eeb06117fb/results 500 - 11ms
[2026-03-02T07:41:22.234Z] ❌ Get batch results error: error: invalid input syntax for type uuid: "YOUR_NEW_BATCH_ID"
[2026-03-02T07:41:22.235Z] GET /api/bulk-upload/batches/YOUR_NEW_BATCH_ID/results 500 - 3ms
[2026-03-02T07:46:30.864Z] 404 - Not Found - /favicon.ico
[2026-03-02T07:47:03.117Z] 404 - Not Found - /api/users
[2026-03-02T07:49:09.077Z] ❌ Get batch status error: error: invalid input syntax for type uuid: "YOUR_BATCH_ID"
[2026-03-02T07:49:09.082Z] GET /api/bulk-upload/batches/YOUR_BATCH_ID 500 - 61ms
[2026-03-03T07:09:06.969Z] ❌ Accept consent error: error: column "user_id" does not exist
[2026-03-03T07:09:06.970Z] POST /api/consent/accept 500 - 24ms
[2026-03-03T07:10:22.155Z] ❌ Accept consent error: error: null value in column "subject_name" of relation "consent_records" violates not-null constraint
[2026-03-03T07:10:22.156Z] POST /api/consent/accept 500 - 17ms
[2026-03-03T07:13:12.779Z] ❌ Accept consent error: error: null value in column "subject_name" of relation "consent_records" violates not-null constraint
[2026-03-03T07:13:12.780Z] POST /api/consent/accept 500 - 14ms
[2026-03-03T07:23:15.026Z] ❌ Accept consent error: error: null value in column "subject_name" of relation "consent_records" violates not-null constraint
[2026-03-03T07:23:15.027Z] POST /api/consent/accept 500 - 14ms
[2026-03-03T07:24:05.455Z] ❌ Accept consent error: error: null value in column "subject_name" of relation "consent_records" violates not-null constraint
[2026-03-03T07:24:05.457Z] POST /api/consent/accept 500 - 24ms
[2026-03-03T07:25:07.809Z] 💥 Uncaught Exception: Error: listen EADDRINUSE: address already in use :::5001
[2026-03-03T07:25:52.245Z] ❌ Accept consent error: error: null value in column "subject_name" of relation "consent_records" violates not-null constraint
[2026-03-03T07:25:52.247Z] POST /api/consent/accept 500 - 21ms
[2026-03-03T07:28:20.893Z] ❌ Accept consent error: error: null value in column "subject_name" of relation "consent_records" violates not-null constraint
[2026-03-03T07:28:20.895Z] POST /api/consent/accept 500 - 23ms
[2026-03-03T07:34:02.172Z] ❌ Accept consent error: error: null value in column "subject_name" of relation "consent_records" violates not-null constraint
[2026-03-03T07:34:02.174Z] POST /api/consent/accept 500 - 24ms
[2026-03-03T07:49:40.142Z] 💥 Uncaught Exception: Error: listen EADDRINUSE: address already in use :::5001
[2026-03-03T07:50:22.988Z] ❌ Accept consent error: error: null value in column "subject_name" of relation "consent_records" violates not-null constraint
[2026-03-03T07:50:22.990Z] POST /api/consent/accept 500 - 23ms
[2026-03-03T07:51:50.582Z] ❌ Accept consent error: error: null value in column "subject_name" of relation "consent_records" violates not-null constraint
[2026-03-03T07:51:50.585Z] POST /api/consent/accept 500 - 38ms
[2026-03-03T07:54:02.943Z] 💥 Uncaught Exception: Error: listen EADDRINUSE: address already in use :::5001
[2026-03-03T07:54:23.705Z] ❌ Accept consent error: error: null value in column "subject_name" of relation "consent_records" violates not-null constraint
[2026-03-03T07:54:23.708Z] POST /api/consent/accept 500 - 29ms
[2026-03-05T09:09:51.320Z] ❌ Query error: syntax error at or near "WHERE"
[2026-03-28T06:54:04.893Z] ❌ PAN verification failed: [object Object]
[2026-03-28T06:54:49.161Z] ❌ Aadhaar verification failed: [object Object]
[2026-03-28T06:56:16.796Z] ❌ Aadhaar verification failed: [object Object]
[2026-03-28T06:58:04.589Z] ❌ PAN verification failed: [object Object]
[2026-03-28T06:58:25.341Z] ❌ PAN verification failed: [object Object]
[2026-03-28T07:02:31.676Z] ❌ PAN verification failed: Timeout waiting for task completion
[2026-03-28T07:04:38.881Z] ❌ PAN verification failed: Timeout waiting for task completion
[2026-03-28T08:50:00.981Z] 400 - Expected double-quoted property name in JSON at position 57
[2026-03-30T13:11:08.463Z] ❌ Get retry stats error: ReferenceError: db is not defined
[2026-03-30T13:11:08.465Z] GET /api/retry/stats 500 - 3ms
[2026-03-30T13:11:08.467Z] ❌ Get retry stats error: ReferenceError: db is not defined
[2026-03-30T13:11:08.468Z] GET /api/retry/stats 500 - 0ms
[2026-03-30T13:11:08.702Z] ❌ Query error: relation "bulk_upload_batches" does not exist
[2026-03-30T13:11:08.703Z] ❌ Get batches error: error: relation "bulk_upload_batches" does not exist
[2026-03-30T13:11:08.705Z] GET /api/bulk-upload/batches 500 - 250ms
[2026-03-30T13:11:08.726Z] ❌ Query error: relation "bulk_upload_batches" does not exist
[2026-03-30T13:11:08.728Z] ❌ Get batches error: error: relation "bulk_upload_batches" does not exist
[2026-03-30T13:11:08.731Z] GET /api/bulk-upload/batches 500 - 21ms
[2026-03-30T13:11:55.206Z] ❌ Query error: relation "consent_records" does not exist
[2026-03-30T13:11:55.207Z] ❌ Accept consent error: error: relation "consent_records" does not exist
[2026-03-30T13:11:55.207Z] POST /api/consent/accept 500 - 11ms
[2026-03-30T13:11:56.448Z] ❌ Query error: relation "consent_records" does not exist
[2026-03-30T13:11:56.450Z] ❌ Accept consent error: error: relation "consent_records" does not exist
[2026-03-30T13:11:56.452Z] POST /api/consent/accept 500 - 18ms
[2026-03-30T13:11:58.962Z] ❌ Query error: relation "consent_records" does not exist
[2026-03-30T13:11:58.964Z] ❌ Accept consent error: error: relation "consent_records" does not exist
[2026-03-30T13:11:58.966Z] POST /api/consent/accept 500 - 19ms
[2026-03-30T13:15:35.185Z] ❌ Get retry stats error: ReferenceError: db is not defined
[2026-03-30T13:15:35.187Z] GET /api/retry/stats 500 - 4ms
[2026-03-30T13:15:35.192Z] ❌ Get retry stats error: ReferenceError: db is not defined
[2026-03-30T13:15:35.194Z] GET /api/retry/stats 500 - 4ms
[2026-03-30T13:15:40.935Z] ❌ Query error: invalid input syntax for type uuid: "terms"
[2026-03-30T13:15:40.937Z] ❌ Accept consent error: error: invalid input syntax for type uuid: "terms"
[2026-03-30T13:15:40.938Z] POST /api/consent/accept 500 - 15ms
[2026-03-30T13:15:41.594Z] ❌ Query error: invalid input syntax for type uuid: "terms"
[2026-03-30T13:15:41.597Z] ❌ Accept consent error: error: invalid input syntax for type uuid: "terms"
[2026-03-30T13:15:41.603Z] POST /api/consent/accept 500 - 35ms
[2026-03-30T13:15:42.159Z] ❌ Query error: invalid input syntax for type uuid: "terms"
[2026-03-30T13:15:42.162Z] ❌ Accept consent error: error: invalid input syntax for type uuid: "terms"
[2026-03-30T13:15:42.166Z] POST /api/consent/accept 500 - 33ms
[2026-03-30T13:15:44.207Z] ❌ Get retry stats error: ReferenceError: db is not defined
[2026-03-30T13:15:44.210Z] GET /api/retry/stats 500 - 4ms
[2026-03-30T13:15:44.218Z] ❌ Get retry stats error: ReferenceError: db is not defined
[2026-03-30T13:15:44.220Z] GET /api/retry/stats 500 - 2ms
[2026-03-30T13:16:00.925Z] ❌ Get retry stats error: ReferenceError: db is not defined
[2026-03-30T13:16:00.927Z] GET /api/retry/stats 500 - 2ms
[2026-03-30T13:16:00.932Z] ❌ Get retry stats error: ReferenceError: db is not defined
[2026-03-30T13:16:00.933Z] GET /api/retry/stats 500 - 2ms
[2026-03-30T13:16:52.435Z] ❌ Get retry stats error: ReferenceError: db is not defined
[2026-03-30T13:16:52.436Z] GET /api/retry/stats 500 - 1ms
[2026-03-30T13:16:52.437Z] ❌ Get retry stats error: ReferenceError: db is not defined
[2026-03-30T13:16:52.438Z] GET /api/retry/stats 500 - 0ms
[2026-03-30T13:17:06.769Z] ❌ Query error: invalid input syntax for type uuid: "terms"
[2026-03-30T13:17:06.771Z] ❌ Accept consent error: error: invalid input syntax for type uuid: "terms"
[2026-03-30T13:17:06.772Z] POST /api/consent/accept 500 - 22ms
[2026-03-30T13:18:34.994Z] ❌ Query error: invalid input syntax for type uuid: "terms"
[2026-03-30T13:18:34.998Z] ❌ Accept consent error: error: invalid input syntax for type uuid: "terms"
[2026-03-30T13:18:35.001Z] POST /api/consent/accept 500 - 33ms
[2026-03-30T13:19:41.871Z] ❌ Query error: invalid input syntax for type uuid: "terms"
[2026-03-30T13:19:41.874Z] ❌ Accept consent error: error: invalid input syntax for type uuid: "terms"
[2026-03-30T13:19:41.875Z] POST /api/consent/accept 500 - 22ms
